#
# There is insufficient memory for the Java Runtime Environment to continue.
# Native memory allocation (malloc) failed to allocate 1079136 bytes. Error detail: Chunk::new
# Possible reasons:
#   The system is out of physical RAM or swap space
#   This process is running with CompressedOops enabled, and the Java Heap may be blocking the growth of the native heap
# Possible solutions:
#   Reduce memory load on the system
#   Increase physical memory or swap space
#   Check if swap backing store is full
#   Decrease Java heap size (-Xmx/-Xms)
#   Decrease number of Java threads
#   Decrease Java thread stack sizes (-Xss)
#   Set larger code cache with -XX:ReservedCodeCacheSize=
#   JVM is running with Zero Based Compressed Oops mode in which the Java heap is
#     placed in the first 32GB address space. The Java Heap base address is the
#     maximum limit for the native heap growth. Please use -XX:HeapBaseMinAddress
#     to set the Java Heap base and to place the Java Heap above 32GB virtual address.
# This output file may be truncated or incomplete.
#
#  Out of Memory Error (arena.cpp:168), pid=11076, tid=4984
#
# JRE version: OpenJDK Runtime Environment JBR-21.0.4+13-509.26-jcef (21.0.4+13) (build 21.0.4+13-b509.26)
# Java VM: OpenJDK 64-Bit Server VM JBR-21.0.4+13-509.26-jcef (21.0.4+13-b509.26, mixed mode, tiered, compressed oops, compressed class ptrs, g1 gc, windows-amd64)
# No core dump will be written. Minidumps are not enabled by default on client versions of Windows
#

---------------  S U M M A R Y ------------

Command Line: -XX:MaxPermSize=1024m -XX:+HeapDumpOnOutOfMemoryError --add-opens=java.base/java.util=ALL-UNNAMED --add-opens=java.base/java.lang=ALL-UNNAMED --add-opens=java.base/java.lang.invoke=ALL-UNNAMED --add-opens=java.prefs/java.util.prefs=ALL-UNNAMED --add-opens=java.base/java.nio.charset=ALL-UNNAMED --add-opens=java.base/java.net=ALL-UNNAMED --add-opens=java.base/java.util.concurrent.atomic=ALL-UNNAMED -Xmx4096m -Dfile.encoding=UTF-8 -Duser.country=RU -Duser.language=ru -Duser.variant -javaagent:C:\Users\ROMA_W\Downloads\gradle-8.12-bin\wrapper\dists\gradle-8.7-bin\bhs2wmbdwecv87pi65oeuq5iu\gradle-8.7\lib\agents\gradle-instrumentation-agent-8.7.jar org.gradle.launcher.daemon.bootstrap.GradleDaemon 8.7

Host: 12th Gen Intel(R) Core(TM) i7-12650H, 4 cores, 5G,  Windows 10 , 64 bit Build 19041 (10.0.19041.5072)
Time: Fri Jan 17 13:18:46 2025 RTZ 2 (s 10 , 64 bit Build 19041 (10.0.19041.5072) elapsed time: 3.960695 seconds (0d 0h 0m 3s)

---------------  T H R E A D  ---------------

Current thread (0x000001b3371404d0):  JavaThread "C2 CompilerThread1" daemon [_thread_in_native, id=4984, stack(0x0000002530700000,0x0000002530800000) (1024K)]


Current CompileTask:
C2:   3960 4829       4       java.lang.invoke.MethodType::makeImpl (109 bytes)

Stack: [0x0000002530700000,0x0000002530800000]
Native frames: (J=compiled Java code, j=interpreted, Vv=VM code, C=native code)
V  [jvm.dll+0x6e3739]
V  [jvm.dll+0x8c0c33]
V  [jvm.dll+0x8c318e]
V  [jvm.dll+0x8c3873]
V  [jvm.dll+0x288256]
V  [jvm.dll+0xc613d]
V  [jvm.dll+0xc6673]
V  [jvm.dll+0x2fda81]
V  [jvm.dll+0x60ad29]
V  [jvm.dll+0x258b52]
V  [jvm.dll+0x2515ca]
V  [jvm.dll+0x24f03e]
V  [jvm.dll+0x1cd074]
V  [jvm.dll+0x25e88c]
V  [jvm.dll+0x25cdd6]
V  [jvm.dll+0x3fe076]
V  [jvm.dll+0x8688c8]
V  [jvm.dll+0x6e1f3d]
C  [ucrtbase.dll+0x21bb2]
C  [KERNEL32.DLL+0x17374]
C  [ntdll.dll+0x4cc91]


---------------  P R O C E S S  ---------------

Threads class SMR info:
_java_thread_list=0x000001b33c78b540, length=38, elements={
0x000001b317f006d0, 0x000001b3325e4050, 0x000001b3325e6c20, 0x000001b3325c3750,
0x000001b3325c41b0, 0x000001b3325ccfc0, 0x000001b3325d01d0, 0x000001b3325d0f60,
0x000001b3325ec490, 0x000001b33229c150, 0x000001b3328eea20, 0x000001b3371404d0,
0x000001b338b9cfc0, 0x000001b338b9d650, 0x000001b338b9dce0, 0x000001b338b9aef0,
0x000001b338b9b580, 0x000001b338b9bc10, 0x000001b338b9c2a0, 0x000001b338b9c930,
0x000001b338d1a000, 0x000001b338d1d480, 0x000001b338d1a690, 0x000001b338d17f30,
0x000001b338d1ba40, 0x000001b338d1c760, 0x000001b338d19970, 0x000001b338d18c50,
0x000001b338d1c0d0, 0x000001b338d17210, 0x000001b338d185c0, 0x000001b338d1cdf0,
0x000001b338d192e0, 0x000001b338d1db10, 0x000001b338d178a0, 0x000001b338d1ad20,
0x000001b3391af320, 0x000001b3391b2110
}

Java Threads: ( => current thread )
  0x000001b317f006d0 JavaThread "main"                              [_thread_blocked, id=8688, stack(0x000000252f200000,0x000000252f300000) (1024K)]
  0x000001b3325e4050 JavaThread "Reference Handler"          daemon [_thread_blocked, id=5260, stack(0x000000252fa00000,0x000000252fb00000) (1024K)]
  0x000001b3325e6c20 JavaThread "Finalizer"                  daemon [_thread_blocked, id=9720, stack(0x000000252fb00000,0x000000252fc00000) (1024K)]
  0x000001b3325c3750 JavaThread "Signal Dispatcher"          daemon [_thread_blocked, id=2688, stack(0x000000252fc00000,0x000000252fd00000) (1024K)]
  0x000001b3325c41b0 JavaThread "Attach Listener"            daemon [_thread_blocked, id=4396, stack(0x000000252fd00000,0x000000252fe00000) (1024K)]
  0x000001b3325ccfc0 JavaThread "Service Thread"             daemon [_thread_blocked, id=7076, stack(0x000000252fe00000,0x000000252ff00000) (1024K)]
  0x000001b3325d01d0 JavaThread "Monitor Deflation Thread"   daemon [_thread_blocked, id=9092, stack(0x000000252ff00000,0x0000002530000000) (1024K)]
  0x000001b3325d0f60 JavaThread "C2 CompilerThread0"         daemon [_thread_in_native, id=4088, stack(0x0000002530000000,0x0000002530100000) (1024K)]
  0x000001b3325ec490 JavaThread "C1 CompilerThread0"         daemon [_thread_blocked, id=9552, stack(0x0000002530100000,0x0000002530200000) (1024K)]
  0x000001b33229c150 JavaThread "Common-Cleaner"             daemon [_thread_blocked, id=3516, stack(0x0000002530200000,0x0000002530300000) (1024K)]
  0x000001b3328eea20 JavaThread "Notification Thread"        daemon [_thread_blocked, id=3744, stack(0x0000002530300000,0x0000002530400000) (1024K)]
=>0x000001b3371404d0 JavaThread "C2 CompilerThread1"         daemon [_thread_in_native, id=4984, stack(0x0000002530700000,0x0000002530800000) (1024K)]
  0x000001b338b9cfc0 JavaThread "Daemon health stats"               [_thread_blocked, id=6604, stack(0x0000002530800000,0x0000002530900000) (1024K)]
  0x000001b338b9d650 JavaThread "Incoming local TCP Connector on port 52672"        [_thread_in_native, id=3112, stack(0x0000002530900000,0x0000002530a00000) (1024K)]
  0x000001b338b9dce0 JavaThread "Daemon periodic checks"            [_thread_blocked, id=4696, stack(0x0000002530a00000,0x0000002530b00000) (1024K)]
  0x000001b338b9aef0 JavaThread "Daemon"                            [_thread_blocked, id=3604, stack(0x0000002530b00000,0x0000002530c00000) (1024K)]
  0x000001b338b9b580 JavaThread "Handler for socket connection from /127.0.0.1:52672 to /127.0.0.1:52673"        [_thread_in_native, id=7160, stack(0x0000002530c00000,0x0000002530d00000) (1024K)]
  0x000001b338b9bc10 JavaThread "Cancel handler"                    [_thread_blocked, id=564, stack(0x0000002530d00000,0x0000002530e00000) (1024K)]
  0x000001b338b9c2a0 JavaThread "Daemon worker"                     [_thread_in_Java, id=2248, stack(0x0000002530e00000,0x0000002530f00000) (1024K)]
  0x000001b338b9c930 JavaThread "Asynchronous log dispatcher for DefaultDaemonConnection: socket connection from /127.0.0.1:52672 to /127.0.0.1:52673"        [_thread_blocked, id=10176, stack(0x0000002530f00000,0x0000002531000000) (1024K)]
  0x000001b338d1a000 JavaThread "Stdin handler"                     [_thread_blocked, id=7820, stack(0x0000002531000000,0x0000002531100000) (1024K)]
  0x000001b338d1d480 JavaThread "Daemon client event forwarder"        [_thread_blocked, id=6668, stack(0x0000002531100000,0x0000002531200000) (1024K)]
  0x000001b338d1a690 JavaThread "Cache worker for journal cache (C:\Users\ROMA_W\Downloads\gradle-8.12-bin\caches\journal-1)"        [_thread_blocked, id=1344, stack(0x0000002531200000,0x0000002531300000) (1024K)]
  0x000001b338d17f30 JavaThread "File lock request listener"        [_thread_in_native, id=6872, stack(0x0000002531300000,0x0000002531400000) (1024K)]
  0x000001b338d1ba40 JavaThread "Cache worker for file hash cache (C:\Users\ROMA_W\Downloads\gradle-8.12-bin\caches\8.7\fileHashes)"        [_thread_blocked, id=5488, stack(0x0000002531400000,0x0000002531500000) (1024K)]
  0x000001b338d1c760 JavaThread "Cache worker for file hash cache (C:\Users\ROMA_W\Desktop\Mobile\.gradle\8.7\fileHashes)"        [_thread_blocked, id=4196, stack(0x0000002531500000,0x0000002531600000) (1024K)]
  0x000001b338d19970 JavaThread "File watcher server"        daemon [_thread_in_native, id=8800, stack(0x0000002531600000,0x0000002531700000) (1024K)]
  0x000001b338d18c50 JavaThread "File watcher consumer"      daemon [_thread_blocked, id=1980, stack(0x0000002531700000,0x0000002531800000) (1024K)]
  0x000001b338d1c0d0 JavaThread "jar transforms"                    [_thread_blocked, id=7772, stack(0x0000002531800000,0x0000002531900000) (1024K)]
  0x000001b338d17210 JavaThread "jar transforms Thread 2"           [_thread_blocked, id=10848, stack(0x0000002531900000,0x0000002531a00000) (1024K)]
  0x000001b338d185c0 JavaThread "jar transforms Thread 3"           [_thread_blocked, id=1784, stack(0x0000002531a00000,0x0000002531b00000) (1024K)]
  0x000001b338d1cdf0 JavaThread "jar transforms Thread 4"           [_thread_blocked, id=476, stack(0x0000002531b00000,0x0000002531c00000) (1024K)]
  0x000001b338d192e0 JavaThread "Cache worker for checksums cache (C:\Users\ROMA_W\Desktop\Mobile\.gradle\8.7\checksums)"        [_thread_blocked, id=2552, stack(0x0000002531c00000,0x0000002531d00000) (1024K)]
  0x000001b338d1db10 JavaThread "Cache worker for cache directory md-supplier (C:\Users\ROMA_W\Downloads\gradle-8.12-bin\caches\8.7\md-supplier)"        [_thread_blocked, id=9892, stack(0x0000002531d00000,0x0000002531e00000) (1024K)]
  0x000001b338d178a0 JavaThread "Cache worker for cache directory md-rule (C:\Users\ROMA_W\Downloads\gradle-8.12-bin\caches\8.7\md-rule)"        [_thread_blocked, id=8520, stack(0x0000002531e00000,0x0000002531f00000) (1024K)]
  0x000001b338d1ad20 JavaThread "Cache worker for file content cache (C:\Users\ROMA_W\Downloads\gradle-8.12-bin\caches\8.7\fileContent)"        [_thread_blocked, id=1356, stack(0x0000002531f00000,0x0000002532000000) (1024K)]
  0x000001b3391af320 JavaThread "Unconstrained build operations"        [_thread_blocked, id=4960, stack(0x0000002532000000,0x0000002532100000) (1024K)]
  0x000001b3391b2110 JavaThread "Unconstrained build operations Thread 2"        [_thread_blocked, id=8832, stack(0x0000002532100000,0x0000002532200000) (1024K)]
Total: 38

Other Threads:
  0x000001b332321580 VMThread "VM Thread"                           [id=1748, stack(0x000000252f900000,0x000000252fa00000) (1024K)]
  0x000001b33229b660 WatcherThread "VM Periodic Task Thread"        [id=4700, stack(0x000000252f800000,0x000000252f900000) (1024K)]
  0x000001b317f673e0 WorkerThread "GC Thread#0"                     [id=4880, stack(0x000000252f300000,0x000000252f400000) (1024K)]
  0x000001b337140130 WorkerThread "GC Thread#1"                     [id=2592, stack(0x0000002530400000,0x0000002530500000) (1024K)]
  0x000001b33713d9e0 WorkerThread "GC Thread#2"                     [id=7280, stack(0x0000002530500000,0x0000002530600000) (1024K)]
  0x000001b3370dd470 WorkerThread "GC Thread#3"                     [id=10120, stack(0x0000002530600000,0x0000002530700000) (1024K)]
  0x000001b317f7a4a0 ConcurrentGCThread "G1 Main Marker"            [id=8912, stack(0x000000252f400000,0x000000252f500000) (1024K)]
  0x000001b317f7aeb0 WorkerThread "G1 Conc#0"                       [id=5064, stack(0x000000252f500000,0x000000252f600000) (1024K)]
  0x000001b3321700f0 ConcurrentGCThread "G1 Refine#0"               [id=7540, stack(0x000000252f600000,0x000000252f700000) (1024K)]
  0x000001b332170a70 ConcurrentGCThread "G1 Service"                [id=10116, stack(0x000000252f700000,0x000000252f800000) (1024K)]
Total: 10

Threads with active compile tasks:
C2 CompilerThread0     3975 4838       4       java.lang.invoke.MethodType::methodType (69 bytes)
C2 CompilerThread1     3976 4829       4       java.lang.invoke.MethodType::makeImpl (109 bytes)
Total: 2

VM state: not at safepoint (normal execution)

VM Mutex/Monitor currently owned by a thread: None

Heap address: 0x0000000700000000, size: 4096 MB, Compressed Oops mode: Zero based, Oop shift amount: 3

CDS archive(s) not mapped
Compressed class space mapped at: 0x0000000800000000-0x0000000840000000, reserved size: 1073741824
Narrow klass base: 0x0000000800000000, Narrow klass shift: 0, Narrow klass range: 0x40000000

GC Precious Log:
 CardTable entry size: 512
 Card Set container configuration: InlinePtr #cards 4 size 8 Array Of Cards #cards 16 size 48 Howl #buckets 8 coarsen threshold 3686 Howl Bitmap #cards 512 size 80 coarsen threshold 460 Card regions per heap region 1 cards per card region 4096
 CPUs: 4 total, 4 available
 Memory: 5171M
 Large Page Support: Disabled
 NUMA Support: Disabled
 Compressed Oops: Enabled (Zero based)
 Heap Region Size: 2M
 Heap Min Capacity: 8M
 Heap Initial Capacity: 82M
 Heap Max Capacity: 4G
 Pre-touch: Disabled
 Parallel Workers: 4
 Concurrent Workers: 1
 Concurrent Refinement Workers: 4
 Periodic GC: Disabled

Heap:
 garbage-first heap   total 104448K, used 62101K [0x0000000700000000, 0x0000000800000000)
  region size 2048K, 7 young (14336K), 1 survivors (2048K)
 Metaspace       used 55684K, committed 57088K, reserved 1114112K
  class space    used 7324K, committed 8064K, reserved 1048576K

Heap Regions: E=young(eden), S=young(survivor), O=old, HS=humongous(starts), HC=humongous(continues), CS=collection set, F=free, TAMS=top-at-mark-start, PB=parsable bottom
|   0|0x0000000700000000, 0x0000000700200000, 0x0000000700200000|100%|HS|  |TAMS 0x0000000700000000| PB 0x0000000700000000| Complete 
|   1|0x0000000700200000, 0x0000000700400000, 0x0000000700400000|100%|HC|  |TAMS 0x0000000700200000| PB 0x0000000700200000| Complete 
|   2|0x0000000700400000, 0x0000000700600000, 0x0000000700600000|100%| O|  |TAMS 0x0000000700400000| PB 0x0000000700400000| Untracked 
|   3|0x0000000700600000, 0x0000000700800000, 0x0000000700800000|100%| O|  |TAMS 0x0000000700600000| PB 0x0000000700600000| Untracked 
|   4|0x0000000700800000, 0x0000000700a00000, 0x0000000700a00000|100%| O|  |TAMS 0x0000000700800000| PB 0x0000000700800000| Untracked 
|   5|0x0000000700a00000, 0x0000000700c00000, 0x0000000700c00000|100%| O|  |TAMS 0x0000000700a00000| PB 0x0000000700a00000| Untracked 
|   6|0x0000000700c00000, 0x0000000700e00000, 0x0000000700e00000|100%| O|  |TAMS 0x0000000700c00000| PB 0x0000000700c00000| Untracked 
|   7|0x0000000700e00000, 0x0000000701000000, 0x0000000701000000|100%| O|  |TAMS 0x0000000700e00000| PB 0x0000000700e00000| Untracked 
|   8|0x0000000701000000, 0x0000000701200000, 0x0000000701200000|100%| O|  |TAMS 0x0000000701000000| PB 0x0000000701000000| Untracked 
|   9|0x0000000701200000, 0x0000000701400000, 0x0000000701400000|100%| O|  |TAMS 0x0000000701200000| PB 0x0000000701200000| Untracked 
|  10|0x0000000701400000, 0x0000000701600000, 0x0000000701600000|100%| O|Cm|TAMS 0x0000000701400000| PB 0x0000000701400000| Complete 
|  11|0x0000000701600000, 0x0000000701800000, 0x0000000701800000|100%|HS|  |TAMS 0x0000000701600000| PB 0x0000000701600000| Complete 
|  12|0x0000000701800000, 0x0000000701a00000, 0x0000000701a00000|100%|HC|  |TAMS 0x0000000701800000| PB 0x0000000701800000| Complete 
|  13|0x0000000701a00000, 0x0000000701c00000, 0x0000000701c00000|100%|HC|  |TAMS 0x0000000701a00000| PB 0x0000000701a00000| Complete 
|  14|0x0000000701c00000, 0x0000000701e00000, 0x0000000701e00000|100%|HS|  |TAMS 0x0000000701c00000| PB 0x0000000701c00000| Complete 
|  15|0x0000000701e00000, 0x0000000702000000, 0x0000000702000000|100%|HC|  |TAMS 0x0000000701e00000| PB 0x0000000701e00000| Complete 
|  16|0x0000000702000000, 0x0000000702200000, 0x0000000702200000|100%|HS|  |TAMS 0x0000000702000000| PB 0x0000000702000000| Complete 
|  17|0x0000000702200000, 0x0000000702400000, 0x0000000702400000|100%| O|  |TAMS 0x0000000702200000| PB 0x0000000702200000| Untracked 
|  18|0x0000000702400000, 0x0000000702600000, 0x0000000702600000|100%| O|  |TAMS 0x0000000702400000| PB 0x0000000702400000| Untracked 
|  19|0x0000000702600000, 0x0000000702800000, 0x0000000702800000|100%| O|  |TAMS 0x0000000702600000| PB 0x0000000702600000| Untracked 
|  20|0x0000000702800000, 0x0000000702a00000, 0x0000000702a00000|100%| O|  |TAMS 0x0000000702800000| PB 0x0000000702800000| Untracked 
|  21|0x0000000702a00000, 0x0000000702c00000, 0x0000000702c00000|100%| O|  |TAMS 0x0000000702a00000| PB 0x0000000702a00000| Untracked 
|  22|0x0000000702c00000, 0x0000000702d022c8, 0x0000000702e00000| 50%| O|  |TAMS 0x0000000702c00000| PB 0x0000000702c00000| Untracked 
|  23|0x0000000702e00000, 0x0000000702e00000, 0x0000000703000000|  0%| F|  |TAMS 0x0000000702e00000| PB 0x0000000702e00000| Untracked 
|  24|0x0000000703000000, 0x0000000703000000, 0x0000000703200000|  0%| F|  |TAMS 0x0000000703000000| PB 0x0000000703000000| Untracked 
|  25|0x0000000703200000, 0x0000000703400000, 0x0000000703400000|100%| O|  |TAMS 0x0000000703200000| PB 0x0000000703200000| Untracked 
|  26|0x0000000703400000, 0x0000000703600000, 0x0000000703600000|100%| O|  |TAMS 0x0000000703400000| PB 0x0000000703400000| Untracked 
|  27|0x0000000703600000, 0x00000007037a32e8, 0x0000000703800000| 81%| S|CS|TAMS 0x0000000703600000| PB 0x0000000703600000| Complete 
|  28|0x0000000703800000, 0x0000000703800000, 0x0000000703a00000|  0%| F|  |TAMS 0x0000000703800000| PB 0x0000000703800000| Untracked 
|  29|0x0000000703a00000, 0x0000000703a00000, 0x0000000703c00000|  0%| F|  |TAMS 0x0000000703a00000| PB 0x0000000703a00000| Untracked 
|  30|0x0000000703c00000, 0x0000000703c00000, 0x0000000703e00000|  0%| F|  |TAMS 0x0000000703c00000| PB 0x0000000703c00000| Untracked 
|  31|0x0000000703e00000, 0x0000000703e00000, 0x0000000704000000|  0%| F|  |TAMS 0x0000000703e00000| PB 0x0000000703e00000| Untracked 
|  32|0x0000000704000000, 0x0000000704000000, 0x0000000704200000|  0%| F|  |TAMS 0x0000000704000000| PB 0x0000000704000000| Untracked 
|  33|0x0000000704200000, 0x0000000704200000, 0x0000000704400000|  0%| F|  |TAMS 0x0000000704200000| PB 0x0000000704200000| Untracked 
|  34|0x0000000704400000, 0x0000000704400000, 0x0000000704600000|  0%| F|  |TAMS 0x0000000704400000| PB 0x0000000704400000| Untracked 
|  35|0x0000000704600000, 0x0000000704600000, 0x0000000704800000|  0%| F|  |TAMS 0x0000000704600000| PB 0x0000000704600000| Untracked 
|  36|0x0000000704800000, 0x0000000704800000, 0x0000000704a00000|  0%| F|  |TAMS 0x0000000704800000| PB 0x0000000704800000| Untracked 
|  37|0x0000000704a00000, 0x0000000704a00000, 0x0000000704c00000|  0%| F|  |TAMS 0x0000000704a00000| PB 0x0000000704a00000| Untracked 
|  38|0x0000000704c00000, 0x0000000704c00000, 0x0000000704e00000|  0%| F|  |TAMS 0x0000000704c00000| PB 0x0000000704c00000| Untracked 
|  39|0x0000000704e00000, 0x0000000704e00000, 0x0000000705000000|  0%| F|  |TAMS 0x0000000704e00000| PB 0x0000000704e00000| Untracked 
|  40|0x0000000705000000, 0x0000000705000000, 0x0000000705200000|  0%| F|  |TAMS 0x0000000705000000| PB 0x0000000705000000| Untracked 
|  41|0x0000000705200000, 0x0000000705200000, 0x0000000705400000|  0%| F|  |TAMS 0x0000000705200000| PB 0x0000000705200000| Untracked 
|  42|0x0000000705400000, 0x0000000705400000, 0x0000000705600000|  0%| F|  |TAMS 0x0000000705400000| PB 0x0000000705400000| Untracked 
|  43|0x0000000705600000, 0x0000000705600000, 0x0000000705800000|  0%| F|  |TAMS 0x0000000705600000| PB 0x0000000705600000| Untracked 
|  44|0x0000000705800000, 0x0000000705800000, 0x0000000705a00000|  0%| F|  |TAMS 0x0000000705800000| PB 0x0000000705800000| Untracked 
|  45|0x0000000705a00000, 0x0000000705b282f0, 0x0000000705c00000| 57%| E|  |TAMS 0x0000000705a00000| PB 0x0000000705a00000| Complete 
|  46|0x0000000705c00000, 0x0000000705e00000, 0x0000000705e00000|100%| E|CS|TAMS 0x0000000705c00000| PB 0x0000000705c00000| Complete 
|  47|0x0000000705e00000, 0x0000000706000000, 0x0000000706000000|100%| E|CS|TAMS 0x0000000705e00000| PB 0x0000000705e00000| Complete 
|  48|0x0000000706000000, 0x0000000706200000, 0x0000000706200000|100%| E|CS|TAMS 0x0000000706000000| PB 0x0000000706000000| Complete 
|  49|0x0000000706200000, 0x0000000706400000, 0x0000000706400000|100%| E|CS|TAMS 0x0000000706200000| PB 0x0000000706200000| Complete 
|  50|0x0000000706400000, 0x0000000706600000, 0x0000000706600000|100%| E|CS|TAMS 0x0000000706400000| PB 0x0000000706400000| Complete 

Card table byte_map: [0x000001b32b620000,0x000001b32be20000] _byte_map_base: 0x000001b327e20000

Marking Bits: (CMBitMap*) 0x000001b317f679f0
 Bits: [0x000001b32be20000, 0x000001b32fe20000)

Polling page: 0x000001b315d50000

Metaspace:

Usage:
  Non-class:     47.23 MB used.
      Class:      7.15 MB used.
       Both:     54.38 MB used.

Virtual space:
  Non-class space:       64.00 MB reserved,      47.88 MB ( 75%) committed,  1 nodes.
      Class space:        1.00 GB reserved,       7.88 MB ( <1%) committed,  1 nodes.
             Both:        1.06 GB reserved,      55.75 MB (  5%) committed. 

Chunk freelists:
   Non-Class:  15.52 MB
       Class:  8.18 MB
        Both:  23.70 MB

MaxMetaspaceSize: unlimited
CompressedClassSpaceSize: 1.00 GB
Initial GC threshold: 21.00 MB
Current GC threshold: 91.50 MB
CDS: off
 - commit_granule_bytes: 65536.
 - commit_granule_words: 8192.
 - virtual_space_node_default_size: 8388608.
 - enlarge_chunks_in_place: 1.
 - use_allocation_guard: 0.


Internal statistics:

num_allocs_failed_limit: 3.
num_arena_births: 2480.
num_arena_deaths: 0.
num_vsnodes_births: 2.
num_vsnodes_deaths: 0.
num_space_committed: 892.
num_space_uncommitted: 0.
num_chunks_returned_to_freelist: 3.
num_chunks_taken_from_freelist: 4567.
num_chunk_merges: 0.
num_chunk_splits: 2933.
num_chunks_enlarged: 1787.
num_inconsistent_stats: 0.

CodeHeap 'non-profiled nmethods': size=120000Kb used=2353Kb max_used=2495Kb free=117646Kb
 bounds [0x000001b3238f0000, 0x000001b323b60000, 0x000001b32ae20000]
CodeHeap 'profiled nmethods': size=120000Kb used=8281Kb max_used=8441Kb free=111718Kb
 bounds [0x000001b31be20000, 0x000001b31c660000, 0x000001b323350000]
CodeHeap 'non-nmethods': size=5760Kb used=2708Kb max_used=2737Kb free=3052Kb
 bounds [0x000001b323350000, 0x000001b323610000, 0x000001b3238f0000]
 total_blobs=5080 nmethods=4238 adapters=745
 compilation: enabled
              stopped_count=0, restarted_count=0
 full_count=0

Compilation events (20 events):
Event: 3.945 Thread 0x000001b3325ec490 4907       1       com.google.common.collect.LinkedHashMultimap$ValueSet::setPredecessorInValueSet (6 bytes)
Event: 3.945 Thread 0x000001b3325ec490 nmethod 4907 0x000001b323a5e590 code [0x000001b323a5e720, 0x000001b323a5e838]
Event: 3.949 Thread 0x000001b3325ec490 4909       3       java.beans.FeatureDescriptor::addTable (20 bytes)
Event: 3.950 Thread 0x000001b3325ec490 nmethod 4909 0x000001b31bf6ef10 code [0x000001b31bf6f120, 0x000001b31bf6f668]
Event: 3.950 Thread 0x000001b3325ec490 4910       3       groovy.lang.MetaClassImpl::copyNonPrivateFields (100 bytes)
Event: 3.951 Thread 0x000001b3325ec490 nmethod 4910 0x000001b31c305d10 code [0x000001b31c305f80, 0x000001b31c306da8]
Event: 3.952 Thread 0x000001b3325ec490 4911       3       org.codehaus.groovy.reflection.CachedMethod::find (30 bytes)
Event: 3.952 Thread 0x000001b3325ec490 nmethod 4911 0x000001b31bf6df10 code [0x000001b31bf6e140, 0x000001b31bf6eaa0]
Event: 3.952 Thread 0x000001b3325ec490 4912       3       groovy.lang.MetaClassImpl::findMethod (130 bytes)
Event: 3.953 Thread 0x000001b3325ec490 nmethod 4912 0x000001b31c222c90 code [0x000001b31c222f60, 0x000001b31c224010]
Event: 3.953 Thread 0x000001b3325ec490 4913       3       org.codehaus.groovy.util.SingleKeyHashMap::<init> (5 bytes)
Event: 3.954 Thread 0x000001b3325ec490 nmethod 4913 0x000001b31c305690 code [0x000001b31c305840, 0x000001b31c305bf0]
Event: 3.954 Thread 0x000001b3325ec490 4914       3       org.codehaus.groovy.util.ComplexKeyHashMap::<init> (11 bytes)
Event: 3.954 Thread 0x000001b3325ec490 nmethod 4914 0x000001b31c305090 code [0x000001b31c305240, 0x000001b31c305590]
Event: 3.954 Thread 0x000001b3325ec490 4915       3       org.codehaus.groovy.util.ComplexKeyHashMap::init (20 bytes)
Event: 3.954 Thread 0x000001b3325ec490 nmethod 4915 0x000001b31c1ad090 code [0x000001b31c1ad220, 0x000001b31c1ad450]
Event: 3.958 Thread 0x000001b3325ec490 4916       3       org.codehaus.groovy.util.FastArray::get (7 bytes)
Event: 3.958 Thread 0x000001b3325ec490 nmethod 4916 0x000001b31c304a10 code [0x000001b31c304ba0, 0x000001b31c304ce0]
Event: 3.959 Thread 0x000001b3325ec490 4917       3       org.gradle.api.attributes.Attribute::equals (57 bytes)
Event: 3.959 Thread 0x000001b3325ec490 nmethod 4917 0x000001b31c222390 code [0x000001b31c222580, 0x000001b31c222ae8]

GC Heap History (20 events):
Event: 1.290 GC heap before
{Heap before GC invocations=3 (full 0):
 garbage-first heap   total 83968K, used 52218K [0x0000000700000000, 0x0000000800000000)
  region size 2048K, 22 young (45056K), 1 survivors (2048K)
 Metaspace       used 21222K, committed 21504K, reserved 1114112K
  class space    used 2287K, committed 2432K, reserved 1048576K
}
Event: 1.296 GC heap after
{Heap after GC invocations=4 (full 0):
 garbage-first heap   total 83968K, used 18603K [0x0000000700000000, 0x0000000800000000)
  region size 2048K, 3 young (6144K), 3 survivors (6144K)
 Metaspace       used 21222K, committed 21504K, reserved 1114112K
  class space    used 2287K, committed 2432K, reserved 1048576K
}
Event: 1.653 GC heap before
{Heap before GC invocations=5 (full 0):
 garbage-first heap   total 69632K, used 51371K [0x0000000700000000, 0x0000000800000000)
  region size 2048K, 20 young (40960K), 3 survivors (6144K)
 Metaspace       used 27750K, committed 28224K, reserved 1114112K
  class space    used 3245K, committed 3456K, reserved 1048576K
}
Event: 1.659 GC heap after
{Heap after GC invocations=6 (full 0):
 garbage-first heap   total 69632K, used 20651K [0x0000000700000000, 0x0000000800000000)
  region size 2048K, 1 young (2048K), 1 survivors (2048K)
 Metaspace       used 27750K, committed 28224K, reserved 1114112K
  class space    used 3245K, committed 3456K, reserved 1048576K
}
Event: 2.033 GC heap before
{Heap before GC invocations=6 (full 0):
 garbage-first heap   total 69632K, used 51371K [0x0000000700000000, 0x0000000800000000)
  region size 2048K, 16 young (32768K), 1 survivors (2048K)
 Metaspace       used 32095K, committed 32704K, reserved 1114112K
  class space    used 3982K, committed 4224K, reserved 1048576K
}
Event: 2.035 GC heap after
{Heap after GC invocations=7 (full 0):
 garbage-first heap   total 69632K, used 22861K [0x0000000700000000, 0x0000000800000000)
  region size 2048K, 2 young (4096K), 2 survivors (4096K)
 Metaspace       used 32095K, committed 32704K, reserved 1114112K
  class space    used 3982K, committed 4224K, reserved 1048576K
}
Event: 2.309 GC heap before
{Heap before GC invocations=7 (full 0):
 garbage-first heap   total 69632K, used 53581K [0x0000000700000000, 0x0000000800000000)
  region size 2048K, 13 young (26624K), 2 survivors (4096K)
 Metaspace       used 35052K, committed 35840K, reserved 1114112K
  class space    used 4517K, committed 4928K, reserved 1048576K
}
Event: 2.314 GC heap after
{Heap after GC invocations=8 (full 0):
 garbage-first heap   total 69632K, used 35811K [0x0000000700000000, 0x0000000800000000)
  region size 2048K, 3 young (6144K), 3 survivors (6144K)
 Metaspace       used 35052K, committed 35840K, reserved 1114112K
  class space    used 4517K, committed 4928K, reserved 1048576K
}
Event: 2.502 GC heap before
{Heap before GC invocations=9 (full 0):
 garbage-first heap   total 69632K, used 56291K [0x0000000700000000, 0x0000000800000000)
  region size 2048K, 12 young (24576K), 3 survivors (6144K)
 Metaspace       used 37321K, committed 38208K, reserved 1114112K
  class space    used 4850K, committed 5312K, reserved 1048576K
}
Event: 2.508 GC heap after
{Heap after GC invocations=10 (full 0):
 garbage-first heap   total 83968K, used 40462K [0x0000000700000000, 0x0000000800000000)
  region size 2048K, 2 young (4096K), 2 survivors (4096K)
 Metaspace       used 37321K, committed 38208K, reserved 1114112K
  class space    used 4850K, committed 5312K, reserved 1048576K
}
Event: 2.771 GC heap before
{Heap before GC invocations=10 (full 0):
 garbage-first heap   total 83968K, used 67086K [0x0000000700000000, 0x0000000800000000)
  region size 2048K, 15 young (30720K), 2 survivors (4096K)
 Metaspace       used 40462K, committed 41536K, reserved 1114112K
  class space    used 5396K, committed 5952K, reserved 1048576K
}
Event: 2.775 GC heap after
{Heap after GC invocations=11 (full 0):
 garbage-first heap   total 83968K, used 42021K [0x0000000700000000, 0x0000000800000000)
  region size 2048K, 1 young (2048K), 1 survivors (2048K)
 Metaspace       used 40462K, committed 41536K, reserved 1114112K
  class space    used 5396K, committed 5952K, reserved 1048576K
}
Event: 3.122 GC heap before
{Heap before GC invocations=11 (full 0):
 garbage-first heap   total 83968K, used 68645K [0x0000000700000000, 0x0000000800000000)
  region size 2048K, 14 young (28672K), 1 survivors (2048K)
 Metaspace       used 44761K, committed 46016K, reserved 1114112K
  class space    used 6008K, committed 6592K, reserved 1048576K
}
Event: 3.127 GC heap after
{Heap after GC invocations=12 (full 0):
 garbage-first heap   total 83968K, used 44242K [0x0000000700000000, 0x0000000800000000)
  region size 2048K, 2 young (4096K), 2 survivors (4096K)
 Metaspace       used 44761K, committed 46016K, reserved 1114112K
  class space    used 6008K, committed 6592K, reserved 1048576K
}
Event: 3.373 GC heap before
{Heap before GC invocations=13 (full 0):
 garbage-first heap   total 83968K, used 68818K [0x0000000700000000, 0x0000000800000000)
  region size 2048K, 15 young (30720K), 2 survivors (4096K)
 Metaspace       used 49182K, committed 50368K, reserved 1114112K
  class space    used 6431K, committed 7040K, reserved 1048576K
}
Event: 3.378 GC heap after
{Heap after GC invocations=14 (full 0):
 garbage-first heap   total 83968K, used 47576K [0x0000000700000000, 0x0000000800000000)
  region size 2048K, 2 young (4096K), 2 survivors (4096K)
 Metaspace       used 49182K, committed 50368K, reserved 1114112K
  class space    used 6431K, committed 7040K, reserved 1048576K
}
Event: 3.587 GC heap before
{Heap before GC invocations=14 (full 0):
 garbage-first heap   total 83968K, used 76248K [0x0000000700000000, 0x0000000800000000)
  region size 2048K, 14 young (28672K), 2 survivors (4096K)
 Metaspace       used 51408K, committed 52672K, reserved 1114112K
  class space    used 6628K, committed 7232K, reserved 1048576K
}
Event: 3.592 GC heap after
{Heap after GC invocations=15 (full 0):
 garbage-first heap   total 86016K, used 50375K [0x0000000700000000, 0x0000000800000000)
  region size 2048K, 2 young (4096K), 2 survivors (4096K)
 Metaspace       used 51408K, committed 52672K, reserved 1114112K
  class space    used 6628K, committed 7232K, reserved 1048576K
}
Event: 3.809 GC heap before
{Heap before GC invocations=15 (full 0):
 garbage-first heap   total 86016K, used 74951K [0x0000000700000000, 0x0000000800000000)
  region size 2048K, 14 young (28672K), 2 survivors (4096K)
 Metaspace       used 54507K, committed 55872K, reserved 1114112K
  class space    used 7112K, committed 7808K, reserved 1048576K
}
Event: 3.812 GC heap after
{Heap after GC invocations=16 (full 0):
 garbage-first heap   total 104448K, used 51861K [0x0000000700000000, 0x0000000800000000)
  region size 2048K, 1 young (2048K), 1 survivors (2048K)
 Metaspace       used 54507K, committed 55872K, reserved 1114112K
  class space    used 7112K, committed 7808K, reserved 1048576K
}

Dll operation events (3 events):
Event: 0.003 Loaded shared library C:\Program Files\JetBrains\IntelliJIdea2024.2\jbr\bin\java.dll
Event: 0.008 Loaded shared library C:\Program Files\JetBrains\IntelliJIdea2024.2\jbr\bin\zip.dll
Event: 0.327 Loaded shared library C:\Program Files\JetBrains\IntelliJIdea2024.2\jbr\bin\verify.dll

Deoptimization events (20 events):
Event: 3.911 Thread 0x000001b3391af320 DEOPT PACKING pc=0x000001b3239c3f08 sp=0x00000025320fd2c0
Event: 3.911 Thread 0x000001b3391af320 DEOPT UNPACKING pc=0x000001b3233a46a2 sp=0x00000025320fd220 mode 2
Event: 3.911 Thread 0x000001b3391af320 Uncommon trap: trap_request=0xffffff54 fr.pc=0x000001b323ab62fc relative=0x000000000000063c
Event: 3.911 Thread 0x000001b3391af320 Uncommon trap: reason=speculate_null_assert action=make_not_entrant pc=0x000001b323ab62fc method=jdk.internal.util.ReferencedKeyMap.internKey(Ljdk/internal/util/ReferencedKeyMap;Ljava/lang/Object;)Ljava/lang/Object; @ 28 c2
Event: 3.911 Thread 0x000001b3391af320 DEOPT PACKING pc=0x000001b323ab62fc sp=0x00000025320fcea0
Event: 3.911 Thread 0x000001b3391af320 DEOPT UNPACKING pc=0x000001b3233a46a2 sp=0x00000025320fce88 mode 2
Event: 3.912 Thread 0x000001b338b9c2a0 Uncommon trap: trap_request=0xffffffde fr.pc=0x000001b323a6bfb8 relative=0x0000000000000118
Event: 3.912 Thread 0x000001b338b9c2a0 Uncommon trap: reason=class_check action=maybe_recompile pc=0x000001b323a6bfb8 method=jdk.internal.util.StrongReferenceKey.equals(Ljava/lang/Object;)Z @ 1 c2
Event: 3.912 Thread 0x000001b338b9c2a0 DEOPT PACKING pc=0x000001b323a6bfb8 sp=0x0000002530ef6290
Event: 3.912 Thread 0x000001b338b9c2a0 DEOPT UNPACKING pc=0x000001b3233a46a2 sp=0x0000002530ef6238 mode 2
Event: 3.913 Thread 0x000001b338b9c2a0 DEOPT PACKING pc=0x000001b31c1eb1c7 sp=0x0000002530ef8160
Event: 3.913 Thread 0x000001b338b9c2a0 DEOPT UNPACKING pc=0x000001b3233a4e42 sp=0x0000002530ef7638 mode 0
Event: 3.914 Thread 0x000001b338b9c2a0 Uncommon trap: trap_request=0xffffffde fr.pc=0x000001b323aa7924 relative=0x00000000000002e4
Event: 3.914 Thread 0x000001b338b9c2a0 Uncommon trap: reason=class_check action=maybe_recompile pc=0x000001b323aa7924 method=java.util.Collections$SetFromMap.remove(Ljava/lang/Object;)Z @ 5 c2
Event: 3.914 Thread 0x000001b338b9c2a0 DEOPT PACKING pc=0x000001b323aa7924 sp=0x0000002530ef8480
Event: 3.914 Thread 0x000001b338b9c2a0 DEOPT UNPACKING pc=0x000001b3233a46a2 sp=0x0000002530ef8468 mode 2
Event: 3.914 Thread 0x000001b338b9c2a0 Uncommon trap: trap_request=0xffffffde fr.pc=0x000001b323aa7924 relative=0x00000000000002e4
Event: 3.914 Thread 0x000001b338b9c2a0 Uncommon trap: reason=class_check action=maybe_recompile pc=0x000001b323aa7924 method=java.util.Collections$SetFromMap.remove(Ljava/lang/Object;)Z @ 5 c2
Event: 3.914 Thread 0x000001b338b9c2a0 DEOPT PACKING pc=0x000001b323aa7924 sp=0x0000002530ef8480
Event: 3.914 Thread 0x000001b338b9c2a0 DEOPT UNPACKING pc=0x000001b3233a46a2 sp=0x0000002530ef8468 mode 2

Classes loaded (20 events):
Event: 3.877 Loading class java/util/stream/DistinctOps$1
Event: 3.877 Loading class java/util/stream/ReferencePipeline$StatefulOp
Event: 3.877 Loading class java/util/stream/ReferencePipeline$StatefulOp done
Event: 3.877 Loading class java/util/stream/DistinctOps$1 done
Event: 3.878 Loading class java/util/stream/DistinctOps$1$2
Event: 3.878 Loading class java/util/stream/DistinctOps$1$2 done
Event: 3.885 Loading class sun/reflect/ReflectionFactory
Event: 3.885 Loading class sun/reflect/ReflectionFactory done
Event: 3.885 Loading class sun/reflect/ReflectionFactory$1
Event: 3.885 Loading class sun/reflect/ReflectionFactory$1 done
Event: 3.908 Loading class sun/nio/ch/ChannelInputStream
Event: 3.909 Loading class sun/nio/ch/ChannelInputStream done
Event: 3.915 Loading class java/util/stream/SortedOps
Event: 3.915 Loading class java/util/stream/SortedOps done
Event: 3.915 Loading class java/util/stream/SortedOps$OfRef
Event: 3.915 Loading class java/util/stream/SortedOps$OfRef done
Event: 3.916 Loading class java/util/stream/SortedOps$SizedRefSortingSink
Event: 3.916 Loading class java/util/stream/SortedOps$AbstractRefSortingSink
Event: 3.916 Loading class java/util/stream/SortedOps$AbstractRefSortingSink done
Event: 3.916 Loading class java/util/stream/SortedOps$SizedRefSortingSink done

Classes unloaded (0 events):
No events

Classes redefined (0 events):
No events

Internal exceptions (20 events):
Event: 3.705 Thread 0x000001b338b9c2a0 Exception <a 'java/lang/NoSuchMethodError'{0x00000007047c4970}: 'java.lang.Object java.lang.invoke.DelegatingMethodHandle$Holder.reinvoke_L(java.lang.Object, java.lang.Object, java.lang.Object, java.lang.Object, java.lang.Object, java.lang.Object, java.lang.Object, java.lang.Object, java.lang.Object, java.lang.Object, java.lang.Object, java.lang.Object, java.lang.Object, java.lang.Object, java.lang.Object, java.lang.Object, java.lang.Object, java.lang.Object, java.lang.Object, java.lang.Object, java.lang.O
Event: 3.735 Thread 0x000001b338b9c2a0 Implicit null exception at 0x000001b323aead7c to 0x000001b323aeae34
Event: 3.739 Thread 0x000001b338b9c2a0 Exception <a 'java/lang/ClassNotFoundException'{0x00000007043a0e20}: org/gradle/api/internal/artifacts/dsl/dependencies/DefaultDependencyHandler_DecoratedBeanInfo> (0x00000007043a0e20) 
thrown [s\src\hotspot\share\classfile\systemDictionary.cpp, line 312]
Event: 3.740 Thread 0x000001b338b9c2a0 Exception <a 'java/lang/ClassNotFoundException'{0x00000007043b6820}: org/gradle/api/internal/artifacts/dsl/dependencies/DefaultDependencyHandlerBeanInfo> (0x00000007043b6820) 
thrown [s\src\hotspot\share\classfile\systemDictionary.cpp, line 312]
Event: 3.740 Thread 0x000001b338b9c2a0 Exception <a 'java/lang/ClassNotFoundException'{0x00000007043cc1e0}: org/gradle/api/internal/artifacts/dsl/dependencies/DefaultDependencyHandlerCustomizer> (0x00000007043cc1e0) 
thrown [s\src\hotspot\share\classfile\systemDictionary.cpp, line 312]
Event: 3.742 Thread 0x000001b338b9c2a0 Exception <a 'java/lang/ClassNotFoundException'{0x00000007040178e8}: org/gradle/api/internal/artifacts/dsl/dependencies/DefaultDependencyHandler_DecoratedCustomizer> (0x00000007040178e8) 
thrown [s\src\hotspot\share\classfile\systemDictionary.cpp, line 312]
Event: 3.743 Thread 0x000001b338b9c2a0 Exception <a 'java/lang/ClassNotFoundException'{0x000000070405df08}: sync_studio_tooling6_b6rm1aho3i92do405kdi3gahc$_run_closure1BeanInfo> (0x000000070405df08) 
thrown [s\src\hotspot\share\classfile\systemDictionary.cpp, line 312]
Event: 3.743 Thread 0x000001b338b9c2a0 Exception <a 'java/lang/ClassNotFoundException'{0x0000000704065028}: sync_studio_tooling6_b6rm1aho3i92do405kdi3gahc$_run_closure1Customizer> (0x0000000704065028) 
thrown [s\src\hotspot\share\classfile\systemDictionary.cpp, line 312]
Event: 3.770 Thread 0x000001b338b9c2a0 Exception <a 'java/lang/NoSuchMethodError'{0x0000000703f35860}: 'java.lang.Object java.lang.invoke.DirectMethodHandle$Holder.newInvokeSpecial(java.lang.Object, java.lang.Object, java.lang.Object, java.lang.Object, java.lang.Object, java.lang.Object, java.lang.Object, java.lang.Object, java.lang.Object)'> (0x0000000703f35860) 
thrown [s\src\hotspot\share\interpreter\linkResolver.cpp, line 784]
Event: 3.771 Thread 0x000001b338b9c2a0 Exception <a 'java/lang/NoSuchMethodError'{0x0000000703f739c0}: 'java.lang.Object java.lang.invoke.DirectMethodHandle$Holder.newInvokeSpecial(java.lang.Object, int, java.lang.Object)'> (0x0000000703f739c0) 
thrown [s\src\hotspot\share\interpreter\linkResolver.cpp, line 784]
Event: 3.888 Thread 0x000001b338b9c2a0 Exception <a 'java/lang/NoSuchMethodError'{0x0000000705e054c8}: 'java.lang.Object java.lang.invoke.DirectMethodHandle$Holder.newInvokeSpecial(java.lang.Object, java.lang.Object, java.lang.Object, java.lang.Object, int, java.lang.Object)'> (0x0000000705e054c8) 
thrown [s\src\hotspot\share\interpreter\linkResolver.cpp, line 784]
Event: 3.888 Thread 0x000001b338b9c2a0 Exception <a 'java/lang/NoSuchMethodError'{0x0000000705e0dd78}: 'java.lang.Object java.lang.invoke.Invokers$Holder.linkToTargetMethod(java.lang.Object, java.lang.Object, java.lang.Object, int, java.lang.Object, java.lang.Object)'> (0x0000000705e0dd78) 
thrown [s\src\hotspot\share\interpreter\linkResolver.cpp, line 784]
Event: 3.928 Thread 0x000001b338d1c0d0 Exception <a 'sun/nio/fs/WindowsException'{0x0000000705d5f578}> (0x0000000705d5f578) 
thrown [s\src\hotspot\share\prims\jni.cpp, line 535]
Event: 3.928 Thread 0x000001b338d1c0d0 Exception <a 'sun/nio/fs/WindowsException'{0x0000000705d5fed0}> (0x0000000705d5fed0) 
thrown [s\src\hotspot\share\prims\jni.cpp, line 535]
Event: 3.930 Thread 0x000001b338d1c0d0 Exception <a 'sun/nio/fs/WindowsException'{0x0000000705d9c3c8}> (0x0000000705d9c3c8) 
thrown [s\src\hotspot\share\prims\jni.cpp, line 535]
Event: 3.930 Thread 0x000001b338d1c0d0 Exception <a 'sun/nio/fs/WindowsException'{0x0000000705d9c580}> (0x0000000705d9c580) 
thrown [s\src\hotspot\share\prims\jni.cpp, line 535]
Event: 3.935 Thread 0x000001b338b9c2a0 Exception <a 'java/lang/ClassNotFoundException'{0x0000000705d45028}: sync_studio_tooling6_b6rm1aho3i92do405kdi3gahcBeanInfo> (0x0000000705d45028) 
thrown [s\src\hotspot\share\classfile\systemDictionary.cpp, line 312]
Event: 3.935 Thread 0x000001b338b9c2a0 Exception <a 'java/lang/ClassNotFoundException'{0x0000000705d4b670}: sync_studio_tooling6_b6rm1aho3i92do405kdi3gahcCustomizer> (0x0000000705d4b670) 
thrown [s\src\hotspot\share\classfile\systemDictionary.cpp, line 312]
Event: 3.946 Thread 0x000001b338b9c2a0 Exception <a 'java/lang/ClassNotFoundException'{0x0000000705a6f798}: ijInit1_9sp7auew05dycdbebg126mytxBeanInfo> (0x0000000705a6f798) 
thrown [s\src\hotspot\share\classfile\systemDictionary.cpp, line 312]
Event: 3.946 Thread 0x000001b338b9c2a0 Exception <a 'java/lang/ClassNotFoundException'{0x0000000705a75d88}: ijInit1_9sp7auew05dycdbebg126mytxCustomizer> (0x0000000705a75d88) 
thrown [s\src\hotspot\share\classfile\systemDictionary.cpp, line 312]

ZGC Phase Switch (0 events):
No events

VM Operations (20 events):
Event: 3.587 Executing VM operation: G1CollectForAllocation (G1 Evacuation Pause)
Event: 3.592 Executing VM operation: G1CollectForAllocation (G1 Evacuation Pause) done
Event: 3.599 Executing VM operation: HandshakeAllThreads (Deoptimize)
Event: 3.599 Executing VM operation: HandshakeAllThreads (Deoptimize) done
Event: 3.608 Executing VM operation: HandshakeAllThreads (Deoptimize)
Event: 3.608 Executing VM operation: HandshakeAllThreads (Deoptimize) done
Event: 3.669 Executing VM operation: HandshakeAllThreads (Deoptimize)
Event: 3.669 Executing VM operation: HandshakeAllThreads (Deoptimize) done
Event: 3.674 Executing VM operation: HandshakeAllThreads (Deoptimize)
Event: 3.674 Executing VM operation: HandshakeAllThreads (Deoptimize) done
Event: 3.717 Executing VM operation: HandshakeAllThreads (Deoptimize)
Event: 3.717 Executing VM operation: HandshakeAllThreads (Deoptimize) done
Event: 3.809 Executing VM operation: G1CollectForAllocation (G1 Evacuation Pause)
Event: 3.812 Executing VM operation: G1CollectForAllocation (G1 Evacuation Pause) done
Event: 3.841 Executing VM operation: G1PauseRemark
Event: 3.844 Executing VM operation: G1PauseRemark done
Event: 3.858 Executing VM operation: G1PauseCleanup
Event: 3.859 Executing VM operation: G1PauseCleanup done
Event: 3.878 Executing VM operation: HandshakeAllThreads (Deoptimize)
Event: 3.878 Executing VM operation: HandshakeAllThreads (Deoptimize) done

Memory protections (0 events):
No events

Nmethod flushes (20 events):
Event: 3.844 Thread 0x000001b332321580 flushing  nmethod 0x000001b31c1ad090
Event: 3.844 Thread 0x000001b332321580 flushing  nmethod 0x000001b31c210a10
Event: 3.844 Thread 0x000001b332321580 flushing  nmethod 0x000001b31c221310
Event: 3.844 Thread 0x000001b332321580 flushing  nmethod 0x000001b31c222190
Event: 3.844 Thread 0x000001b332321580 flushing  nmethod 0x000001b31c223590
Event: 3.844 Thread 0x000001b332321580 flushing  nmethod 0x000001b31c223890
Event: 3.844 Thread 0x000001b332321580 flushing  nmethod 0x000001b31c225410
Event: 3.844 Thread 0x000001b332321580 flushing  nmethod 0x000001b31c289d10
Event: 3.844 Thread 0x000001b332321580 flushing  nmethod 0x000001b31c2d1210
Event: 3.844 Thread 0x000001b332321580 flushing  nmethod 0x000001b31c2d3f10
Event: 3.844 Thread 0x000001b332321580 flushing  nmethod 0x000001b31c304a10
Event: 3.844 Thread 0x000001b332321580 flushing  nmethod 0x000001b31c315990
Event: 3.844 Thread 0x000001b332321580 flushing  nmethod 0x000001b31c316190
Event: 3.844 Thread 0x000001b332321580 flushing  nmethod 0x000001b31c33c910
Event: 3.844 Thread 0x000001b332321580 flushing  nmethod 0x000001b31c391690
Event: 3.844 Thread 0x000001b332321580 flushing  nmethod 0x000001b31c392790
Event: 3.844 Thread 0x000001b332321580 flushing  nmethod 0x000001b31c414190
Event: 3.844 Thread 0x000001b332321580 flushing  nmethod 0x000001b31c429110
Event: 3.844 Thread 0x000001b332321580 flushing  nmethod 0x000001b31c42f510
Event: 3.844 Thread 0x000001b332321580 flushing  nmethod 0x000001b31c442310

Events (20 events):
Event: 1.325 Thread 0x000001b338b9aef0 Thread added: 0x000001b338b9c2a0
Event: 1.331 Thread 0x000001b338b9c2a0 Thread added: 0x000001b338b9c930
Event: 1.333 Thread 0x000001b338b9c2a0 Thread added: 0x000001b338d1a000
Event: 1.334 Thread 0x000001b338b9c2a0 Thread added: 0x000001b338d1d480
Event: 1.530 Thread 0x000001b338b9c2a0 Thread added: 0x000001b338d1a690
Event: 1.534 Thread 0x000001b338b9c2a0 Thread added: 0x000001b338d17f30
Event: 1.546 Thread 0x000001b338b9c2a0 Thread added: 0x000001b338d1ba40
Event: 2.075 Thread 0x000001b338b9c2a0 Thread added: 0x000001b338d1c760
Event: 2.214 Thread 0x000001b338b9c2a0 Thread added: 0x000001b338d19970
Event: 2.217 Thread 0x000001b338b9c2a0 Thread added: 0x000001b338d18c50
Event: 2.285 Thread 0x000001b338b9c2a0 Thread added: 0x000001b338d1c0d0
Event: 2.285 Thread 0x000001b338b9c2a0 Thread added: 0x000001b338d17210
Event: 2.285 Thread 0x000001b338b9c2a0 Thread added: 0x000001b338d185c0
Event: 2.285 Thread 0x000001b338b9c2a0 Thread added: 0x000001b338d1cdf0
Event: 2.537 Thread 0x000001b338b9c2a0 Thread added: 0x000001b338d192e0
Event: 2.587 Thread 0x000001b338b9c2a0 Thread added: 0x000001b338d1db10
Event: 2.600 Thread 0x000001b338b9c2a0 Thread added: 0x000001b338d178a0
Event: 2.710 Thread 0x000001b338b9c2a0 Thread added: 0x000001b338d1ad20
Event: 3.899 Thread 0x000001b338b9c2a0 Thread added: 0x000001b3391af320
Event: 3.901 Thread 0x000001b338b9c2a0 Thread added: 0x000001b3391b2110


Dynamic libraries:
0x00007ff7a41f0000 - 0x00007ff7a41fa000 	C:\Program Files\JetBrains\IntelliJIdea2024.2\jbr\bin\java.exe
0x00007ffba10f0000 - 0x00007ffba12e8000 	C:\Windows\SYSTEM32\ntdll.dll
0x00007ffb9f490000 - 0x00007ffb9f552000 	C:\Windows\System32\KERNEL32.DLL
0x00007ffb9eb10000 - 0x00007ffb9ee0e000 	C:\Windows\System32\KERNELBASE.dll
0x00007ffb9e8f0000 - 0x00007ffb9e9f0000 	C:\Windows\System32\ucrtbase.dll
0x00007ffb8e5e0000 - 0x00007ffb8e5f8000 	C:\Program Files\JetBrains\IntelliJIdea2024.2\jbr\bin\jli.dll
0x00007ffb9b550000 - 0x00007ffb9b56b000 	C:\Program Files\JetBrains\IntelliJIdea2024.2\jbr\bin\VCRUNTIME140.dll
0x00007ffba0bf0000 - 0x00007ffba0d8d000 	C:\Windows\System32\USER32.dll
0x00007ffb9e820000 - 0x00007ffb9e842000 	C:\Windows\System32\win32u.dll
0x00007ffb8ece0000 - 0x00007ffb8ef7a000 	C:\Windows\WinSxS\amd64_microsoft.windows.common-controls_6595b64144ccf1df_6.0.19041.4355_none_60b8b9eb71f62e16\COMCTL32.dll
0x00007ffba0950000 - 0x00007ffba097b000 	C:\Windows\System32\GDI32.dll
0x00007ffba0b50000 - 0x00007ffba0bee000 	C:\Windows\System32\msvcrt.dll
0x00007ffb9e9f0000 - 0x00007ffb9eb07000 	C:\Windows\System32\gdi32full.dll
0x00007ffb9e850000 - 0x00007ffb9e8ed000 	C:\Windows\System32\msvcp_win.dll
0x00007ffba0e50000 - 0x00007ffba0e7f000 	C:\Windows\System32\IMM32.DLL
0x00007ffb9b5a0000 - 0x00007ffb9b5ac000 	C:\Program Files\JetBrains\IntelliJIdea2024.2\jbr\bin\vcruntime140_1.dll
0x00007ffb819e0000 - 0x00007ffb81a6d000 	C:\Program Files\JetBrains\IntelliJIdea2024.2\jbr\bin\msvcp140.dll
0x00007ffb77f80000 - 0x00007ffb78d37000 	C:\Program Files\JetBrains\IntelliJIdea2024.2\jbr\bin\server\jvm.dll
0x00007ffba0f90000 - 0x00007ffba1041000 	C:\Windows\System32\ADVAPI32.dll
0x00007ffba0ef0000 - 0x00007ffba0f8f000 	C:\Windows\System32\sechost.dll
0x00007ffb9f1f0000 - 0x00007ffb9f313000 	C:\Windows\System32\RPCRT4.dll
0x00007ffb9ee10000 - 0x00007ffb9ee37000 	C:\Windows\System32\bcrypt.dll
0x00007ffba08e0000 - 0x00007ffba094b000 	C:\Windows\System32\WS2_32.dll
0x00007ffb9e5f0000 - 0x00007ffb9e63b000 	C:\Windows\SYSTEM32\POWRPROF.dll
0x00007ffb8da70000 - 0x00007ffb8da97000 	C:\Windows\SYSTEM32\WINMM.dll
0x00007ffb9c510000 - 0x00007ffb9c51a000 	C:\Windows\SYSTEM32\VERSION.dll
0x00007ffb9e5d0000 - 0x00007ffb9e5e2000 	C:\Windows\SYSTEM32\UMPDC.dll
0x00007ffb9c7f0000 - 0x00007ffb9c802000 	C:\Windows\SYSTEM32\kernel.appcore.dll
0x00007ffb9b590000 - 0x00007ffb9b59a000 	C:\Program Files\JetBrains\IntelliJIdea2024.2\jbr\bin\jimage.dll
0x00007ffb8f070000 - 0x00007ffb8f254000 	C:\Windows\SYSTEM32\DBGHELP.DLL
0x00007ffb8f030000 - 0x00007ffb8f064000 	C:\Windows\SYSTEM32\dbgcore.DLL
0x00007ffb9e790000 - 0x00007ffb9e812000 	C:\Windows\System32\bcryptPrimitives.dll
0x00007ffb9a1b0000 - 0x00007ffb9a1be000 	C:\Program Files\JetBrains\IntelliJIdea2024.2\jbr\bin\instrument.dll
0x00007ffb91d80000 - 0x00007ffb91d9f000 	C:\Program Files\JetBrains\IntelliJIdea2024.2\jbr\bin\java.dll
0x00007ffb8e050000 - 0x00007ffb8e068000 	C:\Program Files\JetBrains\IntelliJIdea2024.2\jbr\bin\zip.dll
0x00007ffba0170000 - 0x00007ffba08dd000 	C:\Windows\System32\SHELL32.dll
0x00007ffb9c810000 - 0x00007ffb9cfb4000 	C:\Windows\SYSTEM32\windows.storage.dll
0x00007ffb9f560000 - 0x00007ffb9f8b3000 	C:\Windows\System32\combase.dll
0x00007ffb9e150000 - 0x00007ffb9e17e000 	C:\Windows\SYSTEM32\Wldp.dll
0x00007ffb9f320000 - 0x00007ffb9f3ed000 	C:\Windows\System32\OLEAUT32.dll
0x00007ffb9f8c0000 - 0x00007ffb9f96d000 	C:\Windows\System32\SHCORE.dll
0x00007ffba1050000 - 0x00007ffba10a5000 	C:\Windows\System32\shlwapi.dll
0x00007ffb9e6c0000 - 0x00007ffb9e6e4000 	C:\Windows\SYSTEM32\profapi.dll
0x00007ffb9a1a0000 - 0x00007ffb9a1b0000 	C:\Program Files\JetBrains\IntelliJIdea2024.2\jbr\bin\net.dll
0x00007ffb97340000 - 0x00007ffb9744d000 	C:\Windows\SYSTEM32\WINHTTP.dll
0x00007ffb9deb0000 - 0x00007ffb9df1a000 	C:\Windows\system32\mswsock.dll
0x00007ffb8e030000 - 0x00007ffb8e046000 	C:\Program Files\JetBrains\IntelliJIdea2024.2\jbr\bin\nio.dll
0x00007ffb8dfb0000 - 0x00007ffb8dfc0000 	C:\Program Files\JetBrains\IntelliJIdea2024.2\jbr\bin\verify.dll
0x00007ffb990b0000 - 0x00007ffb990d7000 	C:\Users\ROMA_W\Downloads\gradle-8.12-bin\native\c067742578af261105cb4f569cf0c3c89f3d7b1fecec35dd04571415982c5e48\windows-amd64\native-platform.dll
0x00007ffb7e360000 - 0x00007ffb7e4a4000 	C:\Users\ROMA_W\Downloads\gradle-8.12-bin\native\38dada09dfb8b06ba9b0570ebf7e218e3eb74d4ef43ca46872605cf95ebc2f47\windows-amd64\native-platform-file-events.dll
0x00007ffb8e420000 - 0x00007ffb8e429000 	C:\Program Files\JetBrains\IntelliJIdea2024.2\jbr\bin\management.dll
0x00007ffb8e020000 - 0x00007ffb8e02b000 	C:\Program Files\JetBrains\IntelliJIdea2024.2\jbr\bin\management_ext.dll
0x00007ffba0e80000 - 0x00007ffba0e88000 	C:\Windows\System32\PSAPI.DLL
0x00007ffb9e0a0000 - 0x00007ffb9e0b8000 	C:\Windows\SYSTEM32\CRYPTSP.dll
0x00007ffb9d770000 - 0x00007ffb9d7a4000 	C:\Windows\system32\rsaenh.dll
0x00007ffb9e640000 - 0x00007ffb9e66e000 	C:\Windows\SYSTEM32\USERENV.dll
0x00007ffb9e0c0000 - 0x00007ffb9e0cc000 	C:\Windows\SYSTEM32\CRYPTBASE.dll
0x00007ffb9db90000 - 0x00007ffb9dbcb000 	C:\Windows\SYSTEM32\IPHLPAPI.DLL
0x00007ffba0160000 - 0x00007ffba0168000 	C:\Windows\System32\NSI.dll
0x00007ffb8de50000 - 0x00007ffb8de59000 	C:\Program Files\JetBrains\IntelliJIdea2024.2\jbr\bin\extnet.dll
0x00007ffb8dfa0000 - 0x00007ffb8dfae000 	C:\Program Files\JetBrains\IntelliJIdea2024.2\jbr\bin\sunmscapi.dll
0x00007ffb9ee40000 - 0x00007ffb9ef9c000 	C:\Windows\System32\CRYPT32.dll
0x00007ffb9e1c0000 - 0x00007ffb9e1e7000 	C:\Windows\SYSTEM32\ncrypt.dll
0x00007ffb9e180000 - 0x00007ffb9e1bb000 	C:\Windows\SYSTEM32\NTASN1.dll
0x00007ffb8de60000 - 0x00007ffb8de67000 	C:\Windows\system32\wshunix.dll

dbghelp: loaded successfully - version: 4.0.5 - missing functions: none
symbol engine: initialized successfully - sym options: 0x614 - pdb path: .;C:\Program Files\JetBrains\IntelliJIdea2024.2\jbr\bin;C:\Windows\SYSTEM32;C:\Windows\WinSxS\amd64_microsoft.windows.common-controls_6595b64144ccf1df_6.0.19041.4355_none_60b8b9eb71f62e16;C:\Program Files\JetBrains\IntelliJIdea2024.2\jbr\bin\server;C:\Users\ROMA_W\Downloads\gradle-8.12-bin\native\c067742578af261105cb4f569cf0c3c89f3d7b1fecec35dd04571415982c5e48\windows-amd64;C:\Users\ROMA_W\Downloads\gradle-8.12-bin\native\38dada09dfb8b06ba9b0570ebf7e218e3eb74d4ef43ca46872605cf95ebc2f47\windows-amd64

VM Arguments:
jvm_args: -XX:MaxPermSize=1024m -XX:+HeapDumpOnOutOfMemoryError --add-opens=java.base/java.util=ALL-UNNAMED --add-opens=java.base/java.lang=ALL-UNNAMED --add-opens=java.base/java.lang.invoke=ALL-UNNAMED --add-opens=java.prefs/java.util.prefs=ALL-UNNAMED --add-opens=java.base/java.nio.charset=ALL-UNNAMED --add-opens=java.base/java.net=ALL-UNNAMED --add-opens=java.base/java.util.concurrent.atomic=ALL-UNNAMED -Xmx4096m -Dfile.encoding=UTF-8 -Duser.country=RU -Duser.language=ru -Duser.variant -javaagent:C:\Users\ROMA_W\Downloads\gradle-8.12-bin\wrapper\dists\gradle-8.7-bin\bhs2wmbdwecv87pi65oeuq5iu\gradle-8.7\lib\agents\gradle-instrumentation-agent-8.7.jar 
java_command: org.gradle.launcher.daemon.bootstrap.GradleDaemon 8.7
java_class_path (initial): C:\Users\ROMA_W\Downloads\gradle-8.12-bin\wrapper\dists\gradle-8.7-bin\bhs2wmbdwecv87pi65oeuq5iu\gradle-8.7\lib\gradle-launcher-8.7.jar
Launcher Type: SUN_STANDARD

[Global flags]
     intx CICompilerCount                          = 3                                         {product} {ergonomic}
     uint ConcGCThreads                            = 1                                         {product} {ergonomic}
     uint G1ConcRefinementThreads                  = 4                                         {product} {ergonomic}
   size_t G1HeapRegionSize                         = 2097152                                   {product} {ergonomic}
    uintx GCDrainStackTargetSize                   = 64                                        {product} {ergonomic}
     bool HeapDumpOnOutOfMemoryError               = true                                   {manageable} {command line}
   size_t InitialHeapSize                          = 85983232                                  {product} {ergonomic}
   size_t MarkStackSize                            = 4194304                                   {product} {ergonomic}
   size_t MaxHeapSize                              = 4294967296                                {product} {command line}
   size_t MaxNewSize                               = 2575302656                                {product} {ergonomic}
   size_t MinHeapDeltaBytes                        = 2097152                                   {product} {ergonomic}
   size_t MinHeapSize                              = 8388608                                   {product} {ergonomic}
    uintx NonNMethodCodeHeapSize                   = 5832780                                {pd product} {ergonomic}
    uintx NonProfiledCodeHeapSize                  = 122912730                              {pd product} {ergonomic}
    uintx ProfiledCodeHeapSize                     = 122912730                              {pd product} {ergonomic}
    uintx ReservedCodeCacheSize                    = 251658240                              {pd product} {ergonomic}
     bool SegmentedCodeCache                       = true                                      {product} {ergonomic}
   size_t SoftMaxHeapSize                          = 4294967296                             {manageable} {ergonomic}
     bool UseCompressedOops                        = true                           {product lp64_product} {ergonomic}
     bool UseG1GC                                  = true                                      {product} {ergonomic}
     bool UseLargePagesIndividualAllocation        = false                                  {pd product} {ergonomic}

Logging:
Log output configuration:
 #0: stdout all=warning uptime,level,tags foldmultilines=false
 #1: stderr all=off uptime,level,tags foldmultilines=false

Environment Variables:
PATH=C:\Program Files\Common Files\Oracle\Java\javapath;c:\Users\ROMA_W\AppData\Local\Programs\cursor\resources\app\bin;C:\Windows\system32;C:\Windows;C:\Windows\System32\Wbem;C:\Windows\System32\WindowsPowerShell\v1.0\;C:\Windows\System32\OpenSSH\;C:\Users\ROMA_W\AppData\Local\Microsoft\WindowsApps;c:\Users\ROMA_W\AppData\Local\Programs\cursor\resources\app\bin;c:\Users\ROMA_W\AppData\Local\Programs\cursor\resources\app\bin;C:\Program Files\Git\cmd;C:\Users\ROMA_W\AppData\Local\Microsoft\WindowsApps;
USERNAME=ROMA_W
OS=Windows_NT
PROCESSOR_IDENTIFIER=Intel64 Family 6 Model 154 Stepping 3, GenuineIntel
TMP=C:\Users\ROMA_W\AppData\Local\Temp
TEMP=C:\Users\ROMA_W\AppData\Local\Temp




Periodic native trim disabled

JNI global refs:
JNI global refs: 25, weak refs: 0

JNI global refs memory usage: 835, weak refs: 833

Process memory usage:
Resident Set Size: 286640K (5% of 5295668K total physical memory with 340368K free physical memory)

OOME stack traces (most recent first):
Classloader memory used:
Loader org.gradle.internal.classloader.VisitableURLClassLoader                         : 24704K
Loader bootstrap                                                                       : 23109K
Loader org.gradle.initialization.MixInLegacyTypesClassLoader                           : 6091K
Loader org.gradle.internal.classloader.VisitableURLClassLoader                         : 711K
Loader jdk.internal.loader.ClassLoaders$PlatformClassLoader                            : 586K
Loader jdk.internal.loader.ClassLoaders$AppClassLoader                                 : 230K
Loader jdk.internal.reflect.DelegatingClassLoader                                      : 151K
Loader org.gradle.groovy.scripts.internal.DefaultScriptCompilationHandler$ScriptClassLoader: 85192B
Loader org.codehaus.groovy.runtime.callsite.CallSiteClassLoader                        : 18472B

Classes loaded by more than one classloader:
Class org.gradle.api.GradleException                                                  : loaded 3 times (x 78B)
Class org.gradle.internal.classloader.ClassLoaderHierarchy                            : loaded 2 times (x 66B)
Class org.gradle.api.internal.classpath.ManifestUtil                                  : loaded 2 times (x 67B)
Class org.gradle.internal.operations.MultipleBuildOperationFailures                   : loaded 2 times (x 91B)
Class org.gradle.internal.classloader.DefaultClassLoaderFactory                       : loaded 2 times (x 78B)
Class org.gradle.internal.classloader.ClassLoaderVisitor                              : loaded 2 times (x 72B)
Class org.gradle.api.internal.classpath.EffectiveClassPath                            : loaded 2 times (x 86B)
Class org.gradle.api.internal.DefaultClassPathProvider                                : loaded 2 times (x 72B)
Class [Lorg.gradle.api.internal.ClassPathProvider;                                    : loaded 2 times (x 65B)
Class org.gradle.api.internal.ClassPathProvider                                       : loaded 2 times (x 66B)
Class org.gradle.internal.service.UnknownServiceException                             : loaded 2 times (x 79B)
Class org.gradle.internal.classpath.TransformedClassPath                              : loaded 2 times (x 92B)
Class org.gradle.internal.service.ServiceLocator                                      : loaded 2 times (x 66B)
Class org.gradle.internal.InternalTransformer                                         : loaded 2 times (x 66B)
Class org.gradle.internal.time.DefaultTimer                                           : loaded 2 times (x 76B)
Class org.gradle.internal.classloader.ClasspathUtil$1                                 : loaded 2 times (x 72B)
Class org.gradle.api.internal.classpath.DefaultModuleRegistry$DefaultModule           : loaded 2 times (x 82B)
Class sync_studio_tooling6_b6rm1aho3i92do405kdi3gahc                                  : loaded 2 times (x 175B)
Class org.gradle.internal.time.DefaultCountdownTimer                                  : loaded 2 times (x 84B)
Class kotlin.Function                                                                 : loaded 2 times (x 66B)
Class org.gradle.api.internal.classpath.Module                                        : loaded 2 times (x 66B)
Class org.gradle.api.internal.classpath.UnknownModuleException                        : loaded 2 times (x 78B)
Class org.gradle.cache.GlobalCache                                                    : loaded 2 times (x 66B)
Class org.gradle.api.internal.DefaultClassPathRegistry                                : loaded 2 times (x 72B)
Class org.gradle.api.internal.ClassPathRegistry                                       : loaded 2 times (x 66B)
Class org.gradle.internal.classpath.DefaultClassPath$ImmutableUniqueList              : loaded 2 times (x 195B)
Class org.gradle.internal.classpath.ClassPath                                         : loaded 2 times (x 66B)
Class org.gradle.api.UncheckedIOException                                             : loaded 2 times (x 78B)
Class kotlin.UninitializedPropertyAccessException                                     : loaded 2 times (x 78B)
Class org.gradle.internal.installation.GradleInstallation$1                           : loaded 2 times (x 71B)
Class org.gradle.api.internal.classpath.ModuleRegistry                                : loaded 2 times (x 66B)
Class org.gradle.api.internal.classpath.DefaultModuleRegistry                         : loaded 2 times (x 82B)
Class org.gradle.internal.time.MonotonicClock                                         : loaded 2 times (x 73B)
Class org.gradle.internal.service.ServiceLookupException                              : loaded 2 times (x 78B)
Class org.gradle.internal.classloader.ClassLoaderFactory                              : loaded 2 times (x 66B)
Class org.gradle.internal.service.CachingServiceLocator                               : loaded 2 times (x 78B)
Class org.gradle.internal.time.TimeSource                                             : loaded 2 times (x 66B)
Class org.gradle.internal.exceptions.ResolutionProvider                               : loaded 2 times (x 66B)
Class sync_studio_tooling6_b6rm1aho3i92do405kdi3gahc$_run_closure1                    : loaded 2 times (x 135B)
Class org.gradle.internal.classloader.ClasspathUtil                                   : loaded 2 times (x 67B)
Class org.gradle.internal.time.TimeSource$1                                           : loaded 2 times (x 73B)
Class org.gradle.api.specs.Spec                                                       : loaded 2 times (x 66B)
Class org.gradle.internal.time.Clock                                                  : loaded 2 times (x 66B)
Class org.gradle.internal.classloader.VisitableURLClassLoader$InstrumentingVisitableURLClassLoader: loaded 2 times (x 119B)
Class org.gradle.internal.classloader.VisitableURLClassLoader$Spec                    : loaded 2 times (x 70B)
Class org.gradle.internal.classpath.DefaultClassPath                                  : loaded 2 times (x 86B)
Class org.gradle.internal.classloader.ClassLoaderSpec                                 : loaded 2 times (x 67B)
Class org.gradle.internal.classloader.VisitableURLClassLoader                         : loaded 2 times (x 113B)
Class org.gradle.internal.Cast                                                        : loaded 2 times (x 67B)
Class org.gradle.api.Action                                                           : loaded 2 times (x 66B)
Class org.gradle.internal.agents.InstrumentingClassLoader                             : loaded 2 times (x 66B)
Class org.gradle.internal.classpath.DefaultClassPath$ImmutableUniqueList$Builder      : loaded 2 times (x 71B)
Class org.gradle.internal.classloader.FilteringClassLoader                            : loaded 2 times (x 101B)
Class org.gradle.internal.exceptions.NonGradleCauseExceptionsHolder                   : loaded 2 times (x 66B)
Class org.gradle.internal.IoActions                                                   : loaded 2 times (x 67B)
Class org.gradle.internal.classloader.SystemClassLoaderSpec                           : loaded 2 times (x 67B)
Class org.gradle.internal.exceptions.MultiCauseException                              : loaded 2 times (x 66B)
Class org.gradle.internal.time.CountdownTimer                                         : loaded 2 times (x 66B)
Class kotlin.jvm.internal.Intrinsics                                                  : loaded 2 times (x 67B)
Class org.gradle.tooling.model.ProjectModel                                           : loaded 2 times (x 66B)
Class kotlin.KotlinNullPointerException                                               : loaded 2 times (x 79B)
Class org.gradle.internal.exceptions.DefaultMultiCauseException                       : loaded 2 times (x 91B)
Class org.gradle.internal.time.Time                                                   : loaded 2 times (x 67B)
Class org.gradle.internal.time.Timer                                                  : loaded 2 times (x 66B)
Class org.gradle.internal.installation.CurrentGradleInstallationLocator               : loaded 2 times (x 67B)
Class org.gradle.internal.service.DefaultServiceLocator                               : loaded 2 times (x 79B)
Class org.gradle.util.GradleVersion                                                   : loaded 2 times (x 79B)
Class org.gradle.internal.installation.CurrentGradleInstallation                      : loaded 2 times (x 69B)
Class org.gradle.util.internal.GUtil                                                  : loaded 2 times (x 67B)
Class org.gradle.internal.installation.GradleInstallation                             : loaded 2 times (x 71B)

---------------  S Y S T E M  ---------------

OS:
 Windows 10 , 64 bit Build 19041 (10.0.19041.5072)
OS uptime: 0 days 18:08 hours

CPU: total 4 (initial active 4) (4 cores per cpu, 1 threads per core) family 6 model 154 stepping 3 microcode 0x0, cx8, cmov, fxsr, mmx, 3dnowpref, sse, sse2, sse3, ssse3, sse4.1, sse4.2, popcnt, lzcnt, tsc, tscinvbit, avx, avx2, aes, clmul, vzeroupper, clflush, clflushopt, hv, rdtscp
Processor Information for all 4 processors :
  Max Mhz: 2688, Current Mhz: 2688, Mhz Limit: 2688

Memory: 4k page, system-wide physical 5171M (331M free)
TotalPageFile size 11472M (AvailPageFile size 4M)
current process WorkingSet (physical memory assigned to process): 279M, peak: 279M
current process commit charge ("private bytes"): 313M, peak: 315M

vm_info: OpenJDK 64-Bit Server VM (21.0.4+13-b509.26) for windows-amd64 JRE (21.0.4+13-b509.26), built on 2024-09-27 by "builduser" with MS VC++ 16.10 / 16.11 (VS2019)

END.
