#
# There is insufficient memory for the Java Runtime Environment to continue.
# Native memory allocation (mmap) failed to map 20971520 bytes. Error detail: G1 virtual space
# Possible reasons:
#   The system is out of physical RAM or swap space
#   This process is running with CompressedOops enabled, and the Java Heap may be blocking the growth of the native heap
# Possible solutions:
#   Reduce memory load on the system
#   Increase physical memory or swap space
#   Check if swap backing store is full
#   Decrease Java heap size (-Xmx/-Xms)
#   Decrease number of Java threads
#   Decrease Java thread stack sizes (-Xss)
#   Set larger code cache with -XX:ReservedCodeCacheSize=
#   JVM is running with Zero Based Compressed Oops mode in which the Java heap is
#     placed in the first 32GB address space. The Java Heap base address is the
#     maximum limit for the native heap growth. Please use -XX:HeapBaseMinAddress
#     to set the Java Heap base and to place the Java Heap above 32GB virtual address.
# This output file may be truncated or incomplete.
#
#  Out of Memory Error (os_windows.cpp:3828), pid=2916, tid=1988
#
# JRE version: OpenJDK Runtime Environment JBR-21.0.4+13-509.26-jcef (21.0.4+13) (build 21.0.4+13-b509.26)
# Java VM: OpenJDK 64-Bit Server VM JBR-21.0.4+13-509.26-jcef (21.0.4+13-b509.26, mixed mode, tiered, compressed oops, compressed class ptrs, g1 gc, windows-amd64)
# No core dump will be written. Minidumps are not enabled by default on client versions of Windows
#

---------------  S U M M A R Y ------------

Command Line: -XX:MaxPermSize=1024m -XX:+HeapDumpOnOutOfMemoryError --add-opens=java.base/java.util=ALL-UNNAMED --add-opens=java.base/java.lang=ALL-UNNAMED --add-opens=java.base/java.lang.invoke=ALL-UNNAMED --add-opens=java.prefs/java.util.prefs=ALL-UNNAMED --add-opens=java.base/java.nio.charset=ALL-UNNAMED --add-opens=java.base/java.net=ALL-UNNAMED --add-opens=java.base/java.util.concurrent.atomic=ALL-UNNAMED -Xmx4096m -Dfile.encoding=UTF-8 -Duser.country=RU -Duser.language=ru -Duser.variant -javaagent:C:\Users\ROMA_W\Downloads\gradle-8.12-bin\wrapper\dists\gradle-8.7-bin\bhs2wmbdwecv87pi65oeuq5iu\gradle-8.7\lib\agents\gradle-instrumentation-agent-8.7.jar org.gradle.launcher.daemon.bootstrap.GradleDaemon 8.7

Host: 12th Gen Intel(R) Core(TM) i7-12650H, 4 cores, 5G,  Windows 10 , 64 bit Build 19041 (10.0.19041.5072)
Time: Fri Jan 17 13:18:38 2025 RTZ 2 (s 10 , 64 bit Build 19041 (10.0.19041.5072) elapsed time: 4.606456 seconds (0d 0h 0m 4s)

---------------  T H R E A D  ---------------

Current thread (0x000001fd65302930):  VMThread "VM Thread"          [id=1988, stack(0x000000d868400000,0x000000d868500000) (1024K)]

Stack: [0x000000d868400000,0x000000d868500000]
Native frames: (J=compiled Java code, j=interpreted, Vv=VM code, C=native code)
V  [jvm.dll+0x6e3739]
V  [jvm.dll+0x8c0c33]
V  [jvm.dll+0x8c318e]
V  [jvm.dll+0x8c3873]
V  [jvm.dll+0x288256]
V  [jvm.dll+0x6dfec5]
V  [jvm.dll+0x6d439a]
V  [jvm.dll+0x36211b]
V  [jvm.dll+0x369cc6]
V  [jvm.dll+0x3bbdf6]
V  [jvm.dll+0x3bc0c8]
V  [jvm.dll+0x3348dc]
V  [jvm.dll+0x334967]
V  [jvm.dll+0x37a70c]
V  [jvm.dll+0x378ebe]
V  [jvm.dll+0x334031]
V  [jvm.dll+0x3785d0]
V  [jvm.dll+0x8c95f8]
V  [jvm.dll+0x8ca974]
V  [jvm.dll+0x8caeb0]
V  [jvm.dll+0x8cb143]
V  [jvm.dll+0x8688c8]
V  [jvm.dll+0x6e1f3d]
C  [ucrtbase.dll+0x21bb2]
C  [KERNEL32.DLL+0x17374]
C  [ntdll.dll+0x4cc91]

VM_Operation (0x000000d8699f3fe0): G1CollectForAllocation, mode: safepoint, requested by thread 0x000001fd6b96c6a0


---------------  P R O C E S S  ---------------

Threads class SMR info:
_java_thread_list=0x000001fd6d19b7d0, length=41, elements={
0x000001fd48fc60e0, 0x000001fd6533f120, 0x000001fd6535e570, 0x000001fd655a30f0,
0x000001fd655a4b60, 0x000001fd655a55c0, 0x000001fd655c0120, 0x000001fd655c0eb0,
0x000001fd655cdad0, 0x000001fd6567d810, 0x000001fd658f3180, 0x000001fd6a0716f0,
0x000001fd6aee2610, 0x000001fd6b624020, 0x000001fd6b0e3c40, 0x000001fd6b94f190,
0x000001fd6b3e2930, 0x000001fd6bde5780, 0x000001fd6b96c6a0, 0x000001fd6b9ffde0,
0x000001fd6b9fd680, 0x000001fd6ba00470, 0x000001fd6b9fdd10, 0x000001fd6b9ff0c0,
0x000001fd6b9ff750, 0x000001fd6b9fe3a0, 0x000001fd6b9fea30, 0x000001fd6c9cd7b0,
0x000001fd6c9cca90, 0x000001fd6c9cde40, 0x000001fd6c9cf1f0, 0x000001fd6c9cc400,
0x000001fd6c9cd120, 0x000001fd6c9ce4d0, 0x000001fd6c9ceb60, 0x000001fd6e07ddd0,
0x000001fd6e07eaf0, 0x000001fd6e07d0b0, 0x000001fd6e07f810, 0x000001fd6e07c390,
0x000001fd6e07d740
}

Java Threads: ( => current thread )
  0x000001fd48fc60e0 JavaThread "main"                              [_thread_blocked, id=948, stack(0x000000d867d00000,0x000000d867e00000) (1024K)]
  0x000001fd6533f120 JavaThread "Reference Handler"          daemon [_thread_blocked, id=4896, stack(0x000000d868500000,0x000000d868600000) (1024K)]
  0x000001fd6535e570 JavaThread "Finalizer"                  daemon [_thread_blocked, id=2744, stack(0x000000d868600000,0x000000d868700000) (1024K)]
  0x000001fd655a30f0 JavaThread "Signal Dispatcher"          daemon [_thread_blocked, id=4532, stack(0x000000d868700000,0x000000d868800000) (1024K)]
  0x000001fd655a4b60 JavaThread "Attach Listener"            daemon [_thread_blocked, id=10668, stack(0x000000d868800000,0x000000d868900000) (1024K)]
  0x000001fd655a55c0 JavaThread "Service Thread"             daemon [_thread_blocked, id=6124, stack(0x000000d868900000,0x000000d868a00000) (1024K)]
  0x000001fd655c0120 JavaThread "Monitor Deflation Thread"   daemon [_thread_blocked, id=2356, stack(0x000000d868a00000,0x000000d868b00000) (1024K)]
  0x000001fd655c0eb0 JavaThread "C2 CompilerThread0"         daemon [_thread_blocked, id=1716, stack(0x000000d868b00000,0x000000d868c00000) (1024K)]
  0x000001fd655cdad0 JavaThread "C1 CompilerThread0"         daemon [_thread_blocked, id=9280, stack(0x000000d868c00000,0x000000d868d00000) (1024K)]
  0x000001fd6567d810 JavaThread "Common-Cleaner"             daemon [_thread_blocked, id=10188, stack(0x000000d868d00000,0x000000d868e00000) (1024K)]
  0x000001fd658f3180 JavaThread "Notification Thread"        daemon [_thread_blocked, id=9688, stack(0x000000d868e00000,0x000000d868f00000) (1024K)]
  0x000001fd6a0716f0 JavaThread "C2 CompilerThread1"         daemon [_thread_in_native, id=1420, stack(0x000000d869200000,0x000000d869300000) (1024K)]
  0x000001fd6aee2610 JavaThread "Daemon health stats"               [_thread_blocked, id=8216, stack(0x000000d869300000,0x000000d869400000) (1024K)]
  0x000001fd6b624020 JavaThread "Incoming local TCP Connector on port 52667"        [_thread_in_native, id=3636, stack(0x000000d869400000,0x000000d869500000) (1024K)]
  0x000001fd6b0e3c40 JavaThread "Daemon periodic checks"            [_thread_blocked, id=3144, stack(0x000000d869500000,0x000000d869600000) (1024K)]
  0x000001fd6b94f190 JavaThread "Daemon"                            [_thread_blocked, id=9132, stack(0x000000d869600000,0x000000d869700000) (1024K)]
  0x000001fd6b3e2930 JavaThread "Handler for socket connection from /127.0.0.1:52667 to /127.0.0.1:52668"        [_thread_in_native, id=11152, stack(0x000000d869700000,0x000000d869800000) (1024K)]
  0x000001fd6bde5780 JavaThread "Cancel handler"                    [_thread_blocked, id=10908, stack(0x000000d869800000,0x000000d869900000) (1024K)]
  0x000001fd6b96c6a0 JavaThread "Daemon worker"                     [_thread_blocked, id=4008, stack(0x000000d869900000,0x000000d869a00000) (1024K)]
  0x000001fd6b9ffde0 JavaThread "Asynchronous log dispatcher for DefaultDaemonConnection: socket connection from /127.0.0.1:52667 to /127.0.0.1:52668"        [_thread_blocked, id=6180, stack(0x000000d869a00000,0x000000d869b00000) (1024K)]
  0x000001fd6b9fd680 JavaThread "Stdin handler"                     [_thread_blocked, id=1240, stack(0x000000d869b00000,0x000000d869c00000) (1024K)]
  0x000001fd6ba00470 JavaThread "Daemon client event forwarder"        [_thread_blocked, id=7120, stack(0x000000d869c00000,0x000000d869d00000) (1024K)]
  0x000001fd6b9fdd10 JavaThread "Cache worker for journal cache (C:\Users\ROMA_W\Downloads\gradle-8.12-bin\caches\journal-1)"        [_thread_blocked, id=420, stack(0x000000d869d00000,0x000000d869e00000) (1024K)]
  0x000001fd6b9ff0c0 JavaThread "File lock request listener"        [_thread_in_native, id=10880, stack(0x000000d869e00000,0x000000d869f00000) (1024K)]
  0x000001fd6b9ff750 JavaThread "Cache worker for file hash cache (C:\Users\ROMA_W\Downloads\gradle-8.12-bin\caches\8.7\fileHashes)"        [_thread_blocked, id=4444, stack(0x000000d869f00000,0x000000d86a000000) (1024K)]
  0x000001fd6b9fe3a0 JavaThread "Cache worker for file hash cache (C:\Users\ROMA_W\Desktop\Mobile\.gradle\8.7\fileHashes)"        [_thread_blocked, id=7100, stack(0x000000d86a000000,0x000000d86a100000) (1024K)]
  0x000001fd6b9fea30 JavaThread "File watcher server"        daemon [_thread_in_native, id=828, stack(0x000000d86a100000,0x000000d86a200000) (1024K)]
  0x000001fd6c9cd7b0 JavaThread "File watcher consumer"      daemon [_thread_blocked, id=5496, stack(0x000000d86a200000,0x000000d86a300000) (1024K)]
  0x000001fd6c9cca90 JavaThread "jar transforms"                    [_thread_blocked, id=6192, stack(0x000000d86a300000,0x000000d86a400000) (1024K)]
  0x000001fd6c9cde40 JavaThread "jar transforms Thread 2"           [_thread_blocked, id=10632, stack(0x000000d86a400000,0x000000d86a500000) (1024K)]
  0x000001fd6c9cf1f0 JavaThread "jar transforms Thread 3"           [_thread_blocked, id=6844, stack(0x000000d86a500000,0x000000d86a600000) (1024K)]
  0x000001fd6c9cc400 JavaThread "jar transforms Thread 4"           [_thread_blocked, id=9240, stack(0x000000d86a600000,0x000000d86a700000) (1024K)]
  0x000001fd6c9cd120 JavaThread "Cache worker for checksums cache (C:\Users\ROMA_W\Desktop\Mobile\.gradle\8.7\checksums)"        [_thread_blocked, id=6808, stack(0x000000d86a700000,0x000000d86a800000) (1024K)]
  0x000001fd6c9ce4d0 JavaThread "Cache worker for cache directory md-supplier (C:\Users\ROMA_W\Downloads\gradle-8.12-bin\caches\8.7\md-supplier)"        [_thread_blocked, id=9300, stack(0x000000d86a800000,0x000000d86a900000) (1024K)]
  0x000001fd6c9ceb60 JavaThread "Cache worker for cache directory md-rule (C:\Users\ROMA_W\Downloads\gradle-8.12-bin\caches\8.7\md-rule)"        [_thread_blocked, id=4144, stack(0x000000d86a900000,0x000000d86aa00000) (1024K)]
  0x000001fd6e07ddd0 JavaThread "Cache worker for file content cache (C:\Users\ROMA_W\Downloads\gradle-8.12-bin\caches\8.7\fileContent)"        [_thread_blocked, id=10452, stack(0x000000d86aa00000,0x000000d86ab00000) (1024K)]
  0x000001fd6e07eaf0 JavaThread "Unconstrained build operations"        [_thread_blocked, id=10376, stack(0x000000d86ab00000,0x000000d86ac00000) (1024K)]
  0x000001fd6e07d0b0 JavaThread "Unconstrained build operations Thread 2"        [_thread_blocked, id=3240, stack(0x000000d86ac00000,0x000000d86ad00000) (1024K)]
  0x000001fd6e07f810 JavaThread "Unconstrained build operations Thread 3"        [_thread_blocked, id=5848, stack(0x000000d86ad00000,0x000000d86ae00000) (1024K)]
  0x000001fd6e07c390 JavaThread "Unconstrained build operations Thread 4"        [_thread_blocked, id=8372, stack(0x000000d86ae00000,0x000000d86af00000) (1024K)]
  0x000001fd6e07d740 JavaThread "Unconstrained build operations Thread 5"        [_thread_blocked, id=1984, stack(0x000000d86af00000,0x000000d86b000000) (1024K)]
Total: 41

Other Threads:
=>0x000001fd65302930 VMThread "VM Thread"                           [id=1988, stack(0x000000d868400000,0x000000d868500000) (1024K)]
  0x000001fd4908e870 WatcherThread "VM Periodic Task Thread"        [id=6036, stack(0x000000d868300000,0x000000d868400000) (1024K)]
  0x000001fd4902ce60 WorkerThread "GC Thread#0"                     [id=1268, stack(0x000000d867e00000,0x000000d867f00000) (1024K)]
  0x000001fd6a071350 WorkerThread "GC Thread#1"                     [id=10224, stack(0x000000d868f00000,0x000000d869000000) (1024K)]
  0x000001fd6a07f7e0 WorkerThread "GC Thread#2"                     [id=9492, stack(0x000000d869000000,0x000000d869100000) (1024K)]
  0x000001fd6a07fb80 WorkerThread "GC Thread#3"                     [id=3764, stack(0x000000d869100000,0x000000d869200000) (1024K)]
  0x000001fd4903af00 ConcurrentGCThread "G1 Main Marker"            [id=6924, stack(0x000000d867f00000,0x000000d868000000) (1024K)]
  0x000001fd4903b910 WorkerThread "G1 Conc#0"                       [id=10328, stack(0x000000d868000000,0x000000d868100000) (1024K)]
  0x000001fd49082f20 ConcurrentGCThread "G1 Refine#0"               [id=1112, stack(0x000000d868100000,0x000000d868200000) (1024K)]
  0x000001fd490839a0 ConcurrentGCThread "G1 Service"                [id=4496, stack(0x000000d868200000,0x000000d868300000) (1024K)]
Total: 10

Threads with active compile tasks:
C2 CompilerThread0     4615 5314       4       java.lang.PublicMethods::merge (81 bytes)
C2 CompilerThread1     4615 5306       4       groovy.lang.MetaClassImpl$1MOPIter::methodNameAction (325 bytes)
Total: 2

VM state: at safepoint (normal execution)

VM Mutex/Monitor currently owned by a thread:  ([mutex/lock_event])
[0x00007ffb78c46948] Threads_lock - owner thread: 0x000001fd65302930
[0x00007ffb78c46a48] Heap_lock - owner thread: 0x000001fd6b96c6a0

Heap address: 0x0000000700000000, size: 4096 MB, Compressed Oops mode: Zero based, Oop shift amount: 3

CDS archive(s) not mapped
Compressed class space mapped at: 0x0000000800000000-0x0000000840000000, reserved size: 1073741824
Narrow klass base: 0x0000000800000000, Narrow klass shift: 0, Narrow klass range: 0x40000000

GC Precious Log:
 CardTable entry size: 512
 Card Set container configuration: InlinePtr #cards 4 size 8 Array Of Cards #cards 16 size 48 Howl #buckets 8 coarsen threshold 3686 Howl Bitmap #cards 512 size 80 coarsen threshold 460 Card regions per heap region 1 cards per card region 4096
 CPUs: 4 total, 4 available
 Memory: 5171M
 Large Page Support: Disabled
 NUMA Support: Disabled
 Compressed Oops: Enabled (Zero based)
 Heap Region Size: 2M
 Heap Min Capacity: 8M
 Heap Initial Capacity: 82M
 Heap Max Capacity: 4G
 Pre-touch: Disabled
 Parallel Workers: 4
 Concurrent Workers: 1
 Concurrent Refinement Workers: 4
 Periodic GC: Disabled

Heap:
 garbage-first heap   total 94208K, used 70622K [0x0000000700000000, 0x0000000800000000)
  region size 2048K, 1 young (2048K), 1 survivors (2048K)
 Metaspace       used 58193K, committed 59648K, reserved 1114112K
  class space    used 7541K, committed 8256K, reserved 1048576K

Heap Regions: E=young(eden), S=young(survivor), O=old, HS=humongous(starts), HC=humongous(continues), CS=collection set, F=free, TAMS=top-at-mark-start, PB=parsable bottom
|   0|0x0000000700000000, 0x0000000700200000, 0x0000000700200000|100%|HS|  |TAMS 0x0000000700000000| PB 0x0000000700000000| Complete 
|   1|0x0000000700200000, 0x0000000700400000, 0x0000000700400000|100%|HC|  |TAMS 0x0000000700200000| PB 0x0000000700200000| Complete 
|   2|0x0000000700400000, 0x0000000700600000, 0x0000000700600000|100%| O|  |TAMS 0x0000000700400000| PB 0x0000000700400000| Untracked 
|   3|0x0000000700600000, 0x0000000700800000, 0x0000000700800000|100%| O|  |TAMS 0x0000000700600000| PB 0x0000000700600000| Untracked 
|   4|0x0000000700800000, 0x0000000700a00000, 0x0000000700a00000|100%| O|  |TAMS 0x0000000700800000| PB 0x0000000700800000| Untracked 
|   5|0x0000000700a00000, 0x0000000700c00000, 0x0000000700c00000|100%| O|  |TAMS 0x0000000700a00000| PB 0x0000000700a00000| Untracked 
|   6|0x0000000700c00000, 0x0000000700e00000, 0x0000000700e00000|100%|HS|  |TAMS 0x0000000700c00000| PB 0x0000000700c00000| Complete 
|   7|0x0000000700e00000, 0x0000000701000000, 0x0000000701000000|100%| O|  |TAMS 0x0000000700e00000| PB 0x0000000700e00000| Untracked 
|   8|0x0000000701000000, 0x0000000701200000, 0x0000000701200000|100%| O|  |TAMS 0x0000000701000000| PB 0x0000000701000000| Untracked 
|   9|0x0000000701200000, 0x0000000701400000, 0x0000000701400000|100%| O|  |TAMS 0x0000000701200000| PB 0x0000000701200000| Untracked 
|  10|0x0000000701400000, 0x0000000701600000, 0x0000000701600000|100%| O|  |TAMS 0x0000000701400000| PB 0x0000000701400000| Untracked 
|  11|0x0000000701600000, 0x0000000701800000, 0x0000000701800000|100%|HS|  |TAMS 0x0000000701600000| PB 0x0000000701600000| Complete 
|  12|0x0000000701800000, 0x0000000701a00000, 0x0000000701a00000|100%|HC|  |TAMS 0x0000000701800000| PB 0x0000000701800000| Complete 
|  13|0x0000000701a00000, 0x0000000701c00000, 0x0000000701c00000|100%|HC|  |TAMS 0x0000000701a00000| PB 0x0000000701a00000| Complete 
|  14|0x0000000701c00000, 0x0000000701e00000, 0x0000000701e00000|100%|HS|  |TAMS 0x0000000701c00000| PB 0x0000000701c00000| Complete 
|  15|0x0000000701e00000, 0x0000000702000000, 0x0000000702000000|100%|HC|  |TAMS 0x0000000701e00000| PB 0x0000000701e00000| Complete 
|  16|0x0000000702000000, 0x0000000702200000, 0x0000000702200000|100%| O|  |TAMS 0x0000000702000000| PB 0x0000000702000000| Untracked 
|  17|0x0000000702200000, 0x0000000702400000, 0x0000000702400000|100%| O|  |TAMS 0x0000000702200000| PB 0x0000000702200000| Untracked 
|  18|0x0000000702400000, 0x0000000702600000, 0x0000000702600000|100%| O|  |TAMS 0x0000000702400000| PB 0x0000000702400000| Untracked 
|  19|0x0000000702600000, 0x0000000702800000, 0x0000000702800000|100%| O|  |TAMS 0x0000000702600000| PB 0x0000000702600000| Untracked 
|  20|0x0000000702800000, 0x0000000702800000, 0x0000000702a00000|  0%| F|  |TAMS 0x0000000702800000| PB 0x0000000702800000| Untracked 
|  21|0x0000000702a00000, 0x0000000702c00000, 0x0000000702c00000|100%|HS|  |TAMS 0x0000000702a00000| PB 0x0000000702a00000| Complete 
|  22|0x0000000702c00000, 0x0000000702c00000, 0x0000000702e00000|  0%| F|  |TAMS 0x0000000702c00000| PB 0x0000000702c00000| Untracked 
|  23|0x0000000702e00000, 0x0000000703000000, 0x0000000703000000|100%| O|  |TAMS 0x0000000702e00000| PB 0x0000000702e00000| Untracked 
|  24|0x0000000703000000, 0x0000000703200000, 0x0000000703200000|100%| O|  |TAMS 0x0000000703000000| PB 0x0000000703000000| Untracked 
|  25|0x0000000703200000, 0x0000000703400000, 0x0000000703400000|100%| O|  |TAMS 0x0000000703200000| PB 0x0000000703200000| Untracked 
|  26|0x0000000703400000, 0x0000000703600000, 0x0000000703600000|100%| O|  |TAMS 0x0000000703400000| PB 0x0000000703400000| Untracked 
|  27|0x0000000703600000, 0x0000000703800000, 0x0000000703800000|100%| O|  |TAMS 0x0000000703600000| PB 0x0000000703600000| Untracked 
|  28|0x0000000703800000, 0x00000007039619c8, 0x0000000703a00000| 69%| O|  |TAMS 0x0000000703800000| PB 0x0000000703800000| Untracked 
|  29|0x0000000703a00000, 0x0000000703a00000, 0x0000000703c00000|  0%| F|  |TAMS 0x0000000703a00000| PB 0x0000000703a00000| Untracked 
|  30|0x0000000703c00000, 0x0000000703e00000, 0x0000000703e00000|100%|HS|  |TAMS 0x0000000703c00000| PB 0x0000000703c00000| Complete 
|  31|0x0000000703e00000, 0x0000000704000000, 0x0000000704000000|100%|HC|  |TAMS 0x0000000703e00000| PB 0x0000000703e00000| Complete 
|  32|0x0000000704000000, 0x0000000704200000, 0x0000000704200000|100%|HC|  |TAMS 0x0000000704000000| PB 0x0000000704000000| Complete 
|  33|0x0000000704200000, 0x0000000704400000, 0x0000000704400000|100%|HS|  |TAMS 0x0000000704200000| PB 0x0000000704200000| Complete 
|  34|0x0000000704400000, 0x0000000704600000, 0x0000000704600000|100%|HC|  |TAMS 0x0000000704400000| PB 0x0000000704400000| Complete 
|  35|0x0000000704600000, 0x0000000704800000, 0x0000000704800000|100%|HC|  |TAMS 0x0000000704600000| PB 0x0000000704600000| Complete 
|  36|0x0000000704800000, 0x0000000704995e80, 0x0000000704a00000| 79%| S|CS|TAMS 0x0000000704800000| PB 0x0000000704800000| Complete 
|  37|0x0000000704a00000, 0x0000000704a00000, 0x0000000704c00000|  0%| F|  |TAMS 0x0000000704a00000| PB 0x0000000704a00000| Untracked 
|  38|0x0000000704c00000, 0x0000000704c00000, 0x0000000704e00000|  0%| F|  |TAMS 0x0000000704c00000| PB 0x0000000704c00000| Untracked 
|  39|0x0000000704e00000, 0x0000000704e00000, 0x0000000705000000|  0%| F|  |TAMS 0x0000000704e00000| PB 0x0000000704e00000| Untracked 
|  40|0x0000000705000000, 0x0000000705000000, 0x0000000705200000|  0%| F|  |TAMS 0x0000000705000000| PB 0x0000000705000000| Untracked 
|  41|0x0000000705200000, 0x0000000705200000, 0x0000000705400000|  0%| F|  |TAMS 0x0000000705200000| PB 0x0000000705200000| Untracked 
|  42|0x0000000705400000, 0x0000000705400000, 0x0000000705600000|  0%| F|  |TAMS 0x0000000705400000| PB 0x0000000705400000| Untracked 
|  43|0x0000000705600000, 0x0000000705600000, 0x0000000705800000|  0%| F|  |TAMS 0x0000000705600000| PB 0x0000000705600000| Untracked 
|  44|0x0000000705800000, 0x0000000705800000, 0x0000000705a00000|  0%| F|  |TAMS 0x0000000705800000| PB 0x0000000705800000| Untracked 
|2047|0x00000007ffe00000, 0x0000000800000000, 0x0000000800000000|100%| O|  |TAMS 0x00000007ffe00000| PB 0x00000007ffe00000| Untracked 

Card table byte_map: [0x000001fd5e520000,0x000001fd5ed20000] _byte_map_base: 0x000001fd5ad20000

Marking Bits: (CMBitMap*) 0x000001fd4902d470
 Bits: [0x000001fd5ed20000, 0x000001fd62d20000)

Polling page: 0x000001fd48e40000

Metaspace:

Usage:
  Non-class:     49.46 MB used.
      Class:      7.36 MB used.
       Both:     56.83 MB used.

Virtual space:
  Non-class space:       64.00 MB reserved,      50.19 MB ( 78%) committed,  1 nodes.
      Class space:        1.00 GB reserved,       8.06 MB ( <1%) committed,  1 nodes.
             Both:        1.06 GB reserved,      58.25 MB (  5%) committed. 

Chunk freelists:
   Non-Class:  13.39 MB
       Class:  7.95 MB
        Both:  21.34 MB

MaxMetaspaceSize: unlimited
CompressedClassSpaceSize: 1.00 GB
Initial GC threshold: 21.00 MB
Current GC threshold: 93.12 MB
CDS: off
 - commit_granule_bytes: 65536.
 - commit_granule_words: 8192.
 - virtual_space_node_default_size: 8388608.
 - enlarge_chunks_in_place: 1.
 - use_allocation_guard: 0.


Internal statistics:

num_allocs_failed_limit: 6.
num_arena_births: 2550.
num_arena_deaths: 0.
num_vsnodes_births: 2.
num_vsnodes_deaths: 0.
num_space_committed: 932.
num_space_uncommitted: 0.
num_chunks_returned_to_freelist: 6.
num_chunks_taken_from_freelist: 4740.
num_chunk_merges: 3.
num_chunk_splits: 3048.
num_chunks_enlarged: 1870.
num_inconsistent_stats: 0.

CodeHeap 'non-profiled nmethods': size=120000Kb used=2453Kb max_used=2526Kb free=117547Kb
 bounds [0x000001fd561c0000, 0x000001fd56440000, 0x000001fd5d6f0000]
CodeHeap 'profiled nmethods': size=120000Kb used=9112Kb max_used=9112Kb free=110887Kb
 bounds [0x000001fd4e6f0000, 0x000001fd4efe0000, 0x000001fd55c20000]
CodeHeap 'non-nmethods': size=5760Kb used=2717Kb max_used=2758Kb free=3042Kb
 bounds [0x000001fd55c20000, 0x000001fd55ee0000, 0x000001fd561c0000]
 total_blobs=5495 nmethods=4645 adapters=753
 compilation: enabled
              stopped_count=0, restarted_count=0
 full_count=0

Compilation events (20 events):
Event: 4.587 Thread 0x000001fd655cdad0 5383       3       java.util.TreeMap::<init> (20 bytes)
Event: 4.587 Thread 0x000001fd655cdad0 nmethod 5383 0x000001fd4efd0990 code [0x000001fd4efd0b40, 0x000001fd4efd0d48]
Event: 4.589 Thread 0x000001fd655cdad0 5385       3       com.google.common.reflect.TypeResolver$TypeVariableKey::hashCode (32 bytes)
Event: 4.590 Thread 0x000001fd655cdad0 nmethod 5385 0x000001fd4efd0e10 code [0x000001fd4efd1000, 0x000001fd4efd16f8]
Event: 4.590 Thread 0x000001fd655cdad0 5386       3       sun.reflect.generics.repository.AbstractRepository::<init> (19 bytes)
Event: 4.590 Thread 0x000001fd655cdad0 nmethod 5386 0x000001fd4efd1910 code [0x000001fd4efd1ac0, 0x000001fd4efd1dc8]
Event: 4.590 Thread 0x000001fd655cdad0 5387       3       com.google.common.reflect.TypeResolver$TypeMappingIntrospector::map (92 bytes)
Event: 4.591 Thread 0x000001fd655cdad0 nmethod 5387 0x000001fd4efd1e90 code [0x000001fd4efd21c0, 0x000001fd4efd3b00]
Event: 4.591 Thread 0x000001fd655cdad0 5389       3       org.gradle.internal.instantiation.generator.AbstractClassGenerator$ExtensibleTypePropertyHandler::claimPropertyImplementation (95 bytes)
Event: 4.591 Thread 0x000001fd655cdad0 nmethod 5389 0x000001fd4efd4090 code [0x000001fd4efd4300, 0x000001fd4efd4c60]
Event: 4.591 Thread 0x000001fd655cdad0 5393       3       org.gradle.internal.instantiation.generator.AbstractClassGenerator$ManagedPropertiesHandler::claimPropertyImplementation (141 bytes)
Event: 4.591 Thread 0x000001fd655cdad0 nmethod 5393 0x000001fd4efd4f90 code [0x000001fd4efd52a0, 0x000001fd4efd6620]
Event: 4.591 Thread 0x000001fd655cdad0 5390       3       org.gradle.internal.instantiation.generator.AbstractClassGenerator$DslMixInPropertyType::claimPropertyImplementation (21 bytes)
Event: 4.591 Thread 0x000001fd655cdad0 nmethod 5390 0x000001fd4efd6b10 code [0x000001fd4efd6cc0, 0x000001fd4efd6ea8]
Event: 4.591 Thread 0x000001fd655cdad0 5391       3       org.gradle.internal.instantiation.generator.AbstractClassGenerator$ServicesPropertyHandler::claimPropertyImplementation (40 bytes)
Event: 4.592 Thread 0x000001fd655cdad0 nmethod 5391 0x000001fd4efd6f90 code [0x000001fd4efd71c0, 0x000001fd4efd7a90]
Event: 4.592 Thread 0x000001fd655cdad0 5392       3       org.gradle.internal.instantiation.generator.AbstractClassGenerator$NamePropertyHandler::claimPropertyImplementation (16 bytes)
Event: 4.592 Thread 0x000001fd655cdad0 nmethod 5392 0x000001fd4efd7d90 code [0x000001fd4efd7f40, 0x000001fd4efd81b8]
Event: 4.592 Thread 0x000001fd655cdad0 5388       1       org.gradle.internal.instantiation.generator.AbstractClassGenerator$PropertyMetadata::field (6 bytes)
Event: 4.592 Thread 0x000001fd655cdad0 nmethod 5388 0x000001fd563b0710 code [0x000001fd563b08a0, 0x000001fd563b09b8]

GC Heap History (20 events):
Event: 1.666 GC heap after
{Heap after GC invocations=6 (full 0):
 garbage-first heap   total 83968K, used 21082K [0x0000000700000000, 0x0000000800000000)
  region size 2048K, 1 young (2048K), 1 survivors (2048K)
 Metaspace       used 27768K, committed 28224K, reserved 1114112K
  class space    used 3251K, committed 3456K, reserved 1048576K
}
Event: 2.187 GC heap before
{Heap before GC invocations=6 (full 0):
 garbage-first heap   total 83968K, used 57946K [0x0000000700000000, 0x0000000800000000)
  region size 2048K, 19 young (38912K), 1 survivors (2048K)
 Metaspace       used 32943K, committed 33664K, reserved 1114112K
  class space    used 4124K, committed 4480K, reserved 1048576K
}
Event: 2.191 GC heap after
{Heap after GC invocations=7 (full 0):
 garbage-first heap   total 83968K, used 23691K [0x0000000700000000, 0x0000000800000000)
  region size 2048K, 3 young (6144K), 3 survivors (6144K)
 Metaspace       used 32943K, committed 33664K, reserved 1114112K
  class space    used 4124K, committed 4480K, reserved 1048576K
}
Event: 2.446 GC heap before
{Heap before GC invocations=7 (full 0):
 garbage-first heap   total 83968K, used 50315K [0x0000000700000000, 0x0000000800000000)
  region size 2048K, 12 young (24576K), 3 survivors (6144K)
 Metaspace       used 35287K, committed 36096K, reserved 1114112K
  class space    used 4542K, committed 4928K, reserved 1048576K
}
Event: 2.450 GC heap after
{Heap after GC invocations=8 (full 0):
 garbage-first heap   total 83968K, used 39464K [0x0000000700000000, 0x0000000800000000)
  region size 2048K, 3 young (6144K), 3 survivors (6144K)
 Metaspace       used 35287K, committed 36096K, reserved 1114112K
  class space    used 4542K, committed 4928K, reserved 1048576K
}
Event: 2.861 GC heap before
{Heap before GC invocations=9 (full 0):
 garbage-first heap   total 83968K, used 70184K [0x0000000700000000, 0x0000000800000000)
  region size 2048K, 18 young (36864K), 3 survivors (6144K)
 Metaspace       used 39055K, committed 40064K, reserved 1114112K
  class space    used 5152K, committed 5632K, reserved 1048576K
}
Event: 2.866 GC heap after
{Heap after GC invocations=10 (full 0):
 garbage-first heap   total 83968K, used 41745K [0x0000000700000000, 0x0000000800000000)
  region size 2048K, 3 young (6144K), 3 survivors (6144K)
 Metaspace       used 39055K, committed 40064K, reserved 1114112K
  class space    used 5152K, committed 5632K, reserved 1048576K
}
Event: 3.201 GC heap before
{Heap before GC invocations=10 (full 0):
 garbage-first heap   total 83968K, used 70417K [0x0000000700000000, 0x0000000800000000)
  region size 2048K, 17 young (34816K), 3 survivors (6144K)
 Metaspace       used 42993K, committed 44224K, reserved 1114112K
  class space    used 5798K, committed 6400K, reserved 1048576K
}
Event: 3.204 GC heap after
{Heap after GC invocations=11 (full 0):
 garbage-first heap   total 83968K, used 42789K [0x0000000700000000, 0x0000000800000000)
  region size 2048K, 2 young (4096K), 2 survivors (4096K)
 Metaspace       used 42993K, committed 44224K, reserved 1114112K
  class space    used 5798K, committed 6400K, reserved 1048576K
}
Event: 3.534 GC heap before
{Heap before GC invocations=11 (full 0):
 garbage-first heap   total 83968K, used 71461K [0x0000000700000000, 0x0000000800000000)
  region size 2048K, 17 young (34816K), 2 survivors (4096K)
 Metaspace       used 49217K, committed 50432K, reserved 1114112K
  class space    used 6435K, committed 7040K, reserved 1048576K
}
Event: 3.538 GC heap after
{Heap after GC invocations=12 (full 0):
 garbage-first heap   total 83968K, used 46786K [0x0000000700000000, 0x0000000800000000)
  region size 2048K, 3 young (6144K), 3 survivors (6144K)
 Metaspace       used 49217K, committed 50432K, reserved 1114112K
  class space    used 6435K, committed 7040K, reserved 1048576K
}
Event: 3.661 GC heap before
{Heap before GC invocations=13 (full 0):
 garbage-first heap   total 83968K, used 67266K [0x0000000700000000, 0x0000000800000000)
  region size 2048K, 14 young (28672K), 3 survivors (6144K)
 Metaspace       used 49793K, committed 51072K, reserved 1114112K
  class space    used 6496K, committed 7104K, reserved 1048576K
}
Event: 3.665 GC heap after
{Heap after GC invocations=14 (full 0):
 garbage-first heap   total 83968K, used 48156K [0x0000000700000000, 0x0000000800000000)
  region size 2048K, 2 young (4096K), 2 survivors (4096K)
 Metaspace       used 49793K, committed 51072K, reserved 1114112K
  class space    used 6496K, committed 7104K, reserved 1048576K
}
Event: 3.964 GC heap before
{Heap before GC invocations=14 (full 0):
 garbage-first heap   total 83968K, used 74780K [0x0000000700000000, 0x0000000800000000)
  region size 2048K, 13 young (26624K), 2 survivors (4096K)
 Metaspace       used 53237K, committed 54592K, reserved 1114112K
  class space    used 6912K, committed 7616K, reserved 1048576K
}
Event: 3.967 GC heap after
{Heap after GC invocations=15 (full 0):
 garbage-first heap   total 83968K, used 49541K [0x0000000700000000, 0x0000000800000000)
  region size 2048K, 2 young (4096K), 2 survivors (4096K)
 Metaspace       used 53237K, committed 54592K, reserved 1114112K
  class space    used 6912K, committed 7616K, reserved 1048576K
}
Event: 4.209 GC heap before
{Heap before GC invocations=15 (full 0):
 garbage-first heap   total 83968K, used 72069K [0x0000000700000000, 0x0000000800000000)
  region size 2048K, 13 young (26624K), 2 survivors (4096K)
 Metaspace       used 55748K, committed 57216K, reserved 1114112K
  class space    used 7323K, committed 8064K, reserved 1048576K
}
Event: 4.212 GC heap after
{Heap after GC invocations=16 (full 0):
 garbage-first heap   total 83968K, used 51407K [0x0000000700000000, 0x0000000800000000)
  region size 2048K, 2 young (4096K), 2 survivors (4096K)
 Metaspace       used 55748K, committed 57216K, reserved 1114112K
  class space    used 7323K, committed 8064K, reserved 1048576K
}
Event: 4.509 GC heap before
{Heap before GC invocations=17 (full 0):
 garbage-first heap   total 90112K, used 84175K [0x0000000700000000, 0x0000000800000000)
  region size 2048K, 12 young (24576K), 2 survivors (4096K)
 Metaspace       used 57695K, committed 59136K, reserved 1114112K
  class space    used 7452K, committed 8192K, reserved 1048576K
}
Event: 4.512 GC heap after
{Heap after GC invocations=18 (full 0):
 garbage-first heap   total 94208K, used 69273K [0x0000000700000000, 0x0000000800000000)
  region size 2048K, 2 young (4096K), 2 survivors (4096K)
 Metaspace       used 57695K, committed 59136K, reserved 1114112K
  class space    used 7452K, committed 8192K, reserved 1048576K
}
Event: 4.600 GC heap before
{Heap before GC invocations=18 (full 0):
 garbage-first heap   total 94208K, used 83609K [0x0000000700000000, 0x0000000800000000)
  region size 2048K, 9 young (18432K), 2 survivors (4096K)
 Metaspace       used 58193K, committed 59648K, reserved 1114112K
  class space    used 7541K, committed 8256K, reserved 1048576K
}

Dll operation events (3 events):
Event: 0.004 Loaded shared library C:\Program Files\JetBrains\IntelliJIdea2024.2\jbr\bin\java.dll
Event: 0.007 Loaded shared library C:\Program Files\JetBrains\IntelliJIdea2024.2\jbr\bin\zip.dll
Event: 0.395 Loaded shared library C:\Program Files\JetBrains\IntelliJIdea2024.2\jbr\bin\verify.dll

Deoptimization events (20 events):
Event: 4.504 Thread 0x000001fd6b96c6a0 Uncommon trap: trap_request=0xffffffbe fr.pc=0x000001fd563356d4 relative=0x0000000000000374
Event: 4.504 Thread 0x000001fd6b96c6a0 Uncommon trap: reason=profile_predicate action=maybe_recompile pc=0x000001fd563356d4 method=sun.instrument.TransformerManager.transform(Ljava/lang/Module;Ljava/lang/ClassLoader;Ljava/lang/String;Ljava/lang/Class;Ljava/security/ProtectionDomain;[B)[B @ 21 
Event: 4.504 Thread 0x000001fd6b96c6a0 DEOPT PACKING pc=0x000001fd563356d4 sp=0x000000d8699f69e0
Event: 4.504 Thread 0x000001fd6b96c6a0 DEOPT UNPACKING pc=0x000001fd55c746a2 sp=0x000000d8699f68b0 mode 2
Event: 4.505 Thread 0x000001fd6b96c6a0 Uncommon trap: trap_request=0xffffffbe fr.pc=0x000001fd563356d4 relative=0x0000000000000374
Event: 4.505 Thread 0x000001fd6b96c6a0 Uncommon trap: reason=profile_predicate action=maybe_recompile pc=0x000001fd563356d4 method=sun.instrument.TransformerManager.transform(Ljava/lang/Module;Ljava/lang/ClassLoader;Ljava/lang/String;Ljava/lang/Class;Ljava/security/ProtectionDomain;[B)[B @ 21 
Event: 4.505 Thread 0x000001fd6b96c6a0 DEOPT PACKING pc=0x000001fd563356d4 sp=0x000000d8699f6120
Event: 4.505 Thread 0x000001fd6b96c6a0 DEOPT UNPACKING pc=0x000001fd55c746a2 sp=0x000000d8699f5ff0 mode 2
Event: 4.505 Thread 0x000001fd6b96c6a0 Uncommon trap: trap_request=0xffffffbe fr.pc=0x000001fd563356d4 relative=0x0000000000000374
Event: 4.505 Thread 0x000001fd6b96c6a0 Uncommon trap: reason=profile_predicate action=maybe_recompile pc=0x000001fd563356d4 method=sun.instrument.TransformerManager.transform(Ljava/lang/Module;Ljava/lang/ClassLoader;Ljava/lang/String;Ljava/lang/Class;Ljava/security/ProtectionDomain;[B)[B @ 21 
Event: 4.505 Thread 0x000001fd6b96c6a0 DEOPT PACKING pc=0x000001fd563356d4 sp=0x000000d8699f5c10
Event: 4.505 Thread 0x000001fd6b96c6a0 DEOPT UNPACKING pc=0x000001fd55c746a2 sp=0x000000d8699f5ae0 mode 2
Event: 4.514 Thread 0x000001fd6b96c6a0 Uncommon trap: trap_request=0xffffff45 fr.pc=0x000001fd563ecc3c relative=0x000000000000023c
Event: 4.514 Thread 0x000001fd6b96c6a0 Uncommon trap: reason=unstable_if action=reinterpret pc=0x000001fd563ecc3c method=java.util.HashMap.putVal(ILjava/lang/Object;Ljava/lang/Object;ZZ)Ljava/lang/Object; @ 162 c2
Event: 4.514 Thread 0x000001fd6b96c6a0 DEOPT PACKING pc=0x000001fd563ecc3c sp=0x000000d8699f92c0
Event: 4.514 Thread 0x000001fd6b96c6a0 DEOPT UNPACKING pc=0x000001fd55c746a2 sp=0x000000d8699f91d0 mode 2
Event: 4.575 Thread 0x000001fd6b96c6a0 Uncommon trap: trap_request=0xffffff45 fr.pc=0x000001fd562169d4 relative=0x0000000000000974
Event: 4.575 Thread 0x000001fd6b96c6a0 Uncommon trap: reason=unstable_if action=reinterpret pc=0x000001fd562169d4 method=java.util.WeakHashMap.matchesKey(Ljava/util/WeakHashMap$Entry;Ljava/lang/Object;)Z @ 5 c2
Event: 4.575 Thread 0x000001fd6b96c6a0 DEOPT PACKING pc=0x000001fd562169d4 sp=0x000000d8699f52d0
Event: 4.575 Thread 0x000001fd6b96c6a0 DEOPT UNPACKING pc=0x000001fd55c746a2 sp=0x000000d8699f5238 mode 2

Classes loaded (20 events):
Event: 4.360 Loading class java/lang/ClassCustomizer
Event: 4.360 Loading class java/lang/ClassCustomizer done
Event: 4.360 Loading class java/lang/ClassCustomizer
Event: 4.360 Loading class java/lang/ClassCustomizer done
Event: 4.360 Loading class sun/reflect/generics/tree/BooleanSignature
Event: 4.360 Loading class sun/reflect/generics/tree/BooleanSignature done
Event: 4.360 Loading class sun/reflect/generics/reflectiveObjects/GenericArrayTypeImpl
Event: 4.361 Loading class sun/reflect/generics/reflectiveObjects/GenericArrayTypeImpl done
Event: 4.362 Loading class jdk/internal/vm/annotation/ForceInline
Event: 4.362 Loading class jdk/internal/vm/annotation/ForceInline done
Event: 4.519 Loading class java/util/BitSet$1BitSetSpliterator
Event: 4.519 Loading class java/util/BitSet$1BitSetSpliterator done
Event: 4.571 Loading class java/util/AbstractCollectionBeanInfo
Event: 4.571 Loading class java/util/AbstractCollectionBeanInfo done
Event: 4.571 Loading class java/util/AbstractCollectionBeanInfo
Event: 4.571 Loading class java/util/AbstractCollectionBeanInfo done
Event: 4.571 Loading class java/util/AbstractCollectionCustomizer
Event: 4.571 Loading class java/util/AbstractCollectionCustomizer done
Event: 4.572 Loading class java/util/AbstractCollectionCustomizer
Event: 4.572 Loading class java/util/AbstractCollectionCustomizer done

Classes unloaded (0 events):
No events

Classes redefined (0 events):
No events

Internal exceptions (20 events):
Event: 4.544 Thread 0x000001fd6b96c6a0 Exception <a 'java/lang/ClassNotFoundException'{0x0000000705551948}: org/gradle/initialization/DefaultSettingsCustomizer> (0x0000000705551948) 
thrown [s\src\hotspot\share\classfile\systemDictionary.cpp, line 312]
Event: 4.546 Thread 0x000001fd6b96c6a0 Exception <a 'java/lang/ClassNotFoundException'{0x000000070559daf8}: org/gradle/initialization/DefaultSettings_DecoratedCustomizer> (0x000000070559daf8) 
thrown [s\src\hotspot\share\classfile\systemDictionary.cpp, line 312]
Event: 4.558 Thread 0x000001fd6b96c6a0 Exception <a 'java/lang/ClassNotFoundException'{0x00000007052b3be8}: org/gradle/plugin/management/internal/DefaultPluginManagementSpec_DecoratedBeanInfo> (0x00000007052b3be8) 
thrown [s\src\hotspot\share\classfile\systemDictionary.cpp, line 312]
Event: 4.558 Thread 0x000001fd6b96c6a0 Exception <a 'java/lang/ClassNotFoundException'{0x00000007052c92f8}: org/gradle/plugin/management/internal/DefaultPluginManagementSpecBeanInfo> (0x00000007052c92f8) 
thrown [s\src\hotspot\share\classfile\systemDictionary.cpp, line 312]
Event: 4.558 Thread 0x000001fd6b96c6a0 Exception <a 'java/lang/ClassNotFoundException'{0x00000007052de738}: org/gradle/plugin/management/internal/DefaultPluginManagementSpecCustomizer> (0x00000007052de738) 
thrown [s\src\hotspot\share\classfile\systemDictionary.cpp, line 312]
Event: 4.559 Thread 0x000001fd6b96c6a0 Exception <a 'java/lang/ClassNotFoundException'{0x0000000705304490}: org/gradle/plugin/management/internal/DefaultPluginManagementSpec_DecoratedCustomizer> (0x0000000705304490) 
thrown [s\src\hotspot\share\classfile\systemDictionary.cpp, line 312]
Event: 4.570 Thread 0x000001fd6b96c6a0 Exception <a 'java/lang/ClassNotFoundException'{0x0000000704fbfe88}: org/gradle/api/internal/artifacts/dsl/DefaultRepositoryHandler_DecoratedBeanInfo> (0x0000000704fbfe88) 
thrown [s\src\hotspot\share\classfile\systemDictionary.cpp, line 312]
Event: 4.570 Thread 0x000001fd6b96c6a0 Exception <a 'java/lang/ClassNotFoundException'{0x0000000704fd7158}: org/gradle/api/internal/artifacts/dsl/DefaultRepositoryHandlerBeanInfo> (0x0000000704fd7158) 
thrown [s\src\hotspot\share\classfile\systemDictionary.cpp, line 312]
Event: 4.571 Thread 0x000001fd6b96c6a0 Exception <a 'java/lang/ClassNotFoundException'{0x0000000704feeb68}: org/gradle/api/internal/artifacts/DefaultArtifactRepositoryContainerBeanInfo> (0x0000000704feeb68) 
thrown [s\src\hotspot\share\classfile\systemDictionary.cpp, line 312]
Event: 4.571 Thread 0x000001fd6b96c6a0 Exception <a 'java/lang/ClassNotFoundException'{0x0000000704c038a8}: org/gradle/api/internal/DefaultNamedDomainObjectListBeanInfo> (0x0000000704c038a8) 
thrown [s\src\hotspot\share\classfile\systemDictionary.cpp, line 312]
Event: 4.571 Thread 0x000001fd6b96c6a0 Exception <a 'java/lang/ClassNotFoundException'{0x0000000704c18288}: org/gradle/api/internal/DefaultNamedDomainObjectCollectionBeanInfo> (0x0000000704c18288) 
thrown [s\src\hotspot\share\classfile\systemDictionary.cpp, line 312]
Event: 4.571 Thread 0x000001fd6b96c6a0 Exception <a 'java/lang/ClassNotFoundException'{0x0000000704c2cad0}: org/gradle/api/internal/DefaultDomainObjectCollectionBeanInfo> (0x0000000704c2cad0) 
thrown [s\src\hotspot\share\classfile\systemDictionary.cpp, line 312]
Event: 4.571 Thread 0x000001fd6b96c6a0 Exception <a 'java/lang/ClassNotFoundException'{0x0000000704c33a98}: java/util/AbstractCollectionBeanInfo> (0x0000000704c33a98) 
thrown [s\src\hotspot\share\classfile\systemDictionary.cpp, line 312]
Event: 4.572 Thread 0x000001fd6b96c6a0 Exception <a 'java/lang/ClassNotFoundException'{0x0000000704c3aa30}: java/util/AbstractCollectionCustomizer> (0x0000000704c3aa30) 
thrown [s\src\hotspot\share\classfile\systemDictionary.cpp, line 312]
Event: 4.573 Thread 0x000001fd6b96c6a0 Exception <a 'java/lang/ClassNotFoundException'{0x0000000704c5f590}: org/gradle/api/internal/DefaultDomainObjectCollectionCustomizer> (0x0000000704c5f590) 
thrown [s\src\hotspot\share\classfile\systemDictionary.cpp, line 312]
Event: 4.574 Thread 0x000001fd6b96c6a0 Exception <a 'java/lang/ClassNotFoundException'{0x0000000704c9a380}: org/gradle/api/internal/DefaultNamedDomainObjectCollectionCustomizer> (0x0000000704c9a380) 
thrown [s\src\hotspot\share\classfile\systemDictionary.cpp, line 312]
Event: 4.575 Thread 0x000001fd6b96c6a0 Exception <a 'java/lang/ClassNotFoundException'{0x0000000704ce5288}: org/gradle/api/internal/DefaultNamedDomainObjectListCustomizer> (0x0000000704ce5288) 
thrown [s\src\hotspot\share\classfile\systemDictionary.cpp, line 312]
Event: 4.576 Thread 0x000001fd6b96c6a0 Exception <a 'java/lang/ClassNotFoundException'{0x0000000704d32938}: org/gradle/api/internal/artifacts/DefaultArtifactRepositoryContainerCustomizer> (0x0000000704d32938) 
thrown [s\src\hotspot\share\classfile\systemDictionary.cpp, line 312]
Event: 4.576 Thread 0x000001fd6b96c6a0 Exception <a 'java/lang/ClassNotFoundException'{0x0000000704d7bc78}: org/gradle/api/internal/artifacts/dsl/DefaultRepositoryHandlerCustomizer> (0x0000000704d7bc78) 
thrown [s\src\hotspot\share\classfile\systemDictionary.cpp, line 312]
Event: 4.578 Thread 0x000001fd6b96c6a0 Exception <a 'java/lang/ClassNotFoundException'{0x0000000704dd39d8}: org/gradle/api/internal/artifacts/dsl/DefaultRepositoryHandler_DecoratedCustomizer> (0x0000000704dd39d8) 
thrown [s\src\hotspot\share\classfile\systemDictionary.cpp, line 312]

ZGC Phase Switch (0 events):
No events

VM Operations (20 events):
Event: 3.919 Executing VM operation: HandshakeAllThreads (Deoptimize) done
Event: 3.923 Executing VM operation: HandshakeAllThreads (Deoptimize)
Event: 3.923 Executing VM operation: HandshakeAllThreads (Deoptimize) done
Event: 3.964 Executing VM operation: G1CollectForAllocation (G1 Evacuation Pause)
Event: 3.967 Executing VM operation: G1CollectForAllocation (G1 Evacuation Pause) done
Event: 3.969 Executing VM operation: HandshakeAllThreads (Deoptimize)
Event: 3.969 Executing VM operation: HandshakeAllThreads (Deoptimize) done
Event: 4.110 Executing VM operation: HandshakeAllThreads (Deoptimize)
Event: 4.110 Executing VM operation: HandshakeAllThreads (Deoptimize) done
Event: 4.209 Executing VM operation: G1CollectForAllocation (G1 Evacuation Pause)
Event: 4.212 Executing VM operation: G1CollectForAllocation (G1 Evacuation Pause) done
Event: 4.241 Executing VM operation: G1PauseRemark
Event: 4.245 Executing VM operation: G1PauseRemark done
Event: 4.259 Executing VM operation: G1PauseCleanup
Event: 4.260 Executing VM operation: G1PauseCleanup done
Event: 4.368 Executing VM operation: HandshakeAllThreads (Deoptimize)
Event: 4.368 Executing VM operation: HandshakeAllThreads (Deoptimize) done
Event: 4.509 Executing VM operation: G1CollectForAllocation (G1 Evacuation Pause)
Event: 4.512 Executing VM operation: G1CollectForAllocation (G1 Evacuation Pause) done
Event: 4.600 Executing VM operation: G1CollectForAllocation (G1 Evacuation Pause)

Memory protections (0 events):
No events

Nmethod flushes (20 events):
Event: 4.244 Thread 0x000001fd65302930 flushing  nmethod 0x000001fd4ea2fe10
Event: 4.244 Thread 0x000001fd65302930 flushing  nmethod 0x000001fd4ea59590
Event: 4.244 Thread 0x000001fd65302930 flushing  nmethod 0x000001fd4ea5a990
Event: 4.244 Thread 0x000001fd65302930 flushing  nmethod 0x000001fd4ea61090
Event: 4.244 Thread 0x000001fd65302930 flushing  nmethod 0x000001fd4ea61710
Event: 4.244 Thread 0x000001fd65302930 flushing  nmethod 0x000001fd4ea79590
Event: 4.244 Thread 0x000001fd65302930 flushing  nmethod 0x000001fd4ea7ab10
Event: 4.244 Thread 0x000001fd65302930 flushing  nmethod 0x000001fd4ea9a890
Event: 4.244 Thread 0x000001fd65302930 flushing  nmethod 0x000001fd4eac7890
Event: 4.244 Thread 0x000001fd65302930 flushing  nmethod 0x000001fd4eb22310
Event: 4.244 Thread 0x000001fd65302930 flushing  nmethod 0x000001fd4ecf5210
Event: 4.244 Thread 0x000001fd65302930 flushing  nmethod 0x000001fd4ed2f590
Event: 4.244 Thread 0x000001fd65302930 flushing  nmethod 0x000001fd4ed9db10
Event: 4.244 Thread 0x000001fd65302930 flushing  nmethod 0x000001fd4ee11210
Event: 4.244 Thread 0x000001fd65302930 flushing  nmethod 0x000001fd4ee11510
Event: 4.244 Thread 0x000001fd65302930 flushing  nmethod 0x000001fd4ee11a10
Event: 4.244 Thread 0x000001fd65302930 flushing  nmethod 0x000001fd4ee12110
Event: 4.244 Thread 0x000001fd65302930 flushing  nmethod 0x000001fd4ee13a90
Event: 4.244 Thread 0x000001fd65302930 flushing  nmethod 0x000001fd4ee19390
Event: 4.244 Thread 0x000001fd65302930 flushing  nmethod 0x000001fd4ee19910

Events (20 events):
Event: 1.331 Thread 0x000001fd6b96c6a0 Thread added: 0x000001fd6ba00470
Event: 1.529 Thread 0x000001fd6b96c6a0 Thread added: 0x000001fd6b9fdd10
Event: 1.532 Thread 0x000001fd6b96c6a0 Thread added: 0x000001fd6b9ff0c0
Event: 1.549 Thread 0x000001fd6b96c6a0 Thread added: 0x000001fd6b9ff750
Event: 2.159 Thread 0x000001fd6b96c6a0 Thread added: 0x000001fd6b9fe3a0
Event: 2.294 Thread 0x000001fd6b96c6a0 Thread added: 0x000001fd6b9fea30
Event: 2.297 Thread 0x000001fd6b96c6a0 Thread added: 0x000001fd6c9cd7b0
Event: 2.367 Thread 0x000001fd6b96c6a0 Thread added: 0x000001fd6c9cca90
Event: 2.367 Thread 0x000001fd6b96c6a0 Thread added: 0x000001fd6c9cde40
Event: 2.367 Thread 0x000001fd6b96c6a0 Thread added: 0x000001fd6c9cf1f0
Event: 2.367 Thread 0x000001fd6b96c6a0 Thread added: 0x000001fd6c9cc400
Event: 2.721 Thread 0x000001fd6b96c6a0 Thread added: 0x000001fd6c9cd120
Event: 2.771 Thread 0x000001fd6b96c6a0 Thread added: 0x000001fd6c9ce4d0
Event: 2.777 Thread 0x000001fd6b96c6a0 Thread added: 0x000001fd6c9ceb60
Event: 2.913 Thread 0x000001fd6b96c6a0 Thread added: 0x000001fd6e07ddd0
Event: 4.131 Thread 0x000001fd6b96c6a0 Thread added: 0x000001fd6e07eaf0
Event: 4.132 Thread 0x000001fd6b96c6a0 Thread added: 0x000001fd6e07d0b0
Event: 4.209 Thread 0x000001fd6b96c6a0 Thread added: 0x000001fd6e07f810
Event: 4.219 Thread 0x000001fd6b96c6a0 Thread added: 0x000001fd6e07c390
Event: 4.220 Thread 0x000001fd6b96c6a0 Thread added: 0x000001fd6e07d740


Dynamic libraries:
0x00007ff7a41f0000 - 0x00007ff7a41fa000 	C:\Program Files\JetBrains\IntelliJIdea2024.2\jbr\bin\java.exe
0x00007ffba10f0000 - 0x00007ffba12e8000 	C:\Windows\SYSTEM32\ntdll.dll
0x00007ffb9f490000 - 0x00007ffb9f552000 	C:\Windows\System32\KERNEL32.DLL
0x00007ffb9eb10000 - 0x00007ffb9ee0e000 	C:\Windows\System32\KERNELBASE.dll
0x00007ffb9e8f0000 - 0x00007ffb9e9f0000 	C:\Windows\System32\ucrtbase.dll
0x00007ffb8e5e0000 - 0x00007ffb8e5f8000 	C:\Program Files\JetBrains\IntelliJIdea2024.2\jbr\bin\jli.dll
0x00007ffb9b550000 - 0x00007ffb9b56b000 	C:\Program Files\JetBrains\IntelliJIdea2024.2\jbr\bin\VCRUNTIME140.dll
0x00007ffba0bf0000 - 0x00007ffba0d8d000 	C:\Windows\System32\USER32.dll
0x00007ffb9e820000 - 0x00007ffb9e842000 	C:\Windows\System32\win32u.dll
0x00007ffba0950000 - 0x00007ffba097b000 	C:\Windows\System32\GDI32.dll
0x00007ffb9e9f0000 - 0x00007ffb9eb07000 	C:\Windows\System32\gdi32full.dll
0x00007ffb8ece0000 - 0x00007ffb8ef7a000 	C:\Windows\WinSxS\amd64_microsoft.windows.common-controls_6595b64144ccf1df_6.0.19041.4355_none_60b8b9eb71f62e16\COMCTL32.dll
0x00007ffb9e850000 - 0x00007ffb9e8ed000 	C:\Windows\System32\msvcp_win.dll
0x00007ffba0b50000 - 0x00007ffba0bee000 	C:\Windows\System32\msvcrt.dll
0x00007ffba0e50000 - 0x00007ffba0e7f000 	C:\Windows\System32\IMM32.DLL
0x00007ffb9b5a0000 - 0x00007ffb9b5ac000 	C:\Program Files\JetBrains\IntelliJIdea2024.2\jbr\bin\vcruntime140_1.dll
0x00007ffb819e0000 - 0x00007ffb81a6d000 	C:\Program Files\JetBrains\IntelliJIdea2024.2\jbr\bin\msvcp140.dll
0x00007ffb77f80000 - 0x00007ffb78d37000 	C:\Program Files\JetBrains\IntelliJIdea2024.2\jbr\bin\server\jvm.dll
0x00007ffba0f90000 - 0x00007ffba1041000 	C:\Windows\System32\ADVAPI32.dll
0x00007ffba0ef0000 - 0x00007ffba0f8f000 	C:\Windows\System32\sechost.dll
0x00007ffb9f1f0000 - 0x00007ffb9f313000 	C:\Windows\System32\RPCRT4.dll
0x00007ffb9ee10000 - 0x00007ffb9ee37000 	C:\Windows\System32\bcrypt.dll
0x00007ffba08e0000 - 0x00007ffba094b000 	C:\Windows\System32\WS2_32.dll
0x00007ffb9e5f0000 - 0x00007ffb9e63b000 	C:\Windows\SYSTEM32\POWRPROF.dll
0x00007ffb8da70000 - 0x00007ffb8da97000 	C:\Windows\SYSTEM32\WINMM.dll
0x00007ffb9c510000 - 0x00007ffb9c51a000 	C:\Windows\SYSTEM32\VERSION.dll
0x00007ffb9e5d0000 - 0x00007ffb9e5e2000 	C:\Windows\SYSTEM32\UMPDC.dll
0x00007ffb9c7f0000 - 0x00007ffb9c802000 	C:\Windows\SYSTEM32\kernel.appcore.dll
0x00007ffb9b590000 - 0x00007ffb9b59a000 	C:\Program Files\JetBrains\IntelliJIdea2024.2\jbr\bin\jimage.dll
0x00007ffb8f070000 - 0x00007ffb8f254000 	C:\Windows\SYSTEM32\DBGHELP.DLL
0x00007ffb8f030000 - 0x00007ffb8f064000 	C:\Windows\SYSTEM32\dbgcore.DLL
0x00007ffb9e790000 - 0x00007ffb9e812000 	C:\Windows\System32\bcryptPrimitives.dll
0x00007ffb9a1b0000 - 0x00007ffb9a1be000 	C:\Program Files\JetBrains\IntelliJIdea2024.2\jbr\bin\instrument.dll
0x00007ffb91d80000 - 0x00007ffb91d9f000 	C:\Program Files\JetBrains\IntelliJIdea2024.2\jbr\bin\java.dll
0x00007ffb8e050000 - 0x00007ffb8e068000 	C:\Program Files\JetBrains\IntelliJIdea2024.2\jbr\bin\zip.dll
0x00007ffba0170000 - 0x00007ffba08dd000 	C:\Windows\System32\SHELL32.dll
0x00007ffb9c810000 - 0x00007ffb9cfb4000 	C:\Windows\SYSTEM32\windows.storage.dll
0x00007ffb9f560000 - 0x00007ffb9f8b3000 	C:\Windows\System32\combase.dll
0x00007ffb9e150000 - 0x00007ffb9e17e000 	C:\Windows\SYSTEM32\Wldp.dll
0x00007ffb9f320000 - 0x00007ffb9f3ed000 	C:\Windows\System32\OLEAUT32.dll
0x00007ffb9f8c0000 - 0x00007ffb9f96d000 	C:\Windows\System32\SHCORE.dll
0x00007ffba1050000 - 0x00007ffba10a5000 	C:\Windows\System32\shlwapi.dll
0x00007ffb9e6c0000 - 0x00007ffb9e6e4000 	C:\Windows\SYSTEM32\profapi.dll
0x00007ffb9a1a0000 - 0x00007ffb9a1b0000 	C:\Program Files\JetBrains\IntelliJIdea2024.2\jbr\bin\net.dll
0x00007ffb97340000 - 0x00007ffb9744d000 	C:\Windows\SYSTEM32\WINHTTP.dll
0x00007ffb9deb0000 - 0x00007ffb9df1a000 	C:\Windows\system32\mswsock.dll
0x00007ffb8e030000 - 0x00007ffb8e046000 	C:\Program Files\JetBrains\IntelliJIdea2024.2\jbr\bin\nio.dll
0x00007ffb8dfb0000 - 0x00007ffb8dfc0000 	C:\Program Files\JetBrains\IntelliJIdea2024.2\jbr\bin\verify.dll
0x00007ffb990b0000 - 0x00007ffb990d7000 	C:\Users\ROMA_W\Downloads\gradle-8.12-bin\native\c067742578af261105cb4f569cf0c3c89f3d7b1fecec35dd04571415982c5e48\windows-amd64\native-platform.dll
0x00007ffb7e360000 - 0x00007ffb7e4a4000 	C:\Users\ROMA_W\Downloads\gradle-8.12-bin\native\38dada09dfb8b06ba9b0570ebf7e218e3eb74d4ef43ca46872605cf95ebc2f47\windows-amd64\native-platform-file-events.dll
0x00007ffb8e420000 - 0x00007ffb8e429000 	C:\Program Files\JetBrains\IntelliJIdea2024.2\jbr\bin\management.dll
0x00007ffb8e020000 - 0x00007ffb8e02b000 	C:\Program Files\JetBrains\IntelliJIdea2024.2\jbr\bin\management_ext.dll
0x00007ffba0e80000 - 0x00007ffba0e88000 	C:\Windows\System32\PSAPI.DLL
0x00007ffb9e0a0000 - 0x00007ffb9e0b8000 	C:\Windows\SYSTEM32\CRYPTSP.dll
0x00007ffb9d770000 - 0x00007ffb9d7a4000 	C:\Windows\system32\rsaenh.dll
0x00007ffb9e640000 - 0x00007ffb9e66e000 	C:\Windows\SYSTEM32\USERENV.dll
0x00007ffb9e0c0000 - 0x00007ffb9e0cc000 	C:\Windows\SYSTEM32\CRYPTBASE.dll
0x00007ffb9db90000 - 0x00007ffb9dbcb000 	C:\Windows\SYSTEM32\IPHLPAPI.DLL
0x00007ffba0160000 - 0x00007ffba0168000 	C:\Windows\System32\NSI.dll
0x00007ffb8de50000 - 0x00007ffb8de59000 	C:\Program Files\JetBrains\IntelliJIdea2024.2\jbr\bin\extnet.dll
0x00007ffb8dfa0000 - 0x00007ffb8dfae000 	C:\Program Files\JetBrains\IntelliJIdea2024.2\jbr\bin\sunmscapi.dll
0x00007ffb9ee40000 - 0x00007ffb9ef9c000 	C:\Windows\System32\CRYPT32.dll
0x00007ffb9e1c0000 - 0x00007ffb9e1e7000 	C:\Windows\SYSTEM32\ncrypt.dll
0x00007ffb9e180000 - 0x00007ffb9e1bb000 	C:\Windows\SYSTEM32\NTASN1.dll
0x00007ffb8de60000 - 0x00007ffb8de67000 	C:\Windows\system32\wshunix.dll

dbghelp: loaded successfully - version: 4.0.5 - missing functions: none
symbol engine: initialized successfully - sym options: 0x614 - pdb path: .;C:\Program Files\JetBrains\IntelliJIdea2024.2\jbr\bin;C:\Windows\SYSTEM32;C:\Windows\WinSxS\amd64_microsoft.windows.common-controls_6595b64144ccf1df_6.0.19041.4355_none_60b8b9eb71f62e16;C:\Program Files\JetBrains\IntelliJIdea2024.2\jbr\bin\server;C:\Users\ROMA_W\Downloads\gradle-8.12-bin\native\c067742578af261105cb4f569cf0c3c89f3d7b1fecec35dd04571415982c5e48\windows-amd64;C:\Users\ROMA_W\Downloads\gradle-8.12-bin\native\38dada09dfb8b06ba9b0570ebf7e218e3eb74d4ef43ca46872605cf95ebc2f47\windows-amd64

VM Arguments:
jvm_args: -XX:MaxPermSize=1024m -XX:+HeapDumpOnOutOfMemoryError --add-opens=java.base/java.util=ALL-UNNAMED --add-opens=java.base/java.lang=ALL-UNNAMED --add-opens=java.base/java.lang.invoke=ALL-UNNAMED --add-opens=java.prefs/java.util.prefs=ALL-UNNAMED --add-opens=java.base/java.nio.charset=ALL-UNNAMED --add-opens=java.base/java.net=ALL-UNNAMED --add-opens=java.base/java.util.concurrent.atomic=ALL-UNNAMED -Xmx4096m -Dfile.encoding=UTF-8 -Duser.country=RU -Duser.language=ru -Duser.variant -javaagent:C:\Users\ROMA_W\Downloads\gradle-8.12-bin\wrapper\dists\gradle-8.7-bin\bhs2wmbdwecv87pi65oeuq5iu\gradle-8.7\lib\agents\gradle-instrumentation-agent-8.7.jar 
java_command: org.gradle.launcher.daemon.bootstrap.GradleDaemon 8.7
java_class_path (initial): C:\Users\ROMA_W\Downloads\gradle-8.12-bin\wrapper\dists\gradle-8.7-bin\bhs2wmbdwecv87pi65oeuq5iu\gradle-8.7\lib\gradle-launcher-8.7.jar
Launcher Type: SUN_STANDARD

[Global flags]
     intx CICompilerCount                          = 3                                         {product} {ergonomic}
     uint ConcGCThreads                            = 1                                         {product} {ergonomic}
     uint G1ConcRefinementThreads                  = 4                                         {product} {ergonomic}
   size_t G1HeapRegionSize                         = 2097152                                   {product} {ergonomic}
    uintx GCDrainStackTargetSize                   = 64                                        {product} {ergonomic}
     bool HeapDumpOnOutOfMemoryError               = true                                   {manageable} {command line}
   size_t InitialHeapSize                          = 85983232                                  {product} {ergonomic}
   size_t MarkStackSize                            = 4194304                                   {product} {ergonomic}
   size_t MaxHeapSize                              = 4294967296                                {product} {command line}
   size_t MaxNewSize                               = 2575302656                                {product} {ergonomic}
   size_t MinHeapDeltaBytes                        = 2097152                                   {product} {ergonomic}
   size_t MinHeapSize                              = 8388608                                   {product} {ergonomic}
    uintx NonNMethodCodeHeapSize                   = 5832780                                {pd product} {ergonomic}
    uintx NonProfiledCodeHeapSize                  = 122912730                              {pd product} {ergonomic}
    uintx ProfiledCodeHeapSize                     = 122912730                              {pd product} {ergonomic}
    uintx ReservedCodeCacheSize                    = 251658240                              {pd product} {ergonomic}
     bool SegmentedCodeCache                       = true                                      {product} {ergonomic}
   size_t SoftMaxHeapSize                          = 4294967296                             {manageable} {ergonomic}
     bool UseCompressedOops                        = true                           {product lp64_product} {ergonomic}
     bool UseG1GC                                  = true                                      {product} {ergonomic}
     bool UseLargePagesIndividualAllocation        = false                                  {pd product} {ergonomic}

Logging:
Log output configuration:
 #0: stdout all=warning uptime,level,tags foldmultilines=false
 #1: stderr all=off uptime,level,tags foldmultilines=false

Environment Variables:
PATH=C:\Program Files\Common Files\Oracle\Java\javapath;c:\Users\ROMA_W\AppData\Local\Programs\cursor\resources\app\bin;C:\Windows\system32;C:\Windows;C:\Windows\System32\Wbem;C:\Windows\System32\WindowsPowerShell\v1.0\;C:\Windows\System32\OpenSSH\;C:\Users\ROMA_W\AppData\Local\Microsoft\WindowsApps;c:\Users\ROMA_W\AppData\Local\Programs\cursor\resources\app\bin;c:\Users\ROMA_W\AppData\Local\Programs\cursor\resources\app\bin;C:\Program Files\Git\cmd;C:\Users\ROMA_W\AppData\Local\Microsoft\WindowsApps;
USERNAME=ROMA_W
OS=Windows_NT
PROCESSOR_IDENTIFIER=Intel64 Family 6 Model 154 Stepping 3, GenuineIntel
TMP=C:\Users\ROMA_W\AppData\Local\Temp
TEMP=C:\Users\ROMA_W\AppData\Local\Temp




Periodic native trim disabled

JNI global refs:
JNI global refs: 26, weak refs: 0

JNI global refs memory usage: 835, weak refs: 833

Process memory usage:
Resident Set Size: 285008K (5% of 5295668K total physical memory with 323348K free physical memory)

OOME stack traces (most recent first):
Classloader memory used:
Loader org.gradle.internal.classloader.VisitableURLClassLoader                         : 26227K
Loader bootstrap                                                                       : 23313K
Loader org.gradle.initialization.MixInLegacyTypesClassLoader                           : 6216K
Loader org.gradle.internal.classloader.VisitableURLClassLoader                         : 712K
Loader jdk.internal.loader.ClassLoaders$PlatformClassLoader                            : 584K
Loader org.gradle.internal.classloader.VisitableURLClassLoader$InstrumentingVisitableURLClassLoader: 578K
Loader jdk.internal.loader.ClassLoaders$AppClassLoader                                 : 230K
Loader jdk.internal.reflect.DelegatingClassLoader                                      : 151K
Loader org.gradle.groovy.scripts.internal.DefaultScriptCompilationHandler$ScriptClassLoader: 130K
Loader org.codehaus.groovy.runtime.callsite.CallSiteClassLoader                        : 49592B

Classes loaded by more than one classloader:
Class org.gradle.api.GradleException                                                  : loaded 3 times (x 78B)
Class org.gradle.internal.classloader.ClassLoaderHierarchy                            : loaded 2 times (x 66B)
Class org.gradle.api.internal.classpath.ManifestUtil                                  : loaded 2 times (x 67B)
Class org.gradle.internal.operations.MultipleBuildOperationFailures                   : loaded 2 times (x 91B)
Class org.gradle.internal.classloader.DefaultClassLoaderFactory                       : loaded 2 times (x 78B)
Class org.gradle.internal.classloader.ClassLoaderVisitor                              : loaded 2 times (x 72B)
Class org.gradle.api.internal.classpath.EffectiveClassPath                            : loaded 2 times (x 86B)
Class org.gradle.api.internal.DefaultClassPathProvider                                : loaded 2 times (x 72B)
Class [Lorg.gradle.api.internal.ClassPathProvider;                                    : loaded 2 times (x 65B)
Class org.gradle.api.internal.ClassPathProvider                                       : loaded 2 times (x 66B)
Class org.gradle.internal.service.UnknownServiceException                             : loaded 2 times (x 79B)
Class org.gradle.internal.classpath.TransformedClassPath                              : loaded 2 times (x 92B)
Class org.gradle.internal.service.ServiceLocator                                      : loaded 2 times (x 66B)
Class org.gradle.internal.InternalTransformer                                         : loaded 2 times (x 66B)
Class org.gradle.internal.time.DefaultTimer                                           : loaded 2 times (x 76B)
Class org.gradle.internal.classloader.ClasspathUtil$1                                 : loaded 2 times (x 72B)
Class org.gradle.api.internal.classpath.DefaultModuleRegistry$DefaultModule           : loaded 2 times (x 82B)
Class sync_studio_tooling10_5t9zaeyuou4303l1dgj8u6ktj$_run_closure1                   : loaded 2 times (x 135B)
Class org.gradle.internal.time.DefaultCountdownTimer                                  : loaded 2 times (x 84B)
Class kotlin.Function                                                                 : loaded 2 times (x 66B)
Class org.gradle.api.internal.classpath.Module                                        : loaded 2 times (x 66B)
Class org.gradle.api.internal.classpath.UnknownModuleException                        : loaded 2 times (x 78B)
Class org.gradle.cache.GlobalCache                                                    : loaded 2 times (x 66B)
Class org.gradle.api.internal.DefaultClassPathRegistry                                : loaded 2 times (x 72B)
Class org.gradle.api.internal.ClassPathRegistry                                       : loaded 2 times (x 66B)
Class org.gradle.internal.classpath.DefaultClassPath$ImmutableUniqueList              : loaded 2 times (x 195B)
Class org.gradle.internal.classpath.ClassPath                                         : loaded 2 times (x 66B)
Class org.gradle.api.UncheckedIOException                                             : loaded 2 times (x 78B)
Class kotlin.UninitializedPropertyAccessException                                     : loaded 2 times (x 78B)
Class org.gradle.internal.installation.GradleInstallation$1                           : loaded 2 times (x 71B)
Class org.gradle.api.internal.classpath.ModuleRegistry                                : loaded 2 times (x 66B)
Class org.gradle.api.internal.classpath.DefaultModuleRegistry                         : loaded 2 times (x 82B)
Class org.gradle.internal.time.MonotonicClock                                         : loaded 2 times (x 73B)
Class org.gradle.internal.service.ServiceLookupException                              : loaded 2 times (x 78B)
Class org.gradle.internal.classloader.ClassLoaderFactory                              : loaded 2 times (x 66B)
Class org.gradle.internal.service.CachingServiceLocator                               : loaded 2 times (x 78B)
Class org.gradle.internal.time.TimeSource                                             : loaded 2 times (x 66B)
Class org.gradle.internal.exceptions.ResolutionProvider                               : loaded 2 times (x 66B)
Class org.gradle.internal.classloader.ClasspathUtil                                   : loaded 2 times (x 67B)
Class org.gradle.internal.time.TimeSource$1                                           : loaded 2 times (x 73B)
Class org.gradle.api.specs.Spec                                                       : loaded 2 times (x 66B)
Class org.gradle.internal.time.Clock                                                  : loaded 2 times (x 66B)
Class org.gradle.internal.classloader.VisitableURLClassLoader$InstrumentingVisitableURLClassLoader: loaded 2 times (x 119B)
Class org.gradle.internal.classloader.VisitableURLClassLoader$Spec                    : loaded 2 times (x 70B)
Class org.gradle.internal.classpath.DefaultClassPath                                  : loaded 2 times (x 86B)
Class org.gradle.internal.classloader.ClassLoaderSpec                                 : loaded 2 times (x 67B)
Class ijInit1_9sp7auew05dycdbebg126mytx                                               : loaded 2 times (x 175B)
Class org.gradle.internal.classloader.VisitableURLClassLoader                         : loaded 2 times (x 113B)
Class org.gradle.internal.Cast                                                        : loaded 2 times (x 67B)
Class org.gradle.api.Action                                                           : loaded 2 times (x 66B)
Class org.gradle.internal.agents.InstrumentingClassLoader                             : loaded 2 times (x 66B)
Class org.gradle.internal.classpath.DefaultClassPath$ImmutableUniqueList$Builder      : loaded 2 times (x 71B)
Class org.gradle.internal.classloader.FilteringClassLoader                            : loaded 2 times (x 101B)
Class org.gradle.internal.exceptions.NonGradleCauseExceptionsHolder                   : loaded 2 times (x 66B)
Class org.gradle.internal.IoActions                                                   : loaded 2 times (x 67B)
Class org.gradle.internal.classloader.SystemClassLoaderSpec                           : loaded 2 times (x 67B)
Class org.gradle.internal.exceptions.MultiCauseException                              : loaded 2 times (x 66B)
Class org.gradle.internal.time.CountdownTimer                                         : loaded 2 times (x 66B)
Class kotlin.jvm.internal.Intrinsics                                                  : loaded 2 times (x 67B)
Class org.gradle.tooling.model.ProjectModel                                           : loaded 2 times (x 66B)
Class kotlin.KotlinNullPointerException                                               : loaded 2 times (x 79B)
Class org.gradle.internal.exceptions.DefaultMultiCauseException                       : loaded 2 times (x 91B)
Class org.gradle.internal.time.Time                                                   : loaded 2 times (x 67B)
Class org.gradle.internal.time.Timer                                                  : loaded 2 times (x 66B)
Class org.gradle.internal.installation.CurrentGradleInstallationLocator               : loaded 2 times (x 67B)
Class org.gradle.internal.service.DefaultServiceLocator                               : loaded 2 times (x 79B)
Class org.gradle.util.GradleVersion                                                   : loaded 2 times (x 79B)
Class org.gradle.internal.installation.CurrentGradleInstallation                      : loaded 2 times (x 69B)
Class sync_studio_tooling10_5t9zaeyuou4303l1dgj8u6ktj                                 : loaded 2 times (x 175B)
Class org.gradle.util.internal.GUtil                                                  : loaded 2 times (x 67B)
Class org.gradle.internal.installation.GradleInstallation                             : loaded 2 times (x 71B)

---------------  S Y S T E M  ---------------

OS:
 Windows 10 , 64 bit Build 19041 (10.0.19041.5072)
OS uptime: 0 days 18:08 hours

CPU: total 4 (initial active 4) (4 cores per cpu, 1 threads per core) family 6 model 154 stepping 3 microcode 0x0, cx8, cmov, fxsr, mmx, 3dnowpref, sse, sse2, sse3, ssse3, sse4.1, sse4.2, popcnt, lzcnt, tsc, tscinvbit, avx, avx2, aes, clmul, vzeroupper, clflush, clflushopt, hv, rdtscp
Processor Information for all 4 processors :
  Max Mhz: 2688, Current Mhz: 2688, Mhz Limit: 2688

Memory: 4k page, system-wide physical 5171M (315M free)
TotalPageFile size 11472M (AvailPageFile size 18M)
current process WorkingSet (physical memory assigned to process): 278M, peak: 278M
current process commit charge ("private bytes"): 303M, peak: 324M

vm_info: OpenJDK 64-Bit Server VM (21.0.4+13-b509.26) for windows-amd64 JRE (21.0.4+13-b509.26), built on 2024-09-27 by "builduser" with MS VC++ 16.10 / 16.11 (VS2019)

END.
