#
# There is insufficient memory for the Java Runtime Environment to continue.
# Native memory allocation (mmap) failed to map 14680064 bytes. Error detail: G1 virtual space
# Possible reasons:
#   The system is out of physical RAM or swap space
#   This process is running with CompressedOops enabled, and the Java Heap may be blocking the growth of the native heap
# Possible solutions:
#   Reduce memory load on the system
#   Increase physical memory or swap space
#   Check if swap backing store is full
#   Decrease Java heap size (-Xmx/-Xms)
#   Decrease number of Java threads
#   Decrease Java thread stack sizes (-Xss)
#   Set larger code cache with -XX:ReservedCodeCacheSize=
#   JVM is running with Zero Based Compressed Oops mode in which the Java heap is
#     placed in the first 32GB address space. The Java Heap base address is the
#     maximum limit for the native heap growth. Please use -XX:HeapBaseMinAddress
#     to set the Java Heap base and to place the Java Heap above 32GB virtual address.
# This output file may be truncated or incomplete.
#
#  Out of Memory Error (os_windows.cpp:3828), pid=6612, tid=8744
#
# JRE version: OpenJDK Runtime Environment JBR-21.0.4+13-509.26-jcef (21.0.4+13) (build 21.0.4+13-b509.26)
# Java VM: OpenJDK 64-Bit Server VM JBR-21.0.4+13-509.26-jcef (21.0.4+13-b509.26, mixed mode, tiered, compressed oops, compressed class ptrs, g1 gc, windows-amd64)
# No core dump will be written. Minidumps are not enabled by default on client versions of Windows
#

---------------  S U M M A R Y ------------

Command Line: -XX:MaxPermSize=1024m -XX:+HeapDumpOnOutOfMemoryError --add-opens=java.base/java.util=ALL-UNNAMED --add-opens=java.base/java.lang=ALL-UNNAMED --add-opens=java.base/java.lang.invoke=ALL-UNNAMED --add-opens=java.prefs/java.util.prefs=ALL-UNNAMED --add-opens=java.base/java.nio.charset=ALL-UNNAMED --add-opens=java.base/java.net=ALL-UNNAMED --add-opens=java.base/java.util.concurrent.atomic=ALL-UNNAMED -Xmx4096m -Dfile.encoding=UTF-8 -Duser.country=RU -Duser.language=ru -Duser.variant -javaagent:C:\Users\ROMA_W\Downloads\gradle-8.12-bin\wrapper\dists\gradle-8.7-bin\bhs2wmbdwecv87pi65oeuq5iu\gradle-8.7\lib\agents\gradle-instrumentation-agent-8.7.jar org.gradle.launcher.daemon.bootstrap.GradleDaemon 8.7

Host: 12th Gen Intel(R) Core(TM) i7-12650H, 4 cores, 5G,  Windows 10 , 64 bit Build 19041 (10.0.19041.5072)
Time: Fri Jan 17 13:18:30 2025 RTZ 2 (s 10 , 64 bit Build 19041 (10.0.19041.5072) elapsed time: 2.505889 seconds (0d 0h 0m 2s)

---------------  T H R E A D  ---------------

Current thread (0x000001b07c5102b0):  VMThread "VM Thread"          [id=8744, stack(0x00000030f8700000,0x00000030f8800000) (1024K)]

Stack: [0x00000030f8700000,0x00000030f8800000]
Native frames: (J=compiled Java code, j=interpreted, Vv=VM code, C=native code)
V  [jvm.dll+0x6e3739]
V  [jvm.dll+0x8c0c33]
V  [jvm.dll+0x8c318e]
V  [jvm.dll+0x8c3873]
V  [jvm.dll+0x288256]
V  [jvm.dll+0x6dfec5]
V  [jvm.dll+0x6d439a]
V  [jvm.dll+0x36211b]
V  [jvm.dll+0x369cc6]
V  [jvm.dll+0x3bbdf6]
V  [jvm.dll+0x3bc0c8]
V  [jvm.dll+0x3348dc]
V  [jvm.dll+0x334967]
V  [jvm.dll+0x37a70c]
V  [jvm.dll+0x378ebe]
V  [jvm.dll+0x334031]
V  [jvm.dll+0x3785d0]
V  [jvm.dll+0x8c95f8]
V  [jvm.dll+0x8ca974]
V  [jvm.dll+0x8caeb0]
V  [jvm.dll+0x8cb143]
V  [jvm.dll+0x8688c8]
V  [jvm.dll+0x6e1f3d]
C  [ucrtbase.dll+0x21bb2]
C  [KERNEL32.DLL+0x17374]
C  [ntdll.dll+0x4cc91]

VM_Operation (0x00000030f9cfa600): G1CollectForAllocation, mode: safepoint, requested by thread 0x000001b07d4def50


---------------  P R O C E S S  ---------------

Threads class SMR info:
_java_thread_list=0x000001b07e6f3a30, length=25, elements={
0x000001b0601afbe0, 0x000001b07c7a8070, 0x000001b07c7aaab0, 0x000001b07c7ae840,
0x000001b07c7b02b0, 0x000001b07c7b0d10, 0x000001b07c7b1ac0, 0x000001b07c7b2850,
0x000001b07c7cdd60, 0x000001b07c8af5c0, 0x000001b07cb91ed0, 0x000001b07cc76820,
0x000001b07d8d4c30, 0x000001b07ebb27f0, 0x000001b07ebbbc60, 0x000001b07e1fb310,
0x000001b07e7f6b80, 0x000001b07e2f1d10, 0x000001b07d4def50, 0x000001b07e51bd20,
0x000001b07e51b000, 0x000001b07e51d0d0, 0x000001b07e51ca40, 0x000001b07e51c3b0,
0x000001b07e51ddf0
}

Java Threads: ( => current thread )
  0x000001b0601afbe0 JavaThread "main"                              [_thread_blocked, id=10244, stack(0x00000030f8000000,0x00000030f8100000) (1024K)]
  0x000001b07c7a8070 JavaThread "Reference Handler"          daemon [_thread_blocked, id=7140, stack(0x00000030f8800000,0x00000030f8900000) (1024K)]
  0x000001b07c7aaab0 JavaThread "Finalizer"                  daemon [_thread_blocked, id=8300, stack(0x00000030f8900000,0x00000030f8a00000) (1024K)]
  0x000001b07c7ae840 JavaThread "Signal Dispatcher"          daemon [_thread_blocked, id=5852, stack(0x00000030f8a00000,0x00000030f8b00000) (1024K)]
  0x000001b07c7b02b0 JavaThread "Attach Listener"            daemon [_thread_blocked, id=2276, stack(0x00000030f8b00000,0x00000030f8c00000) (1024K)]
  0x000001b07c7b0d10 JavaThread "Service Thread"             daemon [_thread_blocked, id=10280, stack(0x00000030f8c00000,0x00000030f8d00000) (1024K)]
  0x000001b07c7b1ac0 JavaThread "Monitor Deflation Thread"   daemon [_thread_blocked, id=7452, stack(0x00000030f8d00000,0x00000030f8e00000) (1024K)]
  0x000001b07c7b2850 JavaThread "C2 CompilerThread0"         daemon [_thread_blocked, id=2336, stack(0x00000030f8e00000,0x00000030f8f00000) (1024K)]
  0x000001b07c7cdd60 JavaThread "C1 CompilerThread0"         daemon [_thread_blocked, id=10820, stack(0x00000030f8f00000,0x00000030f9000000) (1024K)]
  0x000001b07c8af5c0 JavaThread "Common-Cleaner"             daemon [_thread_blocked, id=9868, stack(0x00000030f9000000,0x00000030f9100000) (1024K)]
  0x000001b07cb91ed0 JavaThread "Notification Thread"        daemon [_thread_blocked, id=6896, stack(0x00000030f9100000,0x00000030f9200000) (1024K)]
  0x000001b07cc76820 JavaThread "C2 CompilerThread1"         daemon [_thread_blocked, id=5560, stack(0x00000030f9500000,0x00000030f9600000) (1024K)]
  0x000001b07d8d4c30 JavaThread "Daemon health stats"               [_thread_blocked, id=10548, stack(0x00000030f9600000,0x00000030f9700000) (1024K)]
  0x000001b07ebb27f0 JavaThread "Incoming local TCP Connector on port 52662"        [_thread_in_native, id=4788, stack(0x00000030f9700000,0x00000030f9800000) (1024K)]
  0x000001b07ebbbc60 JavaThread "Daemon periodic checks"            [_thread_blocked, id=8992, stack(0x00000030f9800000,0x00000030f9900000) (1024K)]
  0x000001b07e1fb310 JavaThread "Daemon"                            [_thread_blocked, id=8068, stack(0x00000030f9900000,0x00000030f9a00000) (1024K)]
  0x000001b07e7f6b80 JavaThread "Handler for socket connection from /127.0.0.1:52662 to /127.0.0.1:52663"        [_thread_in_native, id=8408, stack(0x00000030f9a00000,0x00000030f9b00000) (1024K)]
  0x000001b07e2f1d10 JavaThread "Cancel handler"                    [_thread_blocked, id=1928, stack(0x00000030f9b00000,0x00000030f9c00000) (1024K)]
  0x000001b07d4def50 JavaThread "Daemon worker"                     [_thread_blocked, id=8784, stack(0x00000030f9c00000,0x00000030f9d00000) (1024K)]
  0x000001b07e51bd20 JavaThread "Asynchronous log dispatcher for DefaultDaemonConnection: socket connection from /127.0.0.1:52662 to /127.0.0.1:52663"        [_thread_blocked, id=8824, stack(0x00000030f9d00000,0x00000030f9e00000) (1024K)]
  0x000001b07e51b000 JavaThread "Stdin handler"                     [_thread_blocked, id=8384, stack(0x00000030f9e00000,0x00000030f9f00000) (1024K)]
  0x000001b07e51d0d0 JavaThread "Daemon client event forwarder"        [_thread_blocked, id=10780, stack(0x00000030f9f00000,0x00000030fa000000) (1024K)]
  0x000001b07e51ca40 JavaThread "Cache worker for journal cache (C:\Users\ROMA_W\Downloads\gradle-8.12-bin\caches\journal-1)"        [_thread_blocked, id=6972, stack(0x00000030fa000000,0x00000030fa100000) (1024K)]
  0x000001b07e51c3b0 JavaThread "File lock request listener"        [_thread_in_native, id=6264, stack(0x00000030fa100000,0x00000030fa200000) (1024K)]
  0x000001b07e51ddf0 JavaThread "Cache worker for file hash cache (C:\Users\ROMA_W\Downloads\gradle-8.12-bin\caches\8.7\fileHashes)"        [_thread_blocked, id=4200, stack(0x00000030fa200000,0x00000030fa300000) (1024K)]
Total: 25

Other Threads:
=>0x000001b07c5102b0 VMThread "VM Thread"                           [id=8744, stack(0x00000030f8700000,0x00000030f8800000) (1024K)]
  0x000001b06027ea10 WatcherThread "VM Periodic Task Thread"        [id=9460, stack(0x00000030f8600000,0x00000030f8700000) (1024K)]
  0x000001b060216cf0 WorkerThread "GC Thread#0"                     [id=1512, stack(0x00000030f8100000,0x00000030f8200000) (1024K)]
  0x000001b07cc27080 WorkerThread "GC Thread#1"                     [id=3844, stack(0x00000030f9200000,0x00000030f9300000) (1024K)]
  0x000001b07cc760e0 WorkerThread "GC Thread#2"                     [id=7092, stack(0x00000030f9300000,0x00000030f9400000) (1024K)]
  0x000001b07cc76480 WorkerThread "GC Thread#3"                     [id=892, stack(0x00000030f9400000,0x00000030f9500000) (1024K)]
  0x000001b060229db0 ConcurrentGCThread "G1 Main Marker"            [id=6548, stack(0x00000030f8200000,0x00000030f8300000) (1024K)]
  0x000001b06022a7c0 WorkerThread "G1 Conc#0"                       [id=6168, stack(0x00000030f8300000,0x00000030f8400000) (1024K)]
  0x000001b06026e3f0 ConcurrentGCThread "G1 Refine#0"               [id=5580, stack(0x00000030f8400000,0x00000030f8500000) (1024K)]
  0x000001b06026ee70 ConcurrentGCThread "G1 Service"                [id=7520, stack(0x00000030f8500000,0x00000030f8600000) (1024K)]
Total: 10

Threads with active compile tasks:
C2 CompilerThread0     2522 2769   !   4       java.net.URLClassLoader::findClass (47 bytes)
C1 CompilerThread0     2522 2839       3       sun.reflect.annotation.AnnotationInvocationHandler::<init> (71 bytes)
C2 CompilerThread1     2522 2781   !   4       java.net.URLClassLoader$1::run (81 bytes)
Total: 3

VM state: at safepoint (normal execution)

VM Mutex/Monitor currently owned by a thread:  ([mutex/lock_event])
[0x00007ffb78c46948] Threads_lock - owner thread: 0x000001b07c5102b0
[0x00007ffb78c46a48] Heap_lock - owner thread: 0x000001b07d4def50

Heap address: 0x0000000700000000, size: 4096 MB, Compressed Oops mode: Zero based, Oop shift amount: 3

CDS archive(s) not mapped
Compressed class space mapped at: 0x0000000800000000-0x0000000840000000, reserved size: 1073741824
Narrow klass base: 0x0000000800000000, Narrow klass shift: 0, Narrow klass range: 0x40000000

GC Precious Log:
 CardTable entry size: 512
 Card Set container configuration: InlinePtr #cards 4 size 8 Array Of Cards #cards 16 size 48 Howl #buckets 8 coarsen threshold 3686 Howl Bitmap #cards 512 size 80 coarsen threshold 460 Card regions per heap region 1 cards per card region 4096
 CPUs: 4 total, 4 available
 Memory: 5171M
 Large Page Support: Disabled
 NUMA Support: Disabled
 Compressed Oops: Enabled (Zero based)
 Heap Region Size: 2M
 Heap Min Capacity: 8M
 Heap Initial Capacity: 82M
 Heap Max Capacity: 4G
 Pre-touch: Disabled
 Parallel Workers: 4
 Concurrent Workers: 1
 Concurrent Refinement Workers: 4
 Periodic GC: Disabled

Heap:
 garbage-first heap   total 69632K, used 22780K [0x0000000700000000, 0x0000000800000000)
  region size 2048K, 2 young (4096K), 2 survivors (4096K)
 Metaspace       used 31491K, committed 32128K, reserved 1114112K
  class space    used 3887K, committed 4224K, reserved 1048576K

Heap Regions: E=young(eden), S=young(survivor), O=old, HS=humongous(starts), HC=humongous(continues), CS=collection set, F=free, TAMS=top-at-mark-start, PB=parsable bottom
|   0|0x0000000700000000, 0x0000000700200000, 0x0000000700200000|100%|HS|  |TAMS 0x0000000700000000| PB 0x0000000700000000| Complete 
|   1|0x0000000700200000, 0x0000000700400000, 0x0000000700400000|100%|HC|  |TAMS 0x0000000700200000| PB 0x0000000700200000| Complete 
|   2|0x0000000700400000, 0x0000000700600000, 0x0000000700600000|100%| O|  |TAMS 0x0000000700400000| PB 0x0000000700400000| Untracked 
|   3|0x0000000700600000, 0x0000000700800000, 0x0000000700800000|100%| O|  |TAMS 0x0000000700600000| PB 0x0000000700600000| Untracked 
|   4|0x0000000700800000, 0x0000000700a00000, 0x0000000700a00000|100%| O|  |TAMS 0x0000000700800000| PB 0x0000000700800000| Untracked 
|   5|0x0000000700a00000, 0x0000000700c00000, 0x0000000700c00000|100%| O|  |TAMS 0x0000000700a00000| PB 0x0000000700a00000| Untracked 
|   6|0x0000000700c00000, 0x0000000700c00000, 0x0000000700e00000|  0%| F|  |TAMS 0x0000000700c00000| PB 0x0000000700c00000| Untracked 
|   7|0x0000000700e00000, 0x0000000701000000, 0x0000000701000000|100%| O|  |TAMS 0x0000000700e00000| PB 0x0000000700e00000| Untracked 
|   8|0x0000000701000000, 0x0000000701200000, 0x0000000701200000|100%| O|  |TAMS 0x0000000701000000| PB 0x0000000701000000| Untracked 
|   9|0x0000000701200000, 0x0000000701400000, 0x0000000701400000|100%| O|  |TAMS 0x0000000701200000| PB 0x0000000701200000| Untracked 
|  10|0x0000000701400000, 0x00000007014a79a0, 0x0000000701600000| 32%| O|  |TAMS 0x0000000701400000| PB 0x0000000701400000| Untracked 
|  11|0x0000000701600000, 0x0000000701600000, 0x0000000701800000|  0%| F|  |TAMS 0x0000000701600000| PB 0x0000000701600000| Untracked 
|  12|0x0000000701800000, 0x0000000701800000, 0x0000000701a00000|  0%| F|  |TAMS 0x0000000701800000| PB 0x0000000701800000| Untracked 
|  13|0x0000000701a00000, 0x0000000701a00000, 0x0000000701c00000|  0%| F|  |TAMS 0x0000000701a00000| PB 0x0000000701a00000| Untracked 
|  14|0x0000000701c00000, 0x0000000701c00000, 0x0000000701e00000|  0%| F|  |TAMS 0x0000000701c00000| PB 0x0000000701c00000| Untracked 
|  15|0x0000000701e00000, 0x0000000701e00000, 0x0000000702000000|  0%| F|  |TAMS 0x0000000701e00000| PB 0x0000000701e00000| Untracked 
|  16|0x0000000702000000, 0x0000000702000000, 0x0000000702200000|  0%| F|  |TAMS 0x0000000702000000| PB 0x0000000702000000| Untracked 
|  17|0x0000000702200000, 0x0000000702200000, 0x0000000702400000|  0%| F|  |TAMS 0x0000000702200000| PB 0x0000000702200000| Untracked 
|  18|0x0000000702400000, 0x0000000702597930, 0x0000000702600000| 79%| S|CS|TAMS 0x0000000702400000| PB 0x0000000702400000| Complete 
|  19|0x0000000702600000, 0x0000000702800000, 0x0000000702800000|100%| S|CS|TAMS 0x0000000702600000| PB 0x0000000702600000| Complete 
|  20|0x0000000702800000, 0x0000000702800000, 0x0000000702a00000|  0%| F|  |TAMS 0x0000000702800000| PB 0x0000000702800000| Untracked 
|  21|0x0000000702a00000, 0x0000000702a00000, 0x0000000702c00000|  0%| F|  |TAMS 0x0000000702a00000| PB 0x0000000702a00000| Untracked 
|  22|0x0000000702c00000, 0x0000000702c00000, 0x0000000702e00000|  0%| F|  |TAMS 0x0000000702c00000| PB 0x0000000702c00000| Untracked 
|  23|0x0000000702e00000, 0x0000000702e00000, 0x0000000703000000|  0%| F|  |TAMS 0x0000000702e00000| PB 0x0000000702e00000| Untracked 
|  24|0x0000000703000000, 0x0000000703000000, 0x0000000703200000|  0%| F|  |TAMS 0x0000000703000000| PB 0x0000000703000000| Untracked 
|  25|0x0000000703200000, 0x0000000703200000, 0x0000000703400000|  0%| F|  |TAMS 0x0000000703200000| PB 0x0000000703200000| Untracked 
|  26|0x0000000703400000, 0x0000000703400000, 0x0000000703600000|  0%| F|  |TAMS 0x0000000703400000| PB 0x0000000703400000| Untracked 
|  27|0x0000000703600000, 0x0000000703600000, 0x0000000703800000|  0%| F|  |TAMS 0x0000000703600000| PB 0x0000000703600000| Untracked 
|  28|0x0000000703800000, 0x0000000703800000, 0x0000000703a00000|  0%| F|  |TAMS 0x0000000703800000| PB 0x0000000703800000| Untracked 
|  29|0x0000000703a00000, 0x0000000703a00000, 0x0000000703c00000|  0%| F|  |TAMS 0x0000000703a00000| PB 0x0000000703a00000| Untracked 
|  30|0x0000000703c00000, 0x0000000703c00000, 0x0000000703e00000|  0%| F|  |TAMS 0x0000000703c00000| PB 0x0000000703c00000| Untracked 
|  31|0x0000000703e00000, 0x0000000703e00000, 0x0000000704000000|  0%| F|  |TAMS 0x0000000703e00000| PB 0x0000000703e00000| Untracked 
|  32|0x0000000704000000, 0x0000000704000000, 0x0000000704200000|  0%| F|  |TAMS 0x0000000704000000| PB 0x0000000704000000| Untracked 
|  40|0x0000000705000000, 0x0000000705000000, 0x0000000705200000|  0%| F|  |TAMS 0x0000000705000000| PB 0x0000000705000000| Untracked 

Card table byte_map: [0x000001b0756d0000,0x000001b075ed0000] _byte_map_base: 0x000001b071ed0000

Marking Bits: (CMBitMap*) 0x000001b060217300
 Bits: [0x000001b075ed0000, 0x000001b079ed0000)

Polling page: 0x000001b060280000

Metaspace:

Usage:
  Non-class:     26.96 MB used.
      Class:      3.80 MB used.
       Both:     30.75 MB used.

Virtual space:
  Non-class space:       64.00 MB reserved,      27.25 MB ( 43%) committed,  1 nodes.
      Class space:        1.00 GB reserved,       4.12 MB ( <1%) committed,  1 nodes.
             Both:        1.06 GB reserved,      31.38 MB (  3%) committed. 

Chunk freelists:
   Non-Class:  4.14 MB
       Class:  11.86 MB
        Both:  16.00 MB

MaxMetaspaceSize: unlimited
CompressedClassSpaceSize: 1.00 GB
Initial GC threshold: 21.00 MB
Current GC threshold: 35.25 MB
CDS: off
 - commit_granule_bytes: 65536.
 - commit_granule_words: 8192.
 - virtual_space_node_default_size: 8388608.
 - enlarge_chunks_in_place: 1.
 - use_allocation_guard: 0.


Internal statistics:

num_allocs_failed_limit: 3.
num_arena_births: 822.
num_arena_deaths: 0.
num_vsnodes_births: 2.
num_vsnodes_deaths: 0.
num_space_committed: 502.
num_space_uncommitted: 0.
num_chunks_returned_to_freelist: 3.
num_chunks_taken_from_freelist: 1637.
num_chunk_merges: 0.
num_chunk_splits: 1058.
num_chunks_enlarged: 698.
num_inconsistent_stats: 0.

CodeHeap 'non-profiled nmethods': size=120000Kb used=1529Kb max_used=1529Kb free=118470Kb
 bounds [0x000001b06d370000, 0x000001b06d5e0000, 0x000001b0748a0000]
CodeHeap 'profiled nmethods': size=120000Kb used=5722Kb max_used=5722Kb free=114277Kb
 bounds [0x000001b0658a0000, 0x000001b065e40000, 0x000001b06cdd0000]
CodeHeap 'non-nmethods': size=5760Kb used=1495Kb max_used=1555Kb free=4264Kb
 bounds [0x000001b06cdd0000, 0x000001b06d040000, 0x000001b06d370000]
 total_blobs=3408 nmethods=2833 adapters=479
 compilation: enabled
              stopped_count=0, restarted_count=0
 full_count=0

Compilation events (20 events):
Event: 2.491 Thread 0x000001b07c7cdd60 nmethod 2829 0x000001b065e2f090 code [0x000001b065e2f220, 0x000001b065e2f390]
Event: 2.491 Thread 0x000001b07c7cdd60 2832       3       org.objectweb.asm.MethodWriter::visitVarInsn (302 bytes)
Event: 2.491 Thread 0x000001b07c7cdd60 nmethod 2832 0x000001b065e2f490 code [0x000001b065e2f6e0, 0x000001b065e300f0]
Event: 2.491 Thread 0x000001b07c7cdd60 2831       3       org.objectweb.asm.Frame::pop (42 bytes)
Event: 2.491 Thread 0x000001b07c7cdd60 nmethod 2831 0x000001b065e30390 code [0x000001b065e30540, 0x000001b065e306f8]
Event: 2.492 Thread 0x000001b07c7cdd60 2830       3       org.objectweb.asm.Frame::getAbstractTypeFromDescriptor (462 bytes)
Event: 2.493 Thread 0x000001b07c7cdd60 nmethod 2830 0x000001b065e30810 code [0x000001b065e30ce0, 0x000001b065e33320]
Event: 2.493 Thread 0x000001b07c7cdd60 2834       3       org.objectweb.asm.Frame::<init> (10 bytes)
Event: 2.493 Thread 0x000001b07c7cdd60 nmethod 2834 0x000001b065e34090 code [0x000001b065e34220, 0x000001b065e343e0]
Event: 2.493 Thread 0x000001b07c7cdd60 2835       3       org.objectweb.asm.Frame::merge (322 bytes)
Event: 2.493 Thread 0x000001b07c7cdd60 nmethod 2835 0x000001b065e34490 code [0x000001b065e346c0, 0x000001b065e34ff0]
Event: 2.493 Thread 0x000001b07c7cdd60 2836       3       org.gradle.model.internal.asm.MethodVisitorScope::_ALOAD (8 bytes)
Event: 2.493 Thread 0x000001b07c7cdd60 nmethod 2836 0x000001b065e35210 code [0x000001b065e353c0, 0x000001b065e35640]
Event: 2.493 Thread 0x000001b07c7cdd60 2833       3       org.objectweb.asm.Frame::push (59 bytes)
Event: 2.493 Thread 0x000001b07c7cdd60 nmethod 2833 0x000001b065e35790 code [0x000001b065e359c0, 0x000001b065e36178]
Event: 2.493 Thread 0x000001b07c7cdd60 2837       3       org.objectweb.asm.Handler::getExceptionTableLength (21 bytes)
Event: 2.493 Thread 0x000001b07c7cdd60 nmethod 2837 0x000001b065e36510 code [0x000001b065e366a0, 0x000001b065e36840]
Event: 2.493 Thread 0x000001b07c7cdd60 2838       1       org.objectweb.asm.MethodWriter::hasAsmInstructions (5 bytes)
Event: 2.494 Thread 0x000001b07c7cdd60 nmethod 2838 0x000001b06d4ee190 code [0x000001b06d4ee320, 0x000001b06d4ee3f0]
Event: 2.498 Thread 0x000001b07c7cdd60 2839       3       sun.reflect.annotation.AnnotationInvocationHandler::<init> (71 bytes)

GC Heap History (11 events):
Event: 0.355 GC heap before
{Heap before GC invocations=0 (full 0):
 garbage-first heap   total 83968K, used 12288K [0x0000000700000000, 0x0000000800000000)
  region size 2048K, 6 young (12288K), 0 survivors (0K)
 Metaspace       used 7973K, committed 8128K, reserved 1114112K
  class space    used 668K, committed 704K, reserved 1048576K
}
Event: 0.357 GC heap after
{Heap after GC invocations=1 (full 0):
 garbage-first heap   total 83968K, used 1730K [0x0000000700000000, 0x0000000800000000)
  region size 2048K, 1 young (2048K), 1 survivors (2048K)
 Metaspace       used 7973K, committed 8128K, reserved 1114112K
  class space    used 668K, committed 704K, reserved 1048576K
}
Event: 0.885 GC heap before
{Heap before GC invocations=1 (full 0):
 garbage-first heap   total 83968K, used 22210K [0x0000000700000000, 0x0000000800000000)
  region size 2048K, 10 young (20480K), 1 survivors (2048K)
 Metaspace       used 12556K, committed 12672K, reserved 1114112K
  class space    used 1237K, committed 1280K, reserved 1048576K
}
Event: 0.891 GC heap after
{Heap after GC invocations=2 (full 0):
 garbage-first heap   total 83968K, used 10711K [0x0000000700000000, 0x0000000800000000)
  region size 2048K, 2 young (4096K), 2 survivors (4096K)
 Metaspace       used 12556K, committed 12672K, reserved 1114112K
  class space    used 1237K, committed 1280K, reserved 1048576K
}
Event: 1.042 GC heap before
{Heap before GC invocations=2 (full 0):
 garbage-first heap   total 83968K, used 31191K [0x0000000700000000, 0x0000000800000000)
  region size 2048K, 12 young (24576K), 2 survivors (4096K)
 Metaspace       used 12635K, committed 12800K, reserved 1114112K
  class space    used 1238K, committed 1280K, reserved 1048576K
}
Event: 1.047 GC heap after
{Heap after GC invocations=3 (full 0):
 garbage-first heap   total 83968K, used 11561K [0x0000000700000000, 0x0000000800000000)
  region size 2048K, 1 young (2048K), 1 survivors (2048K)
 Metaspace       used 12635K, committed 12800K, reserved 1114112K
  class space    used 1238K, committed 1280K, reserved 1048576K
}
Event: 1.783 GC heap before
{Heap before GC invocations=3 (full 0):
 garbage-first heap   total 83968K, used 48425K [0x0000000700000000, 0x0000000800000000)
  region size 2048K, 21 young (43008K), 1 survivors (2048K)
 Metaspace       used 21231K, committed 21504K, reserved 1114112K
  class space    used 2284K, committed 2432K, reserved 1048576K
}
Event: 1.787 GC heap after
{Heap after GC invocations=4 (full 0):
 garbage-first heap   total 83968K, used 18779K [0x0000000700000000, 0x0000000800000000)
  region size 2048K, 3 young (6144K), 3 survivors (6144K)
 Metaspace       used 21231K, committed 21504K, reserved 1114112K
  class space    used 2284K, committed 2432K, reserved 1048576K
}
Event: 2.160 GC heap before
{Heap before GC invocations=5 (full 0):
 garbage-first heap   total 69632K, used 49499K [0x0000000700000000, 0x0000000800000000)
  region size 2048K, 19 young (38912K), 3 survivors (6144K)
 Metaspace       used 27488K, committed 27968K, reserved 1114112K
  class space    used 3205K, committed 3456K, reserved 1048576K
}
Event: 2.164 GC heap after
{Heap after GC invocations=6 (full 0):
 garbage-first heap   total 69632K, used 20976K [0x0000000700000000, 0x0000000800000000)
  region size 2048K, 1 young (2048K), 1 survivors (2048K)
 Metaspace       used 27488K, committed 27968K, reserved 1114112K
  class space    used 3205K, committed 3456K, reserved 1048576K
}
Event: 2.499 GC heap before
{Heap before GC invocations=6 (full 0):
 garbage-first heap   total 69632K, used 49648K [0x0000000700000000, 0x0000000800000000)
  region size 2048K, 15 young (30720K), 1 survivors (2048K)
 Metaspace       used 31491K, committed 32128K, reserved 1114112K
  class space    used 3887K, committed 4224K, reserved 1048576K
}

Dll operation events (3 events):
Event: 0.008 Loaded shared library C:\Program Files\JetBrains\IntelliJIdea2024.2\jbr\bin\java.dll
Event: 0.011 Loaded shared library C:\Program Files\JetBrains\IntelliJIdea2024.2\jbr\bin\zip.dll
Event: 0.420 Loaded shared library C:\Program Files\JetBrains\IntelliJIdea2024.2\jbr\bin\verify.dll

Deoptimization events (20 events):
Event: 2.164 Thread 0x000001b07c7a8070 Uncommon trap: trap_request=0xffffff45 fr.pc=0x000001b06d45c3ac relative=0x000000000000018c
Event: 2.164 Thread 0x000001b07c7a8070 Uncommon trap: reason=unstable_if action=reinterpret pc=0x000001b06d45c3ac method=java.util.concurrent.locks.ReentrantLock$NonfairSync.initialTryLock()Z @ 25 c2
Event: 2.164 Thread 0x000001b07c7a8070 DEOPT PACKING pc=0x000001b06d45c3ac sp=0x00000030f88ff260
Event: 2.164 Thread 0x000001b07c7a8070 DEOPT UNPACKING pc=0x000001b06ce246a2 sp=0x00000030f88ff200 mode 2
Event: 2.483 Thread 0x000001b07d4def50 Uncommon trap: trap_request=0xffffff45 fr.pc=0x000001b06d4d9514 relative=0x00000000000000f4
Event: 2.483 Thread 0x000001b07d4def50 Uncommon trap: reason=unstable_if action=reinterpret pc=0x000001b06d4d9514 method=java.util.Arrays.equals([Ljava/lang/Object;[Ljava/lang/Object;)Z @ 44 c2
Event: 2.483 Thread 0x000001b07d4def50 DEOPT PACKING pc=0x000001b06d4d9514 sp=0x00000030f9cfbbf0
Event: 2.483 Thread 0x000001b07d4def50 DEOPT UNPACKING pc=0x000001b06ce246a2 sp=0x00000030f9cfbb90 mode 2
Event: 2.483 Thread 0x000001b07d4def50 Uncommon trap: trap_request=0xffffff45 fr.pc=0x000001b06d4916ac relative=0x00000000000001ec
Event: 2.483 Thread 0x000001b07d4def50 Uncommon trap: reason=unstable_if action=reinterpret pc=0x000001b06d4916ac method=java.util.HashMap.getNode(Ljava/lang/Object;)Ljava/util/HashMap$Node; @ 131 c2
Event: 2.483 Thread 0x000001b07d4def50 DEOPT PACKING pc=0x000001b06d4916ac sp=0x00000030f9cfbcb0
Event: 2.483 Thread 0x000001b07d4def50 DEOPT UNPACKING pc=0x000001b06ce246a2 sp=0x00000030f9cfbbd0 mode 2
Event: 2.483 Thread 0x000001b07d4def50 Uncommon trap: trap_request=0xffffff45 fr.pc=0x000001b06d4c5430 relative=0x00000000000001f0
Event: 2.483 Thread 0x000001b07d4def50 Uncommon trap: reason=unstable_if action=reinterpret pc=0x000001b06d4c5430 method=java.util.HashMap.getNode(Ljava/lang/Object;)Ljava/util/HashMap$Node; @ 131 c2
Event: 2.483 Thread 0x000001b07d4def50 DEOPT PACKING pc=0x000001b06d4c5430 sp=0x00000030f9cfbc50
Event: 2.484 Thread 0x000001b07d4def50 DEOPT UNPACKING pc=0x000001b06ce246a2 sp=0x00000030f9cfbbd0 mode 2
Event: 2.487 Thread 0x000001b07d4def50 Uncommon trap: trap_request=0xffffffcc fr.pc=0x000001b06d4e5c00 relative=0x0000000000000340
Event: 2.487 Thread 0x000001b07d4def50 Uncommon trap: reason=intrinsic_or_type_checked_inlining action=make_not_entrant pc=0x000001b06d4e5c00 method=java.util.Arrays.copyOf([Ljava/lang/Object;ILjava/lang/Class;)[Ljava/lang/Object; @ 35 c2
Event: 2.487 Thread 0x000001b07d4def50 DEOPT PACKING pc=0x000001b06d4e5c00 sp=0x00000030f9cfbe40
Event: 2.487 Thread 0x000001b07d4def50 DEOPT UNPACKING pc=0x000001b06ce246a2 sp=0x00000030f9cfbdd0 mode 2

Classes loaded (20 events):
Event: 2.296 Loading class java/security/KeyException done
Event: 2.296 Loading class java/security/InvalidKeyException done
Event: 2.345 Loading class java/util/regex/Pattern$Dollar
Event: 2.346 Loading class java/util/regex/Pattern$Dollar done
Event: 2.447 Loading class javax/xml/parsers/ParserConfigurationException
Event: 2.447 Loading class javax/xml/parsers/ParserConfigurationException done
Event: 2.447 Loading class org/xml/sax/SAXException
Event: 2.447 Loading class org/xml/sax/SAXException done
Event: 2.448 Loading class javax/xml/xpath/XPathExpressionException
Event: 2.448 Loading class javax/xml/xpath/XPathException
Event: 2.448 Loading class javax/xml/xpath/XPathException done
Event: 2.448 Loading class javax/xml/xpath/XPathExpressionException done
Event: 2.448 Loading class org/xml/sax/ErrorHandler
Event: 2.448 Loading class org/xml/sax/ErrorHandler done
Event: 2.485 Loading class java/lang/management/MemoryType
Event: 2.485 Loading class java/lang/management/MemoryType done
Event: 2.485 Loading class java/lang/management/MemoryUsage
Event: 2.486 Loading class java/lang/management/MemoryUsage done
Event: 2.486 Loading class java/util/concurrent/LinkedBlockingDeque$Node
Event: 2.486 Loading class java/util/concurrent/LinkedBlockingDeque$Node done

Classes unloaded (0 events):
No events

Classes redefined (0 events):
No events

Internal exceptions (20 events):
Event: 2.182 Thread 0x000001b07d4def50 Exception <a 'java/lang/NoSuchMethodError'{0x000000070400f5e8}: 'java.lang.Object java.lang.invoke.DirectMethodHandle$Holder.invokeStatic(java.lang.Object, java.lang.Object, java.lang.Object, java.lang.Object, java.lang.Object, java.lang.Object, java.lang.Object, java.lang.Object, java.lang.Object, java.lang.Object, java.lang.Object, java.lang.Object, java.lang.Object, java.lang.Object, java.lang.Object, java.lang.Object, java.lang.Object)'> (0x000000070400f5e8) 
thrown [s\src\hotspot\share\interpreter\lin
Event: 2.183 Thread 0x000001b07d4def50 Exception <a 'java/lang/NoSuchMethodError'{0x0000000704038378}: 'java.lang.Object java.lang.invoke.DirectMethodHandle$Holder.invokeStatic(java.lang.Object, java.lang.Object, java.lang.Object, java.lang.Object, java.lang.Object, java.lang.Object, java.lang.Object, java.lang.Object, java.lang.Object, java.lang.Object, java.lang.Object, java.lang.Object, java.lang.Object, java.lang.Object, java.lang.Object, java.lang.Object, java.lang.Object, java.lang.Object)'> (0x0000000704038378) 
thrown [s\src\hotspot\sha
Event: 2.184 Thread 0x000001b07d4def50 Exception <a 'java/lang/NoSuchMethodError'{0x0000000704062408}: 'java.lang.Object java.lang.invoke.DirectMethodHandle$Holder.invokeStatic(java.lang.Object, java.lang.Object, java.lang.Object, java.lang.Object, java.lang.Object, java.lang.Object, java.lang.Object, java.lang.Object, java.lang.Object, java.lang.Object, java.lang.Object, java.lang.Object, java.lang.Object, java.lang.Object, java.lang.Object, java.lang.Object, java.lang.Object, java.lang.Object, java.lang.Object)'> (0x0000000704062408) 
thrown 
Event: 2.184 Thread 0x000001b07d4def50 Exception <a 'java/lang/NoSuchMethodError'{0x000000070408db38}: 'java.lang.Object java.lang.invoke.DirectMethodHandle$Holder.invokeStatic(java.lang.Object, java.lang.Object, java.lang.Object, java.lang.Object, java.lang.Object, java.lang.Object, java.lang.Object, java.lang.Object, java.lang.Object, java.lang.Object, java.lang.Object, java.lang.Object, java.lang.Object, java.lang.Object, java.lang.Object, java.lang.Object, java.lang.Object, java.lang.Object, java.lang.Object, java.lang.Object)'> (0x00000007
Event: 2.186 Thread 0x000001b07d4def50 Exception <a 'java/lang/NoSuchMethodError'{0x00000007040ba238}: 'java.lang.Object java.lang.invoke.DirectMethodHandle$Holder.invokeStatic(java.lang.Object, java.lang.Object, java.lang.Object, java.lang.Object, java.lang.Object, java.lang.Object, java.lang.Object, java.lang.Object, java.lang.Object, java.lang.Object, java.lang.Object, java.lang.Object, java.lang.Object, java.lang.Object, java.lang.Object, java.lang.Object, java.lang.Object, java.lang.Object, java.lang.Object, java.lang.Object, java.lang.Obj
Event: 2.188 Thread 0x000001b07d4def50 Exception <a 'java/lang/NoSuchMethodError'{0x00000007040e7c70}: 'java.lang.Object java.lang.invoke.DirectMethodHandle$Holder.invokeStatic(java.lang.Object, java.lang.Object, java.lang.Object, java.lang.Object, java.lang.Object, java.lang.Object, java.lang.Object, java.lang.Object, java.lang.Object, java.lang.Object, java.lang.Object, java.lang.Object, java.lang.Object, java.lang.Object, java.lang.Object, java.lang.Object, java.lang.Object, java.lang.Object, java.lang.Object, java.lang.Object, java.lang.Obj
Event: 2.189 Thread 0x000001b07d4def50 Exception <a 'java/lang/NoSuchMethodError'{0x0000000704116720}: 'java.lang.Object java.lang.invoke.DirectMethodHandle$Holder.invokeStatic(java.lang.Object, java.lang.Object, java.lang.Object, java.lang.Object, java.lang.Object, java.lang.Object, java.lang.Object, java.lang.Object, java.lang.Object, java.lang.Object, java.lang.Object, java.lang.Object, java.lang.Object, java.lang.Object, java.lang.Object, java.lang.Object, java.lang.Object, java.lang.Object, java.lang.Object, java.lang.Object, java.lang.Obj
Event: 2.190 Thread 0x000001b07d4def50 Exception <a 'java/lang/NoSuchMethodError'{0x0000000704145b90}: 'java.lang.Object java.lang.invoke.DirectMethodHandle$Holder.invokeStatic(java.lang.Object, java.lang.Object, java.lang.Object, java.lang.Object, java.lang.Object, java.lang.Object, java.lang.Object, java.lang.Object, java.lang.Object, java.lang.Object, java.lang.Object, java.lang.Object, java.lang.Object, java.lang.Object, java.lang.Object, java.lang.Object, java.lang.Object, java.lang.Object, java.lang.Object, java.lang.Object, java.lang.Obj
Event: 2.191 Thread 0x000001b07d4def50 Exception <a 'java/lang/NoSuchMethodError'{0x0000000704175970}: 'java.lang.Object java.lang.invoke.DirectMethodHandle$Holder.invokeStatic(java.lang.Object, java.lang.Object, java.lang.Object, java.lang.Object, java.lang.Object, java.lang.Object, java.lang.Object, java.lang.Object, java.lang.Object, java.lang.Object, java.lang.Object, java.lang.Object, java.lang.Object, java.lang.Object, java.lang.Object, java.lang.Object, java.lang.Object, java.lang.Object, java.lang.Object, java.lang.Object, java.lang.Obj
Event: 2.193 Thread 0x000001b07d4def50 Exception <a 'java/lang/NoSuchMethodError'{0x00000007041a70b0}: 'java.lang.Object java.lang.invoke.DirectMethodHandle$Holder.invokeStatic(java.lang.Object, java.lang.Object, java.lang.Object, java.lang.Object, java.lang.Object, java.lang.Object, java.lang.Object, java.lang.Object, java.lang.Object, java.lang.Object, java.lang.Object, java.lang.Object, java.lang.Object, java.lang.Object, java.lang.Object, java.lang.Object, java.lang.Object, java.lang.Object, java.lang.Object, java.lang.Object, java.lang.Obj
Event: 2.208 Thread 0x000001b07d4def50 Exception <a 'java/lang/IncompatibleClassChangeError'{0x0000000703ebaec0}: Found class java.lang.Object, but interface was expected> (0x0000000703ebaec0) 
thrown [s\src\hotspot\share\interpreter\linkResolver.cpp, line 851]
Event: 2.338 Thread 0x000001b07d4def50 Exception <a 'java/lang/IncompatibleClassChangeError'{0x00000007037defd8}: Found class java.lang.Object, but interface was expected> (0x00000007037defd8) 
thrown [s\src\hotspot\share\interpreter\linkResolver.cpp, line 851]
Event: 2.341 Thread 0x000001b07d4def50 Exception <a 'java/lang/NoSuchMethodError'{0x000000070340c968}: 'java.lang.Object java.lang.invoke.DirectMethodHandle$Holder.newInvokeSpecial(java.lang.Object, java.lang.Object, java.lang.Object, java.lang.Object, java.lang.Object, java.lang.Object, java.lang.Object, java.lang.Object, java.lang.Object, java.lang.Object, java.lang.Object, java.lang.Object, java.lang.Object, java.lang.Object)'> (0x000000070340c968) 
thrown [s\src\hotspot\share\interpreter\linkResolver.cpp, line 784]
Event: 2.342 Thread 0x000001b07d4def50 Exception <a 'java/lang/NoSuchMethodError'{0x0000000703412048}: 'java.lang.Object java.lang.invoke.DirectMethodHandle$Holder.invokeSpecial(java.lang.Object, java.lang.Object, java.lang.Object, java.lang.Object, java.lang.Object, java.lang.Object, java.lang.Object, java.lang.Object, java.lang.Object, java.lang.Object, java.lang.Object, java.lang.Object, java.lang.Object, java.lang.Object, java.lang.Object)'> (0x0000000703412048) 
thrown [s\src\hotspot\share\interpreter\linkResolver.cpp, line 784]
Event: 2.342 Thread 0x000001b07d4def50 Exception <a 'java/lang/NoSuchMethodError'{0x0000000703416998}: 'java.lang.Object java.lang.invoke.DelegatingMethodHandle$Holder.reinvoke_L(java.lang.Object, java.lang.Object, java.lang.Object, java.lang.Object, java.lang.Object, java.lang.Object, java.lang.Object, java.lang.Object, java.lang.Object, java.lang.Object, java.lang.Object, java.lang.Object, java.lang.Object, java.lang.Object)'> (0x0000000703416998) 
thrown [s\src\hotspot\share\interpreter\linkResolver.cpp, line 784]
Event: 2.354 Thread 0x000001b07d4def50 Exception <a 'java/lang/NoSuchMethodError'{0x0000000703544ec8}: 'java.lang.Object java.lang.invoke.DirectMethodHandle$Holder.newInvokeSpecial(java.lang.Object, java.lang.Object, java.lang.Object, java.lang.Object, java.lang.Object, java.lang.Object, java.lang.Object)'> (0x0000000703544ec8) 
thrown [s\src\hotspot\share\interpreter\linkResolver.cpp, line 784]
Event: 2.361 Thread 0x000001b07d4def50 Exception <a 'java/lang/NoSuchMethodError'{0x00000007035c37c0}: 'java.lang.Object java.lang.invoke.DirectMethodHandle$Holder.invokeVirtual(java.lang.Object, java.lang.Object, java.lang.Object, java.lang.Object, java.lang.Object, java.lang.Object, java.lang.Object, java.lang.Object, java.lang.Object, java.lang.Object, java.lang.Object, java.lang.Object, java.lang.Object, java.lang.Object, java.lang.Object, java.lang.Object, java.lang.Object, java.lang.Object, java.lang.Object, java.lang.Object, java.lang.Ob
Event: 2.362 Thread 0x000001b07d4def50 Exception <a 'java/lang/NoSuchMethodError'{0x00000007035c9c58}: 'java.lang.Object java.lang.invoke.DirectMethodHandle$Holder.invokeSpecial(java.lang.Object, java.lang.Object, java.lang.Object, java.lang.Object, java.lang.Object, java.lang.Object, java.lang.Object, java.lang.Object, java.lang.Object, java.lang.Object, java.lang.Object, java.lang.Object, java.lang.Object, java.lang.Object, java.lang.Object, java.lang.Object, java.lang.Object, java.lang.Object, java.lang.Object, java.lang.Object, java.lang.Ob
Event: 2.362 Thread 0x000001b07d4def50 Exception <a 'java/lang/NoSuchMethodError'{0x00000007035cf670}: 'java.lang.Object java.lang.invoke.DelegatingMethodHandle$Holder.reinvoke_L(java.lang.Object, java.lang.Object, java.lang.Object, java.lang.Object, java.lang.Object, java.lang.Object, java.lang.Object, java.lang.Object, java.lang.Object, java.lang.Object, java.lang.Object, java.lang.Object, java.lang.Object, java.lang.Object, java.lang.Object, java.lang.Object, java.lang.Object, java.lang.Object, java.lang.Object, java.lang.Object, java.lang.O
Event: 2.411 Thread 0x000001b07d4def50 Exception <a 'java/lang/NoSuchMethodError'{0x0000000702e598b0}: 'java.lang.Object java.lang.invoke.DirectMethodHandle$Holder.invokeSpecial(java.lang.Object, java.lang.Object, java.lang.Object, java.lang.Object, java.lang.Object, java.lang.Object, java.lang.Object, java.lang.Object, java.lang.Object, java.lang.Object, java.lang.Object, java.lang.Object, java.lang.Object, java.lang.Object, java.lang.Object, java.lang.Object, java.lang.Object, java.lang.Object, java.lang.Object, java.lang.Object, java.lang.Ob

ZGC Phase Switch (0 events):
No events

VM Operations (20 events):
Event: 1.708 Executing VM operation: HandshakeAllThreads (Deoptimize) done
Event: 1.783 Executing VM operation: CollectForMetadataAllocation (Metadata GC Threshold)
Event: 1.787 Executing VM operation: CollectForMetadataAllocation (Metadata GC Threshold) done
Event: 1.791 Executing VM operation: G1PauseRemark
Event: 1.792 Executing VM operation: G1PauseRemark done
Event: 1.794 Executing VM operation: G1PauseCleanup
Event: 1.794 Executing VM operation: G1PauseCleanup done
Event: 1.962 Executing VM operation: HandshakeAllThreads (Deoptimize)
Event: 1.962 Executing VM operation: HandshakeAllThreads (Deoptimize) done
Event: 2.048 Executing VM operation: HandshakeAllThreads (Deoptimize)
Event: 2.049 Executing VM operation: HandshakeAllThreads (Deoptimize) done
Event: 2.127 Executing VM operation: ICBufferFull
Event: 2.127 Executing VM operation: ICBufferFull done
Event: 2.160 Executing VM operation: G1CollectForAllocation (G1 Evacuation Pause)
Event: 2.164 Executing VM operation: G1CollectForAllocation (G1 Evacuation Pause) done
Event: 2.197 Executing VM operation: HandshakeAllThreads (Deoptimize)
Event: 2.197 Executing VM operation: HandshakeAllThreads (Deoptimize) done
Event: 2.197 Executing VM operation: HandshakeAllThreads (Deoptimize)
Event: 2.197 Executing VM operation: HandshakeAllThreads (Deoptimize) done
Event: 2.499 Executing VM operation: G1CollectForAllocation (G1 Evacuation Pause)

Memory protections (0 events):
No events

Nmethod flushes (0 events):
No events

Events (20 events):
Event: 0.360 Thread 0x000001b07c7cdd60 Thread added: 0x000001b07cc76820
Event: 0.676 Loaded shared library C:\Users\ROMA_W\Downloads\gradle-8.12-bin\native\c067742578af261105cb4f569cf0c3c89f3d7b1fecec35dd04571415982c5e48\windows-amd64\native-platform.dll
Event: 0.687 Loaded shared library C:\Users\ROMA_W\Downloads\gradle-8.12-bin\native\38dada09dfb8b06ba9b0570ebf7e218e3eb74d4ef43ca46872605cf95ebc2f47\windows-amd64\native-platform-file-events.dll
Event: 1.424 Loaded shared library C:\Program Files\JetBrains\IntelliJIdea2024.2\jbr\bin\management.dll
Event: 1.425 Loaded shared library C:\Program Files\JetBrains\IntelliJIdea2024.2\jbr\bin\management_ext.dll
Event: 1.470 Thread 0x000001b0601afbe0 Thread added: 0x000001b07d8d4c30
Event: 1.591 Loaded shared library C:\Program Files\JetBrains\IntelliJIdea2024.2\jbr\bin\extnet.dll
Event: 1.626 Thread 0x000001b0601afbe0 Thread added: 0x000001b07ebb27f0
Event: 1.695 Thread 0x000001b0601afbe0 Thread added: 0x000001b07ebbbc60
Event: 1.733 Loaded shared library C:\Program Files\JetBrains\IntelliJIdea2024.2\jbr\bin\sunmscapi.dll
Event: 1.750 Thread 0x000001b07ebb27f0 Thread added: 0x000001b07e1fb310
Event: 1.752 Thread 0x000001b07e1fb310 Thread added: 0x000001b07e7f6b80
Event: 1.806 Thread 0x000001b07e1fb310 Thread added: 0x000001b07e2f1d10
Event: 1.810 Thread 0x000001b07e1fb310 Thread added: 0x000001b07d4def50
Event: 1.816 Thread 0x000001b07d4def50 Thread added: 0x000001b07e51bd20
Event: 1.820 Thread 0x000001b07d4def50 Thread added: 0x000001b07e51b000
Event: 1.821 Thread 0x000001b07d4def50 Thread added: 0x000001b07e51d0d0
Event: 2.049 Thread 0x000001b07d4def50 Thread added: 0x000001b07e51ca40
Event: 2.052 Thread 0x000001b07d4def50 Thread added: 0x000001b07e51c3b0
Event: 2.072 Thread 0x000001b07d4def50 Thread added: 0x000001b07e51ddf0


Dynamic libraries:
0x00007ff7a41f0000 - 0x00007ff7a41fa000 	C:\Program Files\JetBrains\IntelliJIdea2024.2\jbr\bin\java.exe
0x00007ffba10f0000 - 0x00007ffba12e8000 	C:\Windows\SYSTEM32\ntdll.dll
0x00007ffb9f490000 - 0x00007ffb9f552000 	C:\Windows\System32\KERNEL32.DLL
0x00007ffb9eb10000 - 0x00007ffb9ee0e000 	C:\Windows\System32\KERNELBASE.dll
0x00007ffb9e8f0000 - 0x00007ffb9e9f0000 	C:\Windows\System32\ucrtbase.dll
0x00007ffb8e5e0000 - 0x00007ffb8e5f8000 	C:\Program Files\JetBrains\IntelliJIdea2024.2\jbr\bin\jli.dll
0x00007ffb9b550000 - 0x00007ffb9b56b000 	C:\Program Files\JetBrains\IntelliJIdea2024.2\jbr\bin\VCRUNTIME140.dll
0x00007ffba0bf0000 - 0x00007ffba0d8d000 	C:\Windows\System32\USER32.dll
0x00007ffb8ece0000 - 0x00007ffb8ef7a000 	C:\Windows\WinSxS\amd64_microsoft.windows.common-controls_6595b64144ccf1df_6.0.19041.4355_none_60b8b9eb71f62e16\COMCTL32.dll
0x00007ffb9e820000 - 0x00007ffb9e842000 	C:\Windows\System32\win32u.dll
0x00007ffba0b50000 - 0x00007ffba0bee000 	C:\Windows\System32\msvcrt.dll
0x00007ffba0950000 - 0x00007ffba097b000 	C:\Windows\System32\GDI32.dll
0x00007ffb9e9f0000 - 0x00007ffb9eb07000 	C:\Windows\System32\gdi32full.dll
0x00007ffb9e850000 - 0x00007ffb9e8ed000 	C:\Windows\System32\msvcp_win.dll
0x00007ffba0e50000 - 0x00007ffba0e7f000 	C:\Windows\System32\IMM32.DLL
0x00007ffb9b5a0000 - 0x00007ffb9b5ac000 	C:\Program Files\JetBrains\IntelliJIdea2024.2\jbr\bin\vcruntime140_1.dll
0x00007ffb819e0000 - 0x00007ffb81a6d000 	C:\Program Files\JetBrains\IntelliJIdea2024.2\jbr\bin\msvcp140.dll
0x00007ffb77f80000 - 0x00007ffb78d37000 	C:\Program Files\JetBrains\IntelliJIdea2024.2\jbr\bin\server\jvm.dll
0x00007ffba0f90000 - 0x00007ffba1041000 	C:\Windows\System32\ADVAPI32.dll
0x00007ffba0ef0000 - 0x00007ffba0f8f000 	C:\Windows\System32\sechost.dll
0x00007ffb9f1f0000 - 0x00007ffb9f313000 	C:\Windows\System32\RPCRT4.dll
0x00007ffb9ee10000 - 0x00007ffb9ee37000 	C:\Windows\System32\bcrypt.dll
0x00007ffba08e0000 - 0x00007ffba094b000 	C:\Windows\System32\WS2_32.dll
0x00007ffb9e5f0000 - 0x00007ffb9e63b000 	C:\Windows\SYSTEM32\POWRPROF.dll
0x00007ffb8da70000 - 0x00007ffb8da97000 	C:\Windows\SYSTEM32\WINMM.dll
0x00007ffb9c510000 - 0x00007ffb9c51a000 	C:\Windows\SYSTEM32\VERSION.dll
0x00007ffb9e5d0000 - 0x00007ffb9e5e2000 	C:\Windows\SYSTEM32\UMPDC.dll
0x00007ffb9c7f0000 - 0x00007ffb9c802000 	C:\Windows\SYSTEM32\kernel.appcore.dll
0x00007ffb9b590000 - 0x00007ffb9b59a000 	C:\Program Files\JetBrains\IntelliJIdea2024.2\jbr\bin\jimage.dll
0x00007ffb8f070000 - 0x00007ffb8f254000 	C:\Windows\SYSTEM32\DBGHELP.DLL
0x00007ffb8f030000 - 0x00007ffb8f064000 	C:\Windows\SYSTEM32\dbgcore.DLL
0x00007ffb9e790000 - 0x00007ffb9e812000 	C:\Windows\System32\bcryptPrimitives.dll
0x00007ffb9a1b0000 - 0x00007ffb9a1be000 	C:\Program Files\JetBrains\IntelliJIdea2024.2\jbr\bin\instrument.dll
0x00007ffb91d80000 - 0x00007ffb91d9f000 	C:\Program Files\JetBrains\IntelliJIdea2024.2\jbr\bin\java.dll
0x00007ffb8e050000 - 0x00007ffb8e068000 	C:\Program Files\JetBrains\IntelliJIdea2024.2\jbr\bin\zip.dll
0x00007ffba0170000 - 0x00007ffba08dd000 	C:\Windows\System32\SHELL32.dll
0x00007ffb9c810000 - 0x00007ffb9cfb4000 	C:\Windows\SYSTEM32\windows.storage.dll
0x00007ffb9f560000 - 0x00007ffb9f8b3000 	C:\Windows\System32\combase.dll
0x00007ffb9e150000 - 0x00007ffb9e17e000 	C:\Windows\SYSTEM32\Wldp.dll
0x00007ffb9f320000 - 0x00007ffb9f3ed000 	C:\Windows\System32\OLEAUT32.dll
0x00007ffb9f8c0000 - 0x00007ffb9f96d000 	C:\Windows\System32\SHCORE.dll
0x00007ffba1050000 - 0x00007ffba10a5000 	C:\Windows\System32\shlwapi.dll
0x00007ffb9e6c0000 - 0x00007ffb9e6e4000 	C:\Windows\SYSTEM32\profapi.dll
0x00007ffb9a1a0000 - 0x00007ffb9a1b0000 	C:\Program Files\JetBrains\IntelliJIdea2024.2\jbr\bin\net.dll
0x00007ffb97340000 - 0x00007ffb9744d000 	C:\Windows\SYSTEM32\WINHTTP.dll
0x00007ffb9deb0000 - 0x00007ffb9df1a000 	C:\Windows\system32\mswsock.dll
0x00007ffb8e030000 - 0x00007ffb8e046000 	C:\Program Files\JetBrains\IntelliJIdea2024.2\jbr\bin\nio.dll
0x00007ffb8dfb0000 - 0x00007ffb8dfc0000 	C:\Program Files\JetBrains\IntelliJIdea2024.2\jbr\bin\verify.dll
0x00007ffb990b0000 - 0x00007ffb990d7000 	C:\Users\ROMA_W\Downloads\gradle-8.12-bin\native\c067742578af261105cb4f569cf0c3c89f3d7b1fecec35dd04571415982c5e48\windows-amd64\native-platform.dll
0x00007ffb7e360000 - 0x00007ffb7e4a4000 	C:\Users\ROMA_W\Downloads\gradle-8.12-bin\native\38dada09dfb8b06ba9b0570ebf7e218e3eb74d4ef43ca46872605cf95ebc2f47\windows-amd64\native-platform-file-events.dll
0x00007ffb8e420000 - 0x00007ffb8e429000 	C:\Program Files\JetBrains\IntelliJIdea2024.2\jbr\bin\management.dll
0x00007ffb8e020000 - 0x00007ffb8e02b000 	C:\Program Files\JetBrains\IntelliJIdea2024.2\jbr\bin\management_ext.dll
0x00007ffba0e80000 - 0x00007ffba0e88000 	C:\Windows\System32\PSAPI.DLL
0x00007ffb9e0a0000 - 0x00007ffb9e0b8000 	C:\Windows\SYSTEM32\CRYPTSP.dll
0x00007ffb9d770000 - 0x00007ffb9d7a4000 	C:\Windows\system32\rsaenh.dll
0x00007ffb9e640000 - 0x00007ffb9e66e000 	C:\Windows\SYSTEM32\USERENV.dll
0x00007ffb9e0c0000 - 0x00007ffb9e0cc000 	C:\Windows\SYSTEM32\CRYPTBASE.dll
0x00007ffb9db90000 - 0x00007ffb9dbcb000 	C:\Windows\SYSTEM32\IPHLPAPI.DLL
0x00007ffba0160000 - 0x00007ffba0168000 	C:\Windows\System32\NSI.dll
0x00007ffb8de50000 - 0x00007ffb8de59000 	C:\Program Files\JetBrains\IntelliJIdea2024.2\jbr\bin\extnet.dll
0x00007ffb8dfa0000 - 0x00007ffb8dfae000 	C:\Program Files\JetBrains\IntelliJIdea2024.2\jbr\bin\sunmscapi.dll
0x00007ffb9ee40000 - 0x00007ffb9ef9c000 	C:\Windows\System32\CRYPT32.dll
0x00007ffb9e1c0000 - 0x00007ffb9e1e7000 	C:\Windows\SYSTEM32\ncrypt.dll
0x00007ffb9e180000 - 0x00007ffb9e1bb000 	C:\Windows\SYSTEM32\NTASN1.dll
0x00007ffb8de60000 - 0x00007ffb8de67000 	C:\Windows\system32\wshunix.dll

dbghelp: loaded successfully - version: 4.0.5 - missing functions: none
symbol engine: initialized successfully - sym options: 0x614 - pdb path: .;C:\Program Files\JetBrains\IntelliJIdea2024.2\jbr\bin;C:\Windows\SYSTEM32;C:\Windows\WinSxS\amd64_microsoft.windows.common-controls_6595b64144ccf1df_6.0.19041.4355_none_60b8b9eb71f62e16;C:\Program Files\JetBrains\IntelliJIdea2024.2\jbr\bin\server;C:\Users\ROMA_W\Downloads\gradle-8.12-bin\native\c067742578af261105cb4f569cf0c3c89f3d7b1fecec35dd04571415982c5e48\windows-amd64;C:\Users\ROMA_W\Downloads\gradle-8.12-bin\native\38dada09dfb8b06ba9b0570ebf7e218e3eb74d4ef43ca46872605cf95ebc2f47\windows-amd64

VM Arguments:
jvm_args: -XX:MaxPermSize=1024m -XX:+HeapDumpOnOutOfMemoryError --add-opens=java.base/java.util=ALL-UNNAMED --add-opens=java.base/java.lang=ALL-UNNAMED --add-opens=java.base/java.lang.invoke=ALL-UNNAMED --add-opens=java.prefs/java.util.prefs=ALL-UNNAMED --add-opens=java.base/java.nio.charset=ALL-UNNAMED --add-opens=java.base/java.net=ALL-UNNAMED --add-opens=java.base/java.util.concurrent.atomic=ALL-UNNAMED -Xmx4096m -Dfile.encoding=UTF-8 -Duser.country=RU -Duser.language=ru -Duser.variant -javaagent:C:\Users\ROMA_W\Downloads\gradle-8.12-bin\wrapper\dists\gradle-8.7-bin\bhs2wmbdwecv87pi65oeuq5iu\gradle-8.7\lib\agents\gradle-instrumentation-agent-8.7.jar 
java_command: org.gradle.launcher.daemon.bootstrap.GradleDaemon 8.7
java_class_path (initial): C:\Users\ROMA_W\Downloads\gradle-8.12-bin\wrapper\dists\gradle-8.7-bin\bhs2wmbdwecv87pi65oeuq5iu\gradle-8.7\lib\gradle-launcher-8.7.jar
Launcher Type: SUN_STANDARD

[Global flags]
     intx CICompilerCount                          = 3                                         {product} {ergonomic}
     uint ConcGCThreads                            = 1                                         {product} {ergonomic}
     uint G1ConcRefinementThreads                  = 4                                         {product} {ergonomic}
   size_t G1HeapRegionSize                         = 2097152                                   {product} {ergonomic}
    uintx GCDrainStackTargetSize                   = 64                                        {product} {ergonomic}
     bool HeapDumpOnOutOfMemoryError               = true                                   {manageable} {command line}
   size_t InitialHeapSize                          = 85983232                                  {product} {ergonomic}
   size_t MarkStackSize                            = 4194304                                   {product} {ergonomic}
   size_t MaxHeapSize                              = 4294967296                                {product} {command line}
   size_t MaxNewSize                               = 2575302656                                {product} {ergonomic}
   size_t MinHeapDeltaBytes                        = 2097152                                   {product} {ergonomic}
   size_t MinHeapSize                              = 8388608                                   {product} {ergonomic}
    uintx NonNMethodCodeHeapSize                   = 5832780                                {pd product} {ergonomic}
    uintx NonProfiledCodeHeapSize                  = 122912730                              {pd product} {ergonomic}
    uintx ProfiledCodeHeapSize                     = 122912730                              {pd product} {ergonomic}
    uintx ReservedCodeCacheSize                    = 251658240                              {pd product} {ergonomic}
     bool SegmentedCodeCache                       = true                                      {product} {ergonomic}
   size_t SoftMaxHeapSize                          = 4294967296                             {manageable} {ergonomic}
     bool UseCompressedOops                        = true                           {product lp64_product} {ergonomic}
     bool UseG1GC                                  = true                                      {product} {ergonomic}
     bool UseLargePagesIndividualAllocation        = false                                  {pd product} {ergonomic}

Logging:
Log output configuration:
 #0: stdout all=warning uptime,level,tags foldmultilines=false
 #1: stderr all=off uptime,level,tags foldmultilines=false

Environment Variables:
PATH=C:\Program Files\Common Files\Oracle\Java\javapath;c:\Users\ROMA_W\AppData\Local\Programs\cursor\resources\app\bin;C:\Windows\system32;C:\Windows;C:\Windows\System32\Wbem;C:\Windows\System32\WindowsPowerShell\v1.0\;C:\Windows\System32\OpenSSH\;C:\Users\ROMA_W\AppData\Local\Microsoft\WindowsApps;c:\Users\ROMA_W\AppData\Local\Programs\cursor\resources\app\bin;c:\Users\ROMA_W\AppData\Local\Programs\cursor\resources\app\bin;C:\Program Files\Git\cmd;C:\Users\ROMA_W\AppData\Local\Microsoft\WindowsApps;
USERNAME=ROMA_W
OS=Windows_NT
PROCESSOR_IDENTIFIER=Intel64 Family 6 Model 154 Stepping 3, GenuineIntel
TMP=C:\Users\ROMA_W\AppData\Local\Temp
TEMP=C:\Users\ROMA_W\AppData\Local\Temp




Periodic native trim disabled

JNI global refs:
JNI global refs: 24, weak refs: 0

JNI global refs memory usage: 835, weak refs: 833

Process memory usage:
Resident Set Size: 199668K (3% of 5295668K total physical memory with 380336K free physical memory)

OOME stack traces (most recent first):
Classloader memory used:
Loader bootstrap                                                                       : 17890K
Loader org.gradle.internal.classloader.VisitableURLClassLoader                         : 11406K
Loader org.gradle.initialization.MixInLegacyTypesClassLoader                           : 1751K
Loader jdk.internal.loader.ClassLoaders$AppClassLoader                                 : 230K
Loader jdk.internal.loader.ClassLoaders$PlatformClassLoader                            : 178K
Loader jdk.internal.reflect.DelegatingClassLoader                                      : 34512B

Classes loaded by more than one classloader:
Class org.gradle.internal.classloader.FilteringClassLoader                            : loaded 2 times (x 101B)
Class org.gradle.internal.classloader.ClassLoaderHierarchy                            : loaded 2 times (x 66B)
Class org.gradle.api.internal.classpath.ManifestUtil                                  : loaded 2 times (x 67B)
Class org.gradle.internal.classloader.DefaultClassLoaderFactory                       : loaded 2 times (x 78B)
Class org.gradle.internal.classloader.ClassLoaderVisitor                              : loaded 2 times (x 72B)
Class org.gradle.api.internal.classpath.EffectiveClassPath                            : loaded 2 times (x 86B)
Class org.gradle.api.internal.DefaultClassPathProvider                                : loaded 2 times (x 72B)
Class [Lorg.gradle.api.internal.ClassPathProvider;                                    : loaded 2 times (x 65B)
Class org.gradle.api.internal.ClassPathProvider                                       : loaded 2 times (x 66B)
Class org.gradle.internal.service.UnknownServiceException                             : loaded 2 times (x 79B)
Class org.gradle.internal.classpath.TransformedClassPath                              : loaded 2 times (x 92B)
Class org.gradle.internal.service.ServiceLocator                                      : loaded 2 times (x 66B)
Class org.gradle.internal.InternalTransformer                                         : loaded 2 times (x 66B)
Class org.gradle.internal.classloader.ClasspathUtil$1                                 : loaded 2 times (x 72B)
Class org.gradle.api.internal.classpath.DefaultModuleRegistry$DefaultModule           : loaded 2 times (x 82B)
Class org.gradle.api.internal.classpath.Module                                        : loaded 2 times (x 66B)
Class org.gradle.api.internal.classpath.UnknownModuleException                        : loaded 2 times (x 78B)
Class org.gradle.cache.GlobalCache                                                    : loaded 2 times (x 66B)
Class org.gradle.api.internal.DefaultClassPathRegistry                                : loaded 2 times (x 72B)
Class org.gradle.api.internal.ClassPathRegistry                                       : loaded 2 times (x 66B)
Class org.gradle.internal.classpath.DefaultClassPath$ImmutableUniqueList              : loaded 2 times (x 195B)
Class org.gradle.internal.classpath.ClassPath                                         : loaded 2 times (x 66B)
Class org.gradle.api.UncheckedIOException                                             : loaded 2 times (x 78B)
Class org.gradle.internal.installation.GradleInstallation$1                           : loaded 2 times (x 71B)
Class org.gradle.api.internal.classpath.ModuleRegistry                                : loaded 2 times (x 66B)
Class org.gradle.api.internal.classpath.DefaultModuleRegistry                         : loaded 2 times (x 82B)
Class org.gradle.internal.service.ServiceLookupException                              : loaded 2 times (x 78B)
Class org.gradle.internal.classloader.ClassLoaderFactory                              : loaded 2 times (x 66B)
Class org.gradle.internal.service.CachingServiceLocator                               : loaded 2 times (x 78B)
Class org.gradle.internal.classloader.ClasspathUtil                                   : loaded 2 times (x 67B)
Class org.gradle.api.specs.Spec                                                       : loaded 2 times (x 66B)
Class org.gradle.internal.classloader.VisitableURLClassLoader$InstrumentingVisitableURLClassLoader: loaded 2 times (x 119B)
Class org.gradle.internal.classloader.VisitableURLClassLoader$Spec                    : loaded 2 times (x 70B)
Class org.gradle.internal.classpath.DefaultClassPath                                  : loaded 2 times (x 86B)
Class org.gradle.internal.classloader.ClassLoaderSpec                                 : loaded 2 times (x 67B)
Class org.gradle.internal.classloader.VisitableURLClassLoader                         : loaded 2 times (x 113B)
Class org.gradle.internal.Cast                                                        : loaded 2 times (x 67B)
Class org.gradle.api.Action                                                           : loaded 2 times (x 66B)
Class org.gradle.internal.agents.InstrumentingClassLoader                             : loaded 2 times (x 66B)
Class org.gradle.internal.classpath.DefaultClassPath$ImmutableUniqueList$Builder      : loaded 2 times (x 71B)
Class org.gradle.api.GradleException                                                  : loaded 2 times (x 78B)
Class org.gradle.internal.IoActions                                                   : loaded 2 times (x 67B)
Class org.gradle.internal.classloader.SystemClassLoaderSpec                           : loaded 2 times (x 67B)
Class org.gradle.internal.installation.CurrentGradleInstallationLocator               : loaded 2 times (x 67B)
Class org.gradle.internal.service.DefaultServiceLocator                               : loaded 2 times (x 79B)
Class org.gradle.internal.installation.CurrentGradleInstallation                      : loaded 2 times (x 69B)
Class org.gradle.util.internal.GUtil                                                  : loaded 2 times (x 67B)
Class org.gradle.internal.installation.GradleInstallation                             : loaded 2 times (x 71B)

---------------  S Y S T E M  ---------------

OS:
 Windows 10 , 64 bit Build 19041 (10.0.19041.5072)
OS uptime: 0 days 18:07 hours

CPU: total 4 (initial active 4) (4 cores per cpu, 1 threads per core) family 6 model 154 stepping 3 microcode 0x0, cx8, cmov, fxsr, mmx, 3dnowpref, sse, sse2, sse3, ssse3, sse4.1, sse4.2, popcnt, lzcnt, tsc, tscinvbit, avx, avx2, aes, clmul, vzeroupper, clflush, clflushopt, hv, rdtscp
Processor Information for all 4 processors :
  Max Mhz: 2688, Current Mhz: 2688, Mhz Limit: 2688

Memory: 4k page, system-wide physical 5171M (370M free)
TotalPageFile size 11472M (AvailPageFile size 12M)
current process WorkingSet (physical memory assigned to process): 195M, peak: 197M
current process commit charge ("private bytes"): 232M, peak: 249M

vm_info: OpenJDK 64-Bit Server VM (21.0.4+13-b509.26) for windows-amd64 JRE (21.0.4+13-b509.26), built on 2024-09-27 by "builduser" with MS VC++ 16.10 / 16.11 (VS2019)

END.
